  pch.cpp
  dllmain.cpp
  eca_soleil_zmi4104c.cpp
C:\Users\guekam\source\repos\ECA_ZMI4104_Project\ECA_ZMI4104C_main\eca_soleil_zmi4104_lib\eca_soleil_zmi4104c.cpp(4,47): warning C4273: 'modifyBaseAddress': inconsistent dll linkage
C:\Users\guekam\source\repos\ECA_ZMI4104_Project\ECA_ZMI4104C_main\eca_soleil_zmi4104_lib\eca_soleil_zmi4104c.h(172,32): message : see previous definition of 'modifyBaseAddress'
C:\Users\guekam\source\repos\ECA_ZMI4104_Project\ECA_ZMI4104C_main\eca_soleil_zmi4104_lib\eca_soleil_zmi4104c.cpp(11,1): warning C4273: 'CreateEvents': inconsistent dll linkage
C:\Users\guekam\source\repos\ECA_ZMI4104_Project\ECA_ZMI4104C_main\eca_soleil_zmi4104_lib\eca_soleil_zmi4104c.h(173,32): message : see previous definition of 'CreateEvents'
C:\Users\guekam\source\repos\ECA_ZMI4104_Project\ECA_ZMI4104C_main\eca_soleil_zmi4104_lib\eca_soleil_zmi4104c.cpp(45,1): warning C4273: 'CreateThreads': inconsistent dll linkage
C:\Users\guekam\source\repos\ECA_ZMI4104_Project\ECA_ZMI4104C_main\eca_soleil_zmi4104_lib\eca_soleil_zmi4104c.h(174,32): message : see previous definition of 'CreateThreads'
C:\Users\guekam\source\repos\ECA_ZMI4104_Project\ECA_ZMI4104C_main\eca_soleil_zmi4104_lib\eca_soleil_zmi4104c.cpp(131,1): warning C4273: 'CloseThreads': inconsistent dll linkage
C:\Users\guekam\source\repos\ECA_ZMI4104_Project\ECA_ZMI4104C_main\eca_soleil_zmi4104_lib\eca_soleil_zmi4104c.h(175,32): message : see previous definition of 'CloseThreads'
C:\Users\guekam\source\repos\ECA_ZMI4104_Project\ECA_ZMI4104C_main\eca_soleil_zmi4104_lib\eca_soleil_zmi4104c.cpp(424,100): warning C4273: 'configureCEChardware': inconsistent dll linkage
C:\Users\guekam\source\repos\ECA_ZMI4104_Project\ECA_ZMI4104C_main\eca_soleil_zmi4104_lib\eca_soleil_zmi4104c.h(179,31): message : see previous definition of 'configureCEChardware'
C:\Users\guekam\source\repos\ECA_ZMI4104_Project\ECA_ZMI4104C_main\eca_soleil_zmi4104_lib\eca_soleil_zmi4104c.cpp(467,89): warning C4273: 'readCEerrorStatReg': inconsistent dll linkage
C:\Users\guekam\source\repos\ECA_ZMI4104_Project\ECA_ZMI4104C_main\eca_soleil_zmi4104_lib\eca_soleil_zmi4104c.h(180,31): message : see previous definition of 'readCEerrorStatReg'
C:\Users\guekam\source\repos\ECA_ZMI4104_Project\ECA_ZMI4104C_main\eca_soleil_zmi4104_lib\eca_soleil_zmi4104c.cpp(635,1): warning C4273: 'AckForSis3100VME_Irq': inconsistent dll linkage
C:\Users\guekam\source\repos\ECA_ZMI4104_Project\ECA_ZMI4104C_main\eca_soleil_zmi4104_lib\eca_soleil_zmi4104c.h(261,31): message : see previous definition of 'AckForSis3100VME_Irq'
C:\Users\guekam\source\repos\ECA_ZMI4104_Project\ECA_ZMI4104C_main\eca_soleil_zmi4104_lib\eca_soleil_zmi4104c.cpp(683,42): warning C4273: 'EnableSinglePassInterferometer': inconsistent dll linkage
C:\Users\guekam\source\repos\ECA_ZMI4104_Project\ECA_ZMI4104C_main\eca_soleil_zmi4104_lib\eca_soleil_zmi4104c.h(224,31): message : see previous definition of 'EnableSinglePassInterferometer'
C:\Users\guekam\source\repos\ECA_ZMI4104_Project\ECA_ZMI4104C_main\eca_soleil_zmi4104_lib\eca_soleil_zmi4104c.cpp(690,42): warning C4273: 'EnableDoublePassInterferometer': inconsistent dll linkage
C:\Users\guekam\source\repos\ECA_ZMI4104_Project\ECA_ZMI4104C_main\eca_soleil_zmi4104_lib\eca_soleil_zmi4104c.h(225,31): message : see previous definition of 'EnableDoublePassInterferometer'
C:\Users\guekam\source\repos\ECA_ZMI4104_Project\ECA_ZMI4104C_main\eca_soleil_zmi4104_lib\eca_soleil_zmi4104c.cpp(699,63): warning C4273: 'InitAxis': inconsistent dll linkage
C:\Users\guekam\source\repos\ECA_ZMI4104_Project\ECA_ZMI4104C_main\eca_soleil_zmi4104_lib\eca_soleil_zmi4104c.h(187,31): message : see previous definition of 'InitAxis'
C:\Users\guekam\source\repos\ECA_ZMI4104_Project\ECA_ZMI4104C_main\eca_soleil_zmi4104_lib\eca_soleil_zmi4104c.cpp(734,77): warning C4273: 'DisableAllVMEInterrupts': inconsistent dll linkage
C:\Users\guekam\source\repos\ECA_ZMI4104_Project\ECA_ZMI4104C_main\eca_soleil_zmi4104_lib\eca_soleil_zmi4104c.h(251,31): message : see previous definition of 'DisableAllVMEInterrupts'
C:\Users\guekam\source\repos\ECA_ZMI4104_Project\ECA_ZMI4104C_main\eca_soleil_zmi4104_lib\eca_soleil_zmi4104c.cpp(756,76): warning C4273: 'EnableAllVMEInterrupts': inconsistent dll linkage
C:\Users\guekam\source\repos\ECA_ZMI4104_Project\ECA_ZMI4104C_main\eca_soleil_zmi4104_lib\eca_soleil_zmi4104c.h(256,31): message : see previous definition of 'EnableAllVMEInterrupts'
C:\Users\guekam\source\repos\ECA_ZMI4104_Project\ECA_ZMI4104C_main\eca_soleil_zmi4104_lib\eca_soleil_zmi4104c.cpp(779,78): warning C4273: 'EnableVMEGlobalInterrupt': inconsistent dll linkage
C:\Users\guekam\source\repos\ECA_ZMI4104_Project\ECA_ZMI4104C_main\eca_soleil_zmi4104_lib\eca_soleil_zmi4104c.h(249,31): message : see previous definition of 'EnableVMEGlobalInterrupt'
C:\Users\guekam\source\repos\ECA_ZMI4104_Project\ECA_ZMI4104C_main\eca_soleil_zmi4104_lib\eca_soleil_zmi4104c.cpp(796,92): warning C4273: 'processRAMData': inconsistent dll linkage
C:\Users\guekam\source\repos\ECA_ZMI4104_Project\ECA_ZMI4104C_main\eca_soleil_zmi4104_lib\eca_soleil_zmi4104c.h(264,31): message : see previous definition of 'processRAMData'
C:\Users\guekam\source\repos\ECA_ZMI4104_Project\ECA_ZMI4104C_main\eca_soleil_zmi4104_lib\eca_soleil_zmi4104c.cpp(883,80): warning C4273: 'processFifoData': inconsistent dll linkage
C:\Users\guekam\source\repos\ECA_ZMI4104_Project\ECA_ZMI4104C_main\eca_soleil_zmi4104_lib\eca_soleil_zmi4104c.h(265,31): message : see previous definition of 'processFifoData'
C:\Users\guekam\source\repos\ECA_ZMI4104_Project\ECA_ZMI4104C_main\eca_soleil_zmi4104_lib\eca_soleil_zmi4104c.cpp(941,125): warning C4273: 'configureFifoFlyscan': inconsistent dll linkage
C:\Users\guekam\source\repos\ECA_ZMI4104_Project\ECA_ZMI4104C_main\eca_soleil_zmi4104_lib\eca_soleil_zmi4104c.h(266,31): message : see previous definition of 'configureFifoFlyscan'
C:\Users\guekam\source\repos\ECA_ZMI4104_Project\ECA_ZMI4104C_main\eca_soleil_zmi4104_lib\eca_soleil_zmi4104c.cpp(1003,102): warning C4273: 'fifoFlyscan': inconsistent dll linkage
C:\Users\guekam\source\repos\ECA_ZMI4104_Project\ECA_ZMI4104C_main\eca_soleil_zmi4104_lib\eca_soleil_zmi4104c.h(267,31): message : see previous definition of 'fifoFlyscan'
C:\Users\guekam\source\repos\ECA_ZMI4104_Project\ECA_ZMI4104C_main\eca_soleil_zmi4104_lib\eca_soleil_zmi4104c.cpp(1042,70): warning C4273: 'isFifoDavbitSet': inconsistent dll linkage
C:\Users\guekam\source\repos\ECA_ZMI4104_Project\ECA_ZMI4104C_main\eca_soleil_zmi4104_lib\eca_soleil_zmi4104c.h(268,32): message : see previous definition of 'isFifoDavbitSet'
C:\Users\guekam\source\repos\ECA_ZMI4104_Project\ECA_ZMI4104C_main\eca_soleil_zmi4104_lib\eca_soleil_zmi4104c.cpp(1053,70): warning C4273: 'isFifoOVFbitSet': inconsistent dll linkage
C:\Users\guekam\source\repos\ECA_ZMI4104_Project\ECA_ZMI4104C_main\eca_soleil_zmi4104_lib\eca_soleil_zmi4104c.h(269,32): message : see previous definition of 'isFifoOVFbitSet'
C:\Users\guekam\source\repos\ECA_ZMI4104_Project\ECA_ZMI4104C_main\eca_soleil_zmi4104_lib\eca_soleil_zmi4104c.cpp(1082,101): warning C4273: 'configureFlyscan': inconsistent dll linkage
C:\Users\guekam\source\repos\ECA_ZMI4104_Project\ECA_ZMI4104C_main\eca_soleil_zmi4104_lib\eca_soleil_zmi4104c.h(270,31): message : see previous definition of 'configureFlyscan'
C:\Users\guekam\source\repos\ECA_ZMI4104_Project\ECA_ZMI4104C_main\eca_soleil_zmi4104_lib\eca_soleil_zmi4104c.cpp(1152,72): warning C4273: 'startAquisition': inconsistent dll linkage
C:\Users\guekam\source\repos\ECA_ZMI4104_Project\ECA_ZMI4104C_main\eca_soleil_zmi4104_lib\eca_soleil_zmi4104c.h(218,31): message : see previous definition of 'startAquisition'
C:\Users\guekam\source\repos\ECA_ZMI4104_Project\ECA_ZMI4104C_main\eca_soleil_zmi4104_lib\eca_soleil_zmi4104c.cpp(1174,71): warning C4273: 'stopAquisition': inconsistent dll linkage
C:\Users\guekam\source\repos\ECA_ZMI4104_Project\ECA_ZMI4104C_main\eca_soleil_zmi4104_lib\eca_soleil_zmi4104c.h(219,31): message : see previous definition of 'stopAquisition'
C:\Users\guekam\source\repos\ECA_ZMI4104_Project\ECA_ZMI4104C_main\eca_soleil_zmi4104_lib\eca_soleil_zmi4104c.cpp(1203,39): warning C4273: 'allocateMemSpace': inconsistent dll linkage
C:\Users\guekam\source\repos\ECA_ZMI4104_Project\ECA_ZMI4104C_main\eca_soleil_zmi4104_lib\eca_soleil_zmi4104c.h(263,33): message : see previous definition of 'allocateMemSpace'
C:\Users\guekam\source\repos\ECA_ZMI4104_Project\ECA_ZMI4104C_main\eca_soleil_zmi4104_lib\eca_soleil_zmi4104c.cpp(1285,122): warning C4273: 'getFlyscanData': inconsistent dll linkage
C:\Users\guekam\source\repos\ECA_ZMI4104_Project\ECA_ZMI4104C_main\eca_soleil_zmi4104_lib\eca_soleil_zmi4104c.h(262,31): message : see previous definition of 'getFlyscanData'
C:\Users\guekam\source\repos\ECA_ZMI4104_Project\ECA_ZMI4104C_main\eca_soleil_zmi4104_lib\eca_soleil_zmi4104c.cpp(1387,44): warning C4273: 'isRAMbusy': inconsistent dll linkage
C:\Users\guekam\source\repos\ECA_ZMI4104_Project\ECA_ZMI4104C_main\eca_soleil_zmi4104_lib\eca_soleil_zmi4104c.h(239,32): message : see previous definition of 'isRAMbusy'
C:\Users\guekam\source\repos\ECA_ZMI4104_Project\ECA_ZMI4104C_main\eca_soleil_zmi4104_lib\eca_soleil_zmi4104c.cpp(1419,92): warning C4273: 'setVMEIntVector': inconsistent dll linkage
C:\Users\guekam\source\repos\ECA_ZMI4104_Project\ECA_ZMI4104C_main\eca_soleil_zmi4104_lib\eca_soleil_zmi4104c.h(258,31): message : see previous definition of 'setVMEIntVector'
C:\Users\guekam\source\repos\ECA_ZMI4104_Project\ECA_ZMI4104C_main\eca_soleil_zmi4104_lib\eca_soleil_zmi4104c.cpp(1444,59): warning C4273: 'checkValues': inconsistent dll linkage
C:\Users\guekam\source\repos\ECA_ZMI4104_Project\ECA_ZMI4104C_main\eca_soleil_zmi4104_lib\eca_soleil_zmi4104c.h(237,31): message : see previous definition of 'checkValues'
C:\Users\guekam\source\repos\ECA_ZMI4104_Project\ECA_ZMI4104C_main\eca_soleil_zmi4104_lib\eca_soleil_zmi4104c.cpp(1465,92): warning C4273: 'setVMEIntLevel': inconsistent dll linkage
C:\Users\guekam\source\repos\ECA_ZMI4104_Project\ECA_ZMI4104C_main\eca_soleil_zmi4104_lib\eca_soleil_zmi4104c.h(259,31): message : see previous definition of 'setVMEIntLevel'
C:\Users\guekam\source\repos\ECA_ZMI4104_Project\ECA_ZMI4104C_main\eca_soleil_zmi4104_lib\eca_soleil_zmi4104c.cpp(1488,76): warning C4273: 'DisableGlobalInterrupt': inconsistent dll linkage
C:\Users\guekam\source\repos\ECA_ZMI4104_Project\ECA_ZMI4104C_main\eca_soleil_zmi4104_lib\eca_soleil_zmi4104c.h(250,31): message : see previous definition of 'DisableGlobalInterrupt'
C:\Users\guekam\source\repos\ECA_ZMI4104_Project\ECA_ZMI4104C_main\eca_soleil_zmi4104_lib\eca_soleil_zmi4104c.cpp(1511,102): warning C4273: 'EnableVMEInterrupt_bit': inconsistent dll linkage
C:\Users\guekam\source\repos\ECA_ZMI4104_Project\ECA_ZMI4104C_main\eca_soleil_zmi4104_lib\eca_soleil_zmi4104c.h(247,31): message : see previous definition of 'EnableVMEInterrupt_bit'
C:\Users\guekam\source\repos\ECA_ZMI4104_Project\ECA_ZMI4104C_main\eca_soleil_zmi4104_lib\eca_soleil_zmi4104c.cpp(1811,103): warning C4273: 'DisableVMEInterrupt_bit': inconsistent dll linkage
C:\Users\guekam\source\repos\ECA_ZMI4104_Project\ECA_ZMI4104C_main\eca_soleil_zmi4104_lib\eca_soleil_zmi4104c.h(248,31): message : see previous definition of 'DisableVMEInterrupt_bit'
C:\Users\guekam\source\repos\ECA_ZMI4104_Project\ECA_ZMI4104C_main\eca_soleil_zmi4104_lib\eca_soleil_zmi4104c.cpp(2031,63): warning C4273: 'ResetAxis': inconsistent dll linkage
C:\Users\guekam\source\repos\ECA_ZMI4104_Project\ECA_ZMI4104C_main\eca_soleil_zmi4104_lib\eca_soleil_zmi4104c.h(242,31): message : see previous definition of 'ResetAxis'
C:\Users\guekam\source\repos\ECA_ZMI4104_Project\ECA_ZMI4104C_main\eca_soleil_zmi4104_lib\eca_soleil_zmi4104c.cpp(2056,71): warning C4273: 'WaitResetComplete': inconsistent dll linkage
C:\Users\guekam\source\repos\ECA_ZMI4104_Project\ECA_ZMI4104C_main\eca_soleil_zmi4104_lib\eca_soleil_zmi4104c.h(243,31): message : see previous definition of 'WaitResetComplete'
C:\Users\guekam\source\repos\ECA_ZMI4104_Project\ECA_ZMI4104C_main\eca_soleil_zmi4104_lib\eca_soleil_zmi4104c.cpp(2082,49): warning C4273: 'Init_SIS_boards': inconsistent dll linkage
C:\Users\guekam\source\repos\ECA_ZMI4104_Project\ECA_ZMI4104C_main\eca_soleil_zmi4104_lib\eca_soleil_zmi4104c.h(188,31): message : see previous definition of 'Init_SIS_boards'
C:\Users\guekam\source\repos\ECA_ZMI4104_Project\ECA_ZMI4104C_main\eca_soleil_zmi4104_lib\eca_soleil_zmi4104c.cpp(2221,45): warning C4273: 'Init_ZMI_bd': inconsistent dll linkage
C:\Users\guekam\source\repos\ECA_ZMI4104_Project\ECA_ZMI4104C_main\eca_soleil_zmi4104_lib\eca_soleil_zmi4104c.h(189,31): message : see previous definition of 'Init_ZMI_bd'
C:\Users\guekam\source\repos\ECA_ZMI4104_Project\ECA_ZMI4104C_main\eca_soleil_zmi4104_lib\eca_soleil_zmi4104c.cpp(2444,97): warning C4273: 'SetPositionOffset32': inconsistent dll linkage
C:\Users\guekam\source\repos\ECA_ZMI4104_Project\ECA_ZMI4104C_main\eca_soleil_zmi4104_lib\eca_soleil_zmi4104c.h(244,31): message : see previous definition of 'SetPositionOffset32'
C:\Users\guekam\source\repos\ECA_ZMI4104_Project\ECA_ZMI4104C_main\eca_soleil_zmi4104_lib\eca_soleil_zmi4104c.cpp(2463,75): warning C4273: 'EnableCECcompensation': inconsistent dll linkage
C:\Users\guekam\source\repos\ECA_ZMI4104_Project\ECA_ZMI4104C_main\eca_soleil_zmi4104_lib\eca_soleil_zmi4104c.h(245,31): message : see previous definition of 'EnableCECcompensation'
C:\Users\guekam\source\repos\ECA_ZMI4104_Project\ECA_ZMI4104C_main\eca_soleil_zmi4104_lib\eca_soleil_zmi4104c.cpp(2582,73): warning C4273: 'waitCEinit2Complete': inconsistent dll linkage
C:\Users\guekam\source\repos\ECA_ZMI4104_Project\ECA_ZMI4104C_main\eca_soleil_zmi4104_lib\eca_soleil_zmi4104c.h(273,31): message : see previous definition of 'waitCEinit2Complete'
C:\Users\guekam\source\repos\ECA_ZMI4104_Project\ECA_ZMI4104C_main\eca_soleil_zmi4104_lib\eca_soleil_zmi4104c.cpp(2619,93): warning C4273: 'SetCEMaxVel': inconsistent dll linkage
C:\Users\guekam\source\repos\ECA_ZMI4104_Project\ECA_ZMI4104C_main\eca_soleil_zmi4104_lib\eca_soleil_zmi4104c.h(274,31): message : see previous definition of 'SetCEMaxVel'
C:\Users\guekam\source\repos\ECA_ZMI4104_Project\ECA_ZMI4104C_main\eca_soleil_zmi4104_lib\eca_soleil_zmi4104c.cpp(2645,93): warning C4273: 'SetCEMinVel': inconsistent dll linkage
C:\Users\guekam\source\repos\ECA_ZMI4104_Project\ECA_ZMI4104C_main\eca_soleil_zmi4104_lib\eca_soleil_zmi4104c.h(275,31): message : see previous definition of 'SetCEMinVel'
C:\Users\guekam\source\repos\ECA_ZMI4104_Project\ECA_ZMI4104C_main\eca_soleil_zmi4104_lib\eca_soleil_zmi4104c.cpp(2669,94): warning C4273: 'readCalcCECoeffs': inconsistent dll linkage
C:\Users\guekam\source\repos\ECA_ZMI4104_Project\ECA_ZMI4104C_main\eca_soleil_zmi4104_lib\eca_soleil_zmi4104c.h(276,31): message : see previous definition of 'readCalcCECoeffs'
C:\Users\guekam\source\repos\ECA_ZMI4104_Project\ECA_ZMI4104C_main\eca_soleil_zmi4104_lib\eca_soleil_zmi4104c.cpp(2717,143): warning C4273: 'readCECoeffboundaries': inconsistent dll linkage
C:\Users\guekam\source\repos\ECA_ZMI4104_Project\ECA_ZMI4104C_main\eca_soleil_zmi4104_lib\eca_soleil_zmi4104c.h(277,31): message : see previous definition of 'readCECoeffboundaries'
C:\Users\guekam\source\repos\ECA_ZMI4104_Project\ECA_ZMI4104C_main\eca_soleil_zmi4104_lib\eca_soleil_zmi4104c.cpp(2770,110): warning C4273: 'calculateCEratio': inconsistent dll linkage
C:\Users\guekam\source\repos\ECA_ZMI4104_Project\ECA_ZMI4104C_main\eca_soleil_zmi4104_lib\eca_soleil_zmi4104c.h(178,31): message : see previous definition of 'calculateCEratio'
C:\Users\guekam\source\repos\ECA_ZMI4104_Project\ECA_ZMI4104C_main\eca_soleil_zmi4104_lib\eca_soleil_zmi4104c.cpp(2817,114): warning C4273: 'getAproximateCEratio': inconsistent dll linkage
C:\Users\guekam\source\repos\ECA_ZMI4104_Project\ECA_ZMI4104C_main\eca_soleil_zmi4104_lib\eca_soleil_zmi4104c.h(181,31): message : see previous definition of 'getAproximateCEratio'
C:\Users\guekam\source\repos\ECA_ZMI4104_Project\ECA_ZMI4104C_main\eca_soleil_zmi4104_lib\eca_soleil_zmi4104c.cpp(2987,51): warning C4273: 'convertCInt162Complex': inconsistent dll linkage
C:\Users\guekam\source\repos\ECA_ZMI4104_Project\ECA_ZMI4104C_main\eca_soleil_zmi4104_lib\eca_soleil_zmi4104c.h(271,31): message : see previous definition of 'convertCInt162Complex'
C:\Users\guekam\source\repos\ECA_ZMI4104_Project\ECA_ZMI4104C_main\eca_soleil_zmi4104_lib\eca_soleil_zmi4104c.cpp(3012,64): warning C4273: 'convertCFloat2Complex': inconsistent dll linkage
C:\Users\guekam\source\repos\ECA_ZMI4104_Project\ECA_ZMI4104C_main\eca_soleil_zmi4104_lib\eca_soleil_zmi4104c.h(272,31): message : see previous definition of 'convertCFloat2Complex'
C:\Users\guekam\source\repos\ECA_ZMI4104_Project\ECA_ZMI4104C_main\eca_soleil_zmi4104_lib\eca_soleil_zmi4104c.cpp(3053,59): warning C4273: 'convertFloat2Double': inconsistent dll linkage
C:\Users\guekam\source\repos\ECA_ZMI4104_Project\ECA_ZMI4104C_main\eca_soleil_zmi4104_lib\eca_soleil_zmi4104c.h(280,31): message : see previous definition of 'convertFloat2Double'
C:\Users\guekam\source\repos\ECA_ZMI4104_Project\ECA_ZMI4104C_main\eca_soleil_zmi4104_lib\eca_soleil_zmi4104c.cpp(3084,65): warning C4273: 'convertUSFloat2Double': inconsistent dll linkage
C:\Users\guekam\source\repos\ECA_ZMI4104_Project\ECA_ZMI4104C_main\eca_soleil_zmi4104_lib\eca_soleil_zmi4104c.h(177,31): message : see previous definition of 'convertUSFloat2Double'
C:\Users\guekam\source\repos\ECA_ZMI4104_Project\ECA_ZMI4104C_main\eca_soleil_zmi4104_lib\eca_soleil_zmi4104c.cpp(3133,79): warning C4273: 'Enable37bitsSignExtension': inconsistent dll linkage
C:\Users\guekam\source\repos\ECA_ZMI4104_Project\ECA_ZMI4104C_main\eca_soleil_zmi4104_lib\eca_soleil_zmi4104c.h(223,31): message : see previous definition of 'Enable37bitsSignExtension'
C:\Users\guekam\source\repos\ECA_ZMI4104_Project\ECA_ZMI4104C_main\eca_soleil_zmi4104_lib\eca_soleil_zmi4104c.cpp(3155,80): warning C4273: 'Disable37bitsSignExtension': inconsistent dll linkage
C:\Users\guekam\source\repos\ECA_ZMI4104_Project\ECA_ZMI4104C_main\eca_soleil_zmi4104_lib\eca_soleil_zmi4104c.h(209,31): message : see previous definition of 'Disable37bitsSignExtension'
C:\Users\guekam\source\repos\ECA_ZMI4104_Project\ECA_ZMI4104C_main\eca_soleil_zmi4104_lib\eca_soleil_zmi4104c.cpp(3178,107): warning C4273: 'SetKpAndKvCoeff': inconsistent dll linkage
C:\Users\guekam\source\repos\ECA_ZMI4104_Project\ECA_ZMI4104C_main\eca_soleil_zmi4104_lib\eca_soleil_zmi4104c.h(252,31): message : see previous definition of 'SetKpAndKvCoeff'
C:\Users\guekam\source\repos\ECA_ZMI4104_Project\ECA_ZMI4104C_main\eca_soleil_zmi4104_lib\eca_soleil_zmi4104c.cpp(3299,126): warning C4273: 'SetPositionOffset37': inconsistent dll linkage
C:\Users\guekam\source\repos\ECA_ZMI4104_Project\ECA_ZMI4104C_main\eca_soleil_zmi4104_lib\eca_soleil_zmi4104c.h(246,31): message : see previous definition of 'SetPositionOffset37'
C:\Users\guekam\source\repos\ECA_ZMI4104_Project\ECA_ZMI4104C_main\eca_soleil_zmi4104_lib\eca_soleil_zmi4104c.cpp(3360,65): warning C4273: 'ReadVMEErrs': inconsistent dll linkage
C:\Users\guekam\source\repos\ECA_ZMI4104_Project\ECA_ZMI4104C_main\eca_soleil_zmi4104_lib\eca_soleil_zmi4104c.h(186,31): message : see previous definition of 'ReadVMEErrs'
C:\Users\guekam\source\repos\ECA_ZMI4104_Project\ECA_ZMI4104C_main\eca_soleil_zmi4104_lib\eca_soleil_zmi4104c.cpp(3394,65): warning C4273: 'ReadAllErrs': inconsistent dll linkage
C:\Users\guekam\source\repos\ECA_ZMI4104_Project\ECA_ZMI4104C_main\eca_soleil_zmi4104_lib\eca_soleil_zmi4104c.h(254,31): message : see previous definition of 'ReadAllErrs'
C:\Users\guekam\source\repos\ECA_ZMI4104_Project\ECA_ZMI4104C_main\eca_soleil_zmi4104_lib\eca_soleil_zmi4104c.cpp(3429,93): warning C4273: 'BoardControlMode': inconsistent dll linkage
C:\Users\guekam\source\repos\ECA_ZMI4104_Project\ECA_ZMI4104C_main\eca_soleil_zmi4104_lib\eca_soleil_zmi4104c.h(233,31): message : see previous definition of 'BoardControlMode'
C:\Users\guekam\source\repos\ECA_ZMI4104_Project\ECA_ZMI4104C_main\eca_soleil_zmi4104_lib\eca_soleil_zmi4104c.cpp(3477,88): warning C4273: 'BiasControlMode': inconsistent dll linkage
C:\Users\guekam\source\repos\ECA_ZMI4104_Project\ECA_ZMI4104C_main\eca_soleil_zmi4104_lib\eca_soleil_zmi4104c.h(234,31): message : see previous definition of 'BiasControlMode'
C:\Users\guekam\source\repos\ECA_ZMI4104_Project\ECA_ZMI4104C_main\eca_soleil_zmi4104_lib\eca_soleil_zmi4104c.cpp(3503,74): warning C4273: 'StartBiasCalculation': inconsistent dll linkage
C:\Users\guekam\source\repos\ECA_ZMI4104_Project\ECA_ZMI4104C_main\eca_soleil_zmi4104_lib\eca_soleil_zmi4104c.h(235,31): message : see previous definition of 'StartBiasCalculation'
C:\Users\guekam\source\repos\ECA_ZMI4104_Project\ECA_ZMI4104C_main\eca_soleil_zmi4104_lib\eca_soleil_zmi4104c.cpp(3531,88): warning C4273: 'SetAPDGainL2': inconsistent dll linkage
C:\Users\guekam\source\repos\ECA_ZMI4104_Project\ECA_ZMI4104C_main\eca_soleil_zmi4104_lib\eca_soleil_zmi4104c.h(236,31): message : see previous definition of 'SetAPDGainL2'
C:\Users\guekam\source\repos\ECA_ZMI4104_Project\ECA_ZMI4104C_main\eca_soleil_zmi4104_lib\eca_soleil_zmi4104c.cpp(3554,94): warning C4273: 'SetAPDSigRMSL2': inconsistent dll linkage
C:\Users\guekam\source\repos\ECA_ZMI4104_Project\ECA_ZMI4104C_main\eca_soleil_zmi4104_lib\eca_soleil_zmi4104c.h(240,31): message : see previous definition of 'SetAPDSigRMSL2'
C:\Users\guekam\source\repos\ECA_ZMI4104_Project\ECA_ZMI4104C_main\eca_soleil_zmi4104_lib\eca_soleil_zmi4104c.cpp(3577,94): warning C4273: 'SetAPDOptPwrL2': inconsistent dll linkage
C:\Users\guekam\source\repos\ECA_ZMI4104_Project\ECA_ZMI4104C_main\eca_soleil_zmi4104_lib\eca_soleil_zmi4104c.h(241,31): message : see previous definition of 'SetAPDOptPwrL2'
C:\Users\guekam\source\repos\ECA_ZMI4104_Project\ECA_ZMI4104C_main\eca_soleil_zmi4104_lib\eca_soleil_zmi4104c.cpp(3622,108): warning C4273: 'ParseVMEErrorStatus2': inconsistent dll linkage
C:\Users\guekam\source\repos\ECA_ZMI4104_Project\ECA_ZMI4104C_main\eca_soleil_zmi4104_lib\eca_soleil_zmi4104c.h(228,31): message : see previous definition of 'ParseVMEErrorStatus2'
C:\Users\guekam\source\repos\ECA_ZMI4104_Project\ECA_ZMI4104C_main\eca_soleil_zmi4104_lib\eca_soleil_zmi4104c.cpp(3672,97): warning C4273: 'ParseVMEPosErrs': inconsistent dll linkage
C:\Users\guekam\source\repos\ECA_ZMI4104_Project\ECA_ZMI4104C_main\eca_soleil_zmi4104_lib\eca_soleil_zmi4104c.h(229,31): message : see previous definition of 'ParseVMEPosErrs'
C:\Users\guekam\source\repos\ECA_ZMI4104_Project\ECA_ZMI4104C_main\eca_soleil_zmi4104_lib\eca_soleil_zmi4104c.cpp(3698,108): warning C4273: 'ParseVMEErrorStatus1': inconsistent dll linkage
C:\Users\guekam\source\repos\ECA_ZMI4104_Project\ECA_ZMI4104C_main\eca_soleil_zmi4104_lib\eca_soleil_zmi4104c.h(230,31): message : see previous definition of 'ParseVMEErrorStatus1'
C:\Users\guekam\source\repos\ECA_ZMI4104_Project\ECA_ZMI4104C_main\eca_soleil_zmi4104_lib\eca_soleil_zmi4104c.cpp(3728,108): warning C4273: 'ParseVMEErrorStatus0': inconsistent dll linkage
C:\Users\guekam\source\repos\ECA_ZMI4104_Project\ECA_ZMI4104C_main\eca_soleil_zmi4104_lib\eca_soleil_zmi4104c.h(231,31): message : see previous definition of 'ParseVMEErrorStatus0'
C:\Users\guekam\source\repos\ECA_ZMI4104_Project\ECA_ZMI4104C_main\eca_soleil_zmi4104_lib\eca_soleil_zmi4104c.cpp(3781,95): warning C4273: 'ParseAPDErrCode': inconsistent dll linkage
C:\Users\guekam\source\repos\ECA_ZMI4104_Project\ECA_ZMI4104C_main\eca_soleil_zmi4104_lib\eca_soleil_zmi4104c.h(232,31): message : see previous definition of 'ParseAPDErrCode'
C:\Users\guekam\source\repos\ECA_ZMI4104_Project\ECA_ZMI4104C_main\eca_soleil_zmi4104_lib\eca_soleil_zmi4104c.cpp(3943,92): warning C4273: 'ReadSamplePosition37': inconsistent dll linkage
C:\Users\guekam\source\repos\ECA_ZMI4104_Project\ECA_ZMI4104C_main\eca_soleil_zmi4104_lib\eca_soleil_zmi4104c.h(190,31): message : see previous definition of 'ReadSamplePosition37'
C:\Users\guekam\source\repos\ECA_ZMI4104_Project\ECA_ZMI4104C_main\eca_soleil_zmi4104_lib\eca_soleil_zmi4104c.cpp(4022,92): warning C4273: 'ReadSamplePosition32': inconsistent dll linkage
C:\Users\guekam\source\repos\ECA_ZMI4104_Project\ECA_ZMI4104C_main\eca_soleil_zmi4104_lib\eca_soleil_zmi4104c.h(191,31): message : see previous definition of 'ReadSamplePosition32'
C:\Users\guekam\source\repos\ECA_ZMI4104_Project\ECA_ZMI4104C_main\eca_soleil_zmi4104_lib\eca_soleil_zmi4104c.cpp(4053,86): warning C4273: 'ReadPosition37': inconsistent dll linkage
C:\Users\guekam\source\repos\ECA_ZMI4104_Project\ECA_ZMI4104C_main\eca_soleil_zmi4104_lib\eca_soleil_zmi4104c.h(194,31): message : see previous definition of 'ReadPosition37'
C:\Users\guekam\source\repos\ECA_ZMI4104_Project\ECA_ZMI4104C_main\eca_soleil_zmi4104_lib\eca_soleil_zmi4104c.cpp(4093,86): warning C4273: 'ReadPosition32': inconsistent dll linkage
C:\Users\guekam\source\repos\ECA_ZMI4104_Project\ECA_ZMI4104C_main\eca_soleil_zmi4104_lib\eca_soleil_zmi4104c.h(195,31): message : see previous definition of 'ReadPosition32'
C:\Users\guekam\source\repos\ECA_ZMI4104_Project\ECA_ZMI4104C_main\eca_soleil_zmi4104_lib\eca_soleil_zmi4104c.cpp(4117,86): warning C4273: 'ReadFIFOPosition': inconsistent dll linkage
C:\Users\guekam\source\repos\ECA_ZMI4104_Project\ECA_ZMI4104C_main\eca_soleil_zmi4104_lib\eca_soleil_zmi4104c.h(196,31): message : see previous definition of 'ReadFIFOPosition'
C:\Users\guekam\source\repos\ECA_ZMI4104_Project\ECA_ZMI4104C_main\eca_soleil_zmi4104_lib\eca_soleil_zmi4104c.cpp(4140,86): warning C4273: 'ReadVelocity32': inconsistent dll linkage
C:\Users\guekam\source\repos\ECA_ZMI4104_Project\ECA_ZMI4104C_main\eca_soleil_zmi4104_lib\eca_soleil_zmi4104c.h(197,31): message : see previous definition of 'ReadVelocity32'
C:\Users\guekam\source\repos\ECA_ZMI4104_Project\ECA_ZMI4104C_main\eca_soleil_zmi4104_lib\eca_soleil_zmi4104c.cpp(4160,95): warning C4273: 'ReadSamplePosition32_ForAllAxis': inconsistent dll linkage
C:\Users\guekam\source\repos\ECA_ZMI4104_Project\ECA_ZMI4104C_main\eca_soleil_zmi4104_lib\eca_soleil_zmi4104c.h(193,31): message : see previous definition of 'ReadSamplePosition32_ForAllAxis'
C:\Users\guekam\source\repos\ECA_ZMI4104_Project\ECA_ZMI4104C_main\eca_soleil_zmi4104_lib\eca_soleil_zmi4104c.cpp(4172,95): warning C4273: 'ReadSamplePosition37_ForAllAxis': inconsistent dll linkage
C:\Users\guekam\source\repos\ECA_ZMI4104_Project\ECA_ZMI4104C_main\eca_soleil_zmi4104_lib\eca_soleil_zmi4104c.h(192,31): message : see previous definition of 'ReadSamplePosition37_ForAllAxis'
C:\Users\guekam\source\repos\ECA_ZMI4104_Project\ECA_ZMI4104C_main\eca_soleil_zmi4104_lib\eca_soleil_zmi4104c.cpp(4184,83): warning C4273: 'ReadPosition32_ForAllAxis': inconsistent dll linkage
C:\Users\guekam\source\repos\ECA_ZMI4104_Project\ECA_ZMI4104C_main\eca_soleil_zmi4104_lib\eca_soleil_zmi4104c.h(199,31): message : see previous definition of 'ReadPosition32_ForAllAxis'
C:\Users\guekam\source\repos\ECA_ZMI4104_Project\ECA_ZMI4104C_main\eca_soleil_zmi4104_lib\eca_soleil_zmi4104c.cpp(4196,83): warning C4273: 'ReadVelocity32_ForAllAxis': inconsistent dll linkage
C:\Users\guekam\source\repos\ECA_ZMI4104_Project\ECA_ZMI4104C_main\eca_soleil_zmi4104_lib\eca_soleil_zmi4104c.h(200,31): message : see previous definition of 'ReadVelocity32_ForAllAxis'
C:\Users\guekam\source\repos\ECA_ZMI4104_Project\ECA_ZMI4104C_main\eca_soleil_zmi4104_lib\eca_soleil_zmi4104c.cpp(4208,83): warning C4273: 'ReadPosition37_ForAllAxis': inconsistent dll linkage
C:\Users\guekam\source\repos\ECA_ZMI4104_Project\ECA_ZMI4104C_main\eca_soleil_zmi4104_lib\eca_soleil_zmi4104c.h(198,31): message : see previous definition of 'ReadPosition37_ForAllAxis'
C:\Users\guekam\source\repos\ECA_ZMI4104_Project\ECA_ZMI4104C_main\eca_soleil_zmi4104_lib\eca_soleil_zmi4104c.cpp(4220,72): warning C4273: 'IsVMEPos32Overflow': inconsistent dll linkage
C:\Users\guekam\source\repos\ECA_ZMI4104_Project\ECA_ZMI4104C_main\eca_soleil_zmi4104_lib\eca_soleil_zmi4104c.h(204,31): message : see previous definition of 'IsVMEPos32Overflow'
C:\Users\guekam\source\repos\ECA_ZMI4104_Project\ECA_ZMI4104C_main\eca_soleil_zmi4104_lib\eca_soleil_zmi4104c.cpp(4341,60): warning C4273: 'ClearAllVMEErrs_ForAllAxis': inconsistent dll linkage
C:\Users\guekam\source\repos\ECA_ZMI4104_Project\ECA_ZMI4104C_main\eca_soleil_zmi4104_lib\eca_soleil_zmi4104c.h(238,31): message : see previous definition of 'ClearAllVMEErrs_ForAllAxis'
C:\Users\guekam\source\repos\ECA_ZMI4104_Project\ECA_ZMI4104C_main\eca_soleil_zmi4104_lib\eca_soleil_zmi4104c.cpp(4352,78): warning C4273: 'ReadTime32': inconsistent dll linkage
C:\Users\guekam\source\repos\ECA_ZMI4104_Project\ECA_ZMI4104C_main\eca_soleil_zmi4104_lib\eca_soleil_zmi4104c.h(201,31): message : see previous definition of 'ReadTime32'
C:\Users\guekam\source\repos\ECA_ZMI4104_Project\ECA_ZMI4104C_main\eca_soleil_zmi4104_lib\eca_soleil_zmi4104c.cpp(4369,75): warning C4273: 'ReadTime32_ForAllAxis': inconsistent dll linkage
C:\Users\guekam\source\repos\ECA_ZMI4104_Project\ECA_ZMI4104C_main\eca_soleil_zmi4104_lib\eca_soleil_zmi4104c.h(202,31): message : see previous definition of 'ReadTime32_ForAllAxis'
C:\Users\guekam\source\repos\ECA_ZMI4104_Project\ECA_ZMI4104C_main\eca_soleil_zmi4104_lib\eca_soleil_zmi4104c.cpp(4515,1): warning C4273: 'SetTimeDelayBetweenResAndCompleteBit': inconsistent dll linkage
C:\Users\guekam\source\repos\ECA_ZMI4104_Project\ECA_ZMI4104C_main\eca_soleil_zmi4104_lib\eca_soleil_zmi4104c.h(255,31): message : see previous definition of 'SetTimeDelayBetweenResAndCompleteBit'
C:\Users\guekam\source\repos\ECA_ZMI4104_Project\ECA_ZMI4104C_main\eca_soleil_zmi4104_lib\eca_soleil_zmi4104c.cpp(4776,83): warning C4273: 'ReadAPDGain': inconsistent dll linkage
C:\Users\guekam\source\repos\ECA_ZMI4104_Project\ECA_ZMI4104C_main\eca_soleil_zmi4104_lib\eca_soleil_zmi4104c.h(206,31): message : see previous definition of 'ReadAPDGain'
C:\Users\guekam\source\repos\ECA_ZMI4104_Project\ECA_ZMI4104C_main\eca_soleil_zmi4104_lib\eca_soleil_zmi4104c.cpp(4796,78): warning C4273: 'ReadAPDGain_ForAllAxis': inconsistent dll linkage
C:\Users\guekam\source\repos\ECA_ZMI4104_Project\ECA_ZMI4104C_main\eca_soleil_zmi4104_lib\eca_soleil_zmi4104c.h(226,31): message : see previous definition of 'ReadAPDGain_ForAllAxis'
C:\Users\guekam\source\repos\ECA_ZMI4104_Project\ECA_ZMI4104C_main\eca_soleil_zmi4104_lib\eca_soleil_zmi4104c.cpp(4809,72): warning C4273: 'EnableAuxRegisters': inconsistent dll linkage
C:\Users\guekam\source\repos\ECA_ZMI4104_Project\ECA_ZMI4104C_main\eca_soleil_zmi4104_lib\eca_soleil_zmi4104c.h(207,31): message : see previous definition of 'EnableAuxRegisters'
C:\Users\guekam\source\repos\ECA_ZMI4104_Project\ECA_ZMI4104C_main\eca_soleil_zmi4104_lib\eca_soleil_zmi4104c.cpp(4833,73): warning C4273: 'ReadAPDCtrlSoftErrs': inconsistent dll linkage
C:\Users\guekam\source\repos\ECA_ZMI4104_Project\ECA_ZMI4104C_main\eca_soleil_zmi4104_lib\eca_soleil_zmi4104c.h(253,31): message : see previous definition of 'ReadAPDCtrlSoftErrs'
C:\Users\guekam\source\repos\ECA_ZMI4104_Project\ECA_ZMI4104C_main\eca_soleil_zmi4104_lib\eca_soleil_zmi4104c.cpp(4897,74): warning C4273: 'Enable32bitsOverflow': inconsistent dll linkage
C:\Users\guekam\source\repos\ECA_ZMI4104_Project\ECA_ZMI4104C_main\eca_soleil_zmi4104_lib\eca_soleil_zmi4104c.h(222,31): message : see previous definition of 'Enable32bitsOverflow'
C:\Users\guekam\source\repos\ECA_ZMI4104_Project\ECA_ZMI4104C_main\eca_soleil_zmi4104_lib\eca_soleil_zmi4104c.cpp(4911,75): warning C4273: 'Disable32bitsOverflow': inconsistent dll linkage
C:\Users\guekam\source\repos\ECA_ZMI4104_Project\ECA_ZMI4104C_main\eca_soleil_zmi4104_lib\eca_soleil_zmi4104c.h(221,31): message : see previous definition of 'Disable32bitsOverflow'
C:\Users\guekam\source\repos\ECA_ZMI4104_Project\ECA_ZMI4104C_main\eca_soleil_zmi4104_lib\eca_soleil_zmi4104c.cpp(4925,73): warning C4273: 'DisableAuxRegisters': inconsistent dll linkage
C:\Users\guekam\source\repos\ECA_ZMI4104_Project\ECA_ZMI4104C_main\eca_soleil_zmi4104_lib\eca_soleil_zmi4104c.h(208,31): message : see previous definition of 'DisableAuxRegisters'
C:\Users\guekam\source\repos\ECA_ZMI4104_Project\ECA_ZMI4104C_main\eca_soleil_zmi4104_lib\eca_soleil_zmi4104c.cpp(4939,71): warning C4273: 'SampleVMEPosition': inconsistent dll linkage
C:\Users\guekam\source\repos\ECA_ZMI4104_Project\ECA_ZMI4104C_main\eca_soleil_zmi4104_lib\eca_soleil_zmi4104c.h(227,31): message : see previous definition of 'SampleVMEPosition'
C:\Users\guekam\source\repos\ECA_ZMI4104_Project\ECA_ZMI4104C_main\eca_soleil_zmi4104_lib\eca_soleil_zmi4104c.cpp(4958,41): warning C4273: 'Sclk_On': inconsistent dll linkage
C:\Users\guekam\source\repos\ECA_ZMI4104_Project\ECA_ZMI4104C_main\eca_soleil_zmi4104_lib\eca_soleil_zmi4104c.h(210,31): message : see previous definition of 'Sclk_On'
C:\Users\guekam\source\repos\ECA_ZMI4104_Project\ECA_ZMI4104C_main\eca_soleil_zmi4104_lib\eca_soleil_zmi4104c.cpp(4963,45): warning C4273: 'VMESysReset': inconsistent dll linkage
C:\Users\guekam\source\repos\ECA_ZMI4104_Project\ECA_ZMI4104C_main\eca_soleil_zmi4104_lib\eca_soleil_zmi4104c.h(217,31): message : see previous definition of 'VMESysReset'
C:\Users\guekam\source\repos\ECA_ZMI4104_Project\ECA_ZMI4104C_main\eca_soleil_zmi4104_lib\eca_soleil_zmi4104c.cpp(4973,42): warning C4273: 'Sclk_Off': inconsistent dll linkage
C:\Users\guekam\source\repos\ECA_ZMI4104_Project\ECA_ZMI4104C_main\eca_soleil_zmi4104_lib\eca_soleil_zmi4104c.h(211,31): message : see previous definition of 'Sclk_Off'
C:\Users\guekam\source\repos\ECA_ZMI4104_Project\ECA_ZMI4104C_main\eca_soleil_zmi4104_lib\eca_soleil_zmi4104c.cpp(4994,79): warning C4273: 'SetSampTimerFreq': inconsistent dll linkage
C:\Users\guekam\source\repos\ECA_ZMI4104_Project\ECA_ZMI4104C_main\eca_soleil_zmi4104_lib\eca_soleil_zmi4104c.h(212,31): message : see previous definition of 'SetSampTimerFreq'
C:\Users\guekam\source\repos\ECA_ZMI4104_Project\ECA_ZMI4104C_main\eca_soleil_zmi4104_lib\eca_soleil_zmi4104c.cpp(5003,51): warning C4273: 'SetHoldSampEnable': inconsistent dll linkage
C:\Users\guekam\source\repos\ECA_ZMI4104_Project\ECA_ZMI4104C_main\eca_soleil_zmi4104_lib\eca_soleil_zmi4104c.h(213,31): message : see previous definition of 'SetHoldSampEnable'
C:\Users\guekam\source\repos\ECA_ZMI4104_Project\ECA_ZMI4104C_main\eca_soleil_zmi4104_lib\eca_soleil_zmi4104c.cpp(5016,53): warning C4273: 'ResetHoldSampEnable': inconsistent dll linkage
C:\Users\guekam\source\repos\ECA_ZMI4104_Project\ECA_ZMI4104C_main\eca_soleil_zmi4104_lib\eca_soleil_zmi4104c.h(214,31): message : see previous definition of 'ResetHoldSampEnable'
C:\Users\guekam\source\repos\ECA_ZMI4104_Project\ECA_ZMI4104C_main\eca_soleil_zmi4104_lib\eca_soleil_zmi4104c.cpp(5038,67): warning C4273: 'enableSampling': inconsistent dll linkage
C:\Users\guekam\source\repos\ECA_ZMI4104_Project\ECA_ZMI4104C_main\eca_soleil_zmi4104_lib\eca_soleil_zmi4104c.h(215,31): message : see previous definition of 'enableSampling'
C:\Users\guekam\source\repos\ECA_ZMI4104_Project\ECA_ZMI4104C_main\eca_soleil_zmi4104_lib\eca_soleil_zmi4104c.cpp(5065,52): warning C4273: 'DisableSampleTimer': inconsistent dll linkage
C:\Users\guekam\source\repos\ECA_ZMI4104_Project\ECA_ZMI4104C_main\eca_soleil_zmi4104_lib\eca_soleil_zmi4104c.h(216,31): message : see previous definition of 'DisableSampleTimer'
C:\Users\guekam\source\repos\ECA_ZMI4104_Project\ECA_ZMI4104C_main\eca_soleil_zmi4104_lib\eca_soleil_zmi4104c.cpp(5070,71): warning C4273: 'GetVMEExtSampFlag': inconsistent dll linkage
C:\Users\guekam\source\repos\ECA_ZMI4104_Project\ECA_ZMI4104C_main\eca_soleil_zmi4104_lib\eca_soleil_zmi4104c.h(220,31): message : see previous definition of 'GetVMEExtSampFlag'
C:\Users\guekam\source\repos\ECA_ZMI4104_Project\ECA_ZMI4104C_main\eca_soleil_zmi4104_lib\eca_soleil_zmi4104c.cpp(5103,25): warning C4273: 'EEPROMread': inconsistent dll linkage
C:\Users\guekam\source\repos\ECA_ZMI4104_Project\ECA_ZMI4104C_main\eca_soleil_zmi4104_lib\eca_soleil_zmi4104c.h(279,31): message : see previous definition of 'EEPROMread'
C:\Users\guekam\source\repos\ECA_ZMI4104_Project\ECA_ZMI4104C_main\eca_soleil_zmi4104_lib\eca_soleil_zmi4104c.cpp(5172,29): warning C4273: 'Read_Write': inconsistent dll linkage
C:\Users\guekam\source\repos\ECA_ZMI4104_Project\ECA_ZMI4104C_main\eca_soleil_zmi4104_lib\eca_soleil_zmi4104c.h(182,31): message : see previous definition of 'Read_Write'
C:\Users\guekam\source\repos\ECA_ZMI4104_Project\ECA_ZMI4104C_main\eca_soleil_zmi4104_lib\eca_soleil_zmi4104c.cpp(5270,32): warning C4273: 'FATAL': inconsistent dll linkage
C:\Users\guekam\source\repos\ECA_ZMI4104_Project\ECA_ZMI4104C_main\eca_soleil_zmi4104_lib\eca_soleil_zmi4104c.h(183,31): message : see previous definition of 'FATAL'
C:\Users\guekam\source\repos\ECA_ZMI4104_Project\ECA_ZMI4104C_main\eca_soleil_zmi4104_lib\eca_soleil_zmi4104c.cpp(5292,32): warning C4273: 'WARN': inconsistent dll linkage
C:\Users\guekam\source\repos\ECA_ZMI4104_Project\ECA_ZMI4104C_main\eca_soleil_zmi4104_lib\eca_soleil_zmi4104c.h(184,31): message : see previous definition of 'WARN'
C:\Users\guekam\source\repos\ECA_ZMI4104_Project\ECA_ZMI4104C_main\eca_soleil_zmi4104_lib\eca_soleil_zmi4104c.cpp(5314,32): warning C4273: 'INFO': inconsistent dll linkage
C:\Users\guekam\source\repos\ECA_ZMI4104_Project\ECA_ZMI4104C_main\eca_soleil_zmi4104_lib\eca_soleil_zmi4104c.h(185,31): message : see previous definition of 'INFO'
  sis3100_vme_calls.cpp
     Creating library C:\Users\guekam\source\repos\ECA_ZMI4104_Project\ECA_ZMI4104C_main\eca_soleil_zmi4104_lib\x64\Release\eca_soleil_zmi4104_lib.lib and object C:\Users\guekam\source\repos\ECA_ZMI4104_Project\ECA_ZMI4104C_main\eca_soleil_zmi4104_lib\x64\Release\eca_soleil_zmi4104_lib.exp
  Generating code
  Previous IPDB not found, fall back to full compilation.
  All 129 functions were compiled because no usable IPDB/IOBJ from previous compilation was found.
  Finished generating code
  eca_soleil_zmi4104_lib.vcxproj -> C:\Users\guekam\source\repos\ECA_ZMI4104_Project\ECA_ZMI4104C_main\eca_soleil_zmi4104_lib\x64\Release\eca_soleil_zmi4104_lib.dll
