  eca_soleil_zmi4104c.cpp
C:\Users\guekam\source\repos\ECA_ZMI4104_Project\ECA_ZMI4104C_main\eca_soleil_zmi4104_lib\eca_soleil_zmi4104c.cpp(5,48): warning C4273: 'setBaseAddress': inconsistent dll linkage
C:\Users\guekam\source\repos\ECA_ZMI4104_Project\ECA_ZMI4104C_main\eca_soleil_zmi4104_lib\eca_soleil_zmi4104c.h(252,32): message : see previous definition of 'setBaseAddress'
C:\Users\guekam\source\repos\ECA_ZMI4104_Project\ECA_ZMI4104C_main\eca_soleil_zmi4104_lib\eca_soleil_zmi4104c.cpp(14,1): warning C4273: 'createEvents': inconsistent dll linkage
C:\Users\guekam\source\repos\ECA_ZMI4104_Project\ECA_ZMI4104C_main\eca_soleil_zmi4104_lib\eca_soleil_zmi4104c.h(255,31): message : see previous definition of 'createEvents'
C:\Users\guekam\source\repos\ECA_ZMI4104_Project\ECA_ZMI4104C_main\eca_soleil_zmi4104_lib\eca_soleil_zmi4104c.cpp(48,1): warning C4273: 'createThreads': inconsistent dll linkage
C:\Users\guekam\source\repos\ECA_ZMI4104_Project\ECA_ZMI4104C_main\eca_soleil_zmi4104_lib\eca_soleil_zmi4104c.h(256,32): message : see previous definition of 'createThreads'
C:\Users\guekam\source\repos\ECA_ZMI4104_Project\ECA_ZMI4104C_main\eca_soleil_zmi4104_lib\eca_soleil_zmi4104c.cpp(133,1): warning C4273: 'closeThreads': inconsistent dll linkage
C:\Users\guekam\source\repos\ECA_ZMI4104_Project\ECA_ZMI4104C_main\eca_soleil_zmi4104_lib\eca_soleil_zmi4104c.h(257,32): message : see previous definition of 'closeThreads'
C:\Users\guekam\source\repos\ECA_ZMI4104_Project\ECA_ZMI4104C_main\eca_soleil_zmi4104_lib\eca_soleil_zmi4104c.cpp(433,74): warning C4273: 'configureCecHardware': inconsistent dll linkage
C:\Users\guekam\source\repos\ECA_ZMI4104_Project\ECA_ZMI4104C_main\eca_soleil_zmi4104_lib\eca_soleil_zmi4104c.h(234,31): message : see previous definition of 'configureCecHardware'
C:\Users\guekam\source\repos\ECA_ZMI4104_Project\ECA_ZMI4104C_main\eca_soleil_zmi4104_lib\eca_soleil_zmi4104c.cpp(489,60): warning C4273: 'readCecErrorStatReg': inconsistent dll linkage
C:\Users\guekam\source\repos\ECA_ZMI4104_Project\ECA_ZMI4104C_main\eca_soleil_zmi4104_lib\eca_soleil_zmi4104c.h(243,31): message : see previous definition of 'readCecErrorStatReg'
C:\Users\guekam\source\repos\ECA_ZMI4104_Project\ECA_ZMI4104C_main\eca_soleil_zmi4104_lib\eca_soleil_zmi4104c.cpp(658,1): warning C4273: 'ackForSis3100VmeIrq': inconsistent dll linkage
C:\Users\guekam\source\repos\ECA_ZMI4104_Project\ECA_ZMI4104C_main\eca_soleil_zmi4104_lib\eca_soleil_zmi4104c.h(396,31): message : see previous definition of 'ackForSis3100VmeIrq'
C:\Users\guekam\source\repos\ECA_ZMI4104_Project\ECA_ZMI4104C_main\eca_soleil_zmi4104_lib\eca_soleil_zmi4104c.cpp(707,42): warning C4273: 'enableSinglePassInterferometer': inconsistent dll linkage
C:\Users\guekam\source\repos\ECA_ZMI4104_Project\ECA_ZMI4104C_main\eca_soleil_zmi4104_lib\eca_soleil_zmi4104c.h(219,31): message : see previous definition of 'enableSinglePassInterferometer'
C:\Users\guekam\source\repos\ECA_ZMI4104_Project\ECA_ZMI4104C_main\eca_soleil_zmi4104_lib\eca_soleil_zmi4104c.cpp(714,42): warning C4273: 'enableDoublePassInterferometer': inconsistent dll linkage
C:\Users\guekam\source\repos\ECA_ZMI4104_Project\ECA_ZMI4104C_main\eca_soleil_zmi4104_lib\eca_soleil_zmi4104c.h(220,31): message : see previous definition of 'enableDoublePassInterferometer'
C:\Users\guekam\source\repos\ECA_ZMI4104_Project\ECA_ZMI4104C_main\eca_soleil_zmi4104_lib\eca_soleil_zmi4104c.cpp(722,53): warning C4273: 'setInterferometerConfiguration': inconsistent dll linkage
C:\Users\guekam\source\repos\ECA_ZMI4104_Project\ECA_ZMI4104C_main\eca_soleil_zmi4104_lib\eca_soleil_zmi4104c.h(230,31): message : see previous definition of 'setInterferometerConfiguration'
C:\Users\guekam\source\repos\ECA_ZMI4104_Project\ECA_ZMI4104C_main\eca_soleil_zmi4104_lib\eca_soleil_zmi4104c.cpp(732,35): warning C4273: 'initAxis': inconsistent dll linkage
C:\Users\guekam\source\repos\ECA_ZMI4104_Project\ECA_ZMI4104C_main\eca_soleil_zmi4104_lib\eca_soleil_zmi4104c.h(201,31): message : see previous definition of 'initAxis'
C:\Users\guekam\source\repos\ECA_ZMI4104_Project\ECA_ZMI4104C_main\eca_soleil_zmi4104_lib\eca_soleil_zmi4104c.cpp(835,43): warning C4273: 'disableAllVmeInterrupts': inconsistent dll linkage
C:\Users\guekam\source\repos\ECA_ZMI4104_Project\ECA_ZMI4104C_main\eca_soleil_zmi4104_lib\eca_soleil_zmi4104c.h(391,31): message : see previous definition of 'disableAllVmeInterrupts'
C:\Users\guekam\source\repos\ECA_ZMI4104_Project\ECA_ZMI4104C_main\eca_soleil_zmi4104_lib\eca_soleil_zmi4104c.cpp(858,42): warning C4273: 'enableAllVmeInterrupts': inconsistent dll linkage
C:\Users\guekam\source\repos\ECA_ZMI4104_Project\ECA_ZMI4104C_main\eca_soleil_zmi4104_lib\eca_soleil_zmi4104c.h(392,31): message : see previous definition of 'enableAllVmeInterrupts'
C:\Users\guekam\source\repos\ECA_ZMI4104_Project\ECA_ZMI4104C_main\eca_soleil_zmi4104_lib\eca_soleil_zmi4104c.cpp(884,44): warning C4273: 'enableVmeGlobalInterrupt': inconsistent dll linkage
C:\Users\guekam\source\repos\ECA_ZMI4104_Project\ECA_ZMI4104C_main\eca_soleil_zmi4104_lib\eca_soleil_zmi4104c.h(389,31): message : see previous definition of 'enableVmeGlobalInterrupt'
C:\Users\guekam\source\repos\ECA_ZMI4104_Project\ECA_ZMI4104C_main\eca_soleil_zmi4104_lib\eca_soleil_zmi4104c.cpp(903,180): warning C4273: 'processRamData': inconsistent dll linkage
C:\Users\guekam\source\repos\ECA_ZMI4104_Project\ECA_ZMI4104C_main\eca_soleil_zmi4104_lib\eca_soleil_zmi4104c.h(363,31): message : see previous definition of 'processRamData'
C:\Users\guekam\source\repos\ECA_ZMI4104_Project\ECA_ZMI4104C_main\eca_soleil_zmi4104_lib\eca_soleil_zmi4104c.cpp(1071,151): warning C4273: 'processFifoData': inconsistent dll linkage
C:\Users\guekam\source\repos\ECA_ZMI4104_Project\ECA_ZMI4104C_main\eca_soleil_zmi4104_lib\eca_soleil_zmi4104c.h(368,31): message : see previous definition of 'processFifoData'
C:\Users\guekam\source\repos\ECA_ZMI4104_Project\ECA_ZMI4104C_main\eca_soleil_zmi4104_lib\eca_soleil_zmi4104c.cpp(1244,136): warning C4273: 'configureFifoFlyscan': inconsistent dll linkage
C:\Users\guekam\source\repos\ECA_ZMI4104_Project\ECA_ZMI4104C_main\eca_soleil_zmi4104_lib\eca_soleil_zmi4104c.h(365,31): message : see previous definition of 'configureFifoFlyscan'
C:\Users\guekam\source\repos\ECA_ZMI4104_Project\ECA_ZMI4104C_main\eca_soleil_zmi4104_lib\eca_soleil_zmi4104c.cpp(1320,99): warning C4273: 'fifoFlyscan': inconsistent dll linkage
C:\Users\guekam\source\repos\ECA_ZMI4104_Project\ECA_ZMI4104C_main\eca_soleil_zmi4104_lib\eca_soleil_zmi4104c.h(366,31): message : see previous definition of 'fifoFlyscan'
C:\Users\guekam\source\repos\ECA_ZMI4104_Project\ECA_ZMI4104C_main\eca_soleil_zmi4104_lib\eca_soleil_zmi4104c.cpp(1393,106): warning C4273: 'manualFifoFlyscan': inconsistent dll linkage
C:\Users\guekam\source\repos\ECA_ZMI4104_Project\ECA_ZMI4104C_main\eca_soleil_zmi4104_lib\eca_soleil_zmi4104c.h(367,31): message : see previous definition of 'manualFifoFlyscan'
C:\Users\guekam\source\repos\ECA_ZMI4104_Project\ECA_ZMI4104C_main\eca_soleil_zmi4104_lib\eca_soleil_zmi4104c.cpp(1497,36): warning C4273: 'isFifoDavBitSet': inconsistent dll linkage
C:\Users\guekam\source\repos\ECA_ZMI4104_Project\ECA_ZMI4104C_main\eca_soleil_zmi4104_lib\eca_soleil_zmi4104c.h(369,32): message : see previous definition of 'isFifoDavBitSet'
C:\Users\guekam\source\repos\ECA_ZMI4104_Project\ECA_ZMI4104C_main\eca_soleil_zmi4104_lib\eca_soleil_zmi4104c.cpp(1509,36): warning C4273: 'isFifoOvfBitSet': inconsistent dll linkage
C:\Users\guekam\source\repos\ECA_ZMI4104_Project\ECA_ZMI4104C_main\eca_soleil_zmi4104_lib\eca_soleil_zmi4104c.h(370,32): message : see previous definition of 'isFifoOvfBitSet'
C:\Users\guekam\source\repos\ECA_ZMI4104_Project\ECA_ZMI4104C_main\eca_soleil_zmi4104_lib\eca_soleil_zmi4104c.cpp(1521,41): warning C4273: 'deconfigureFlycsan': inconsistent dll linkage
C:\Users\guekam\source\repos\ECA_ZMI4104_Project\ECA_ZMI4104C_main\eca_soleil_zmi4104_lib\eca_soleil_zmi4104c.h(359,31): message : see previous definition of 'deconfigureFlycsan'
C:\Users\guekam\source\repos\ECA_ZMI4104_Project\ECA_ZMI4104C_main\eca_soleil_zmi4104_lib\eca_soleil_zmi4104c.cpp(1559,68): warning C4273: 'configureFlyscan': inconsistent dll linkage
C:\Users\guekam\source\repos\ECA_ZMI4104_Project\ECA_ZMI4104C_main\eca_soleil_zmi4104_lib\eca_soleil_zmi4104c.h(358,31): message : see previous definition of 'configureFlyscan'
C:\Users\guekam\source\repos\ECA_ZMI4104_Project\ECA_ZMI4104C_main\eca_soleil_zmi4104_lib\eca_soleil_zmi4104c.cpp(1650,38): warning C4273: 'startAquisition': inconsistent dll linkage
C:\Users\guekam\source\repos\ECA_ZMI4104_Project\ECA_ZMI4104C_main\eca_soleil_zmi4104_lib\eca_soleil_zmi4104c.h(360,31): message : see previous definition of 'startAquisition'
C:\Users\guekam\source\repos\ECA_ZMI4104_Project\ECA_ZMI4104C_main\eca_soleil_zmi4104_lib\eca_soleil_zmi4104c.cpp(1672,37): warning C4273: 'stopAquisition': inconsistent dll linkage
C:\Users\guekam\source\repos\ECA_ZMI4104_Project\ECA_ZMI4104C_main\eca_soleil_zmi4104_lib\eca_soleil_zmi4104c.h(361,31): message : see previous definition of 'stopAquisition'
C:\Users\guekam\source\repos\ECA_ZMI4104_Project\ECA_ZMI4104C_main\eca_soleil_zmi4104_lib\eca_soleil_zmi4104c.cpp(1717,47): warning C4273: 'allocateMemSpace': inconsistent dll linkage
C:\Users\guekam\source\repos\ECA_ZMI4104_Project\ECA_ZMI4104C_main\eca_soleil_zmi4104_lib\eca_soleil_zmi4104c.h(205,37): message : see previous definition of 'allocateMemSpace'
C:\Users\guekam\source\repos\ECA_ZMI4104_Project\ECA_ZMI4104C_main\eca_soleil_zmi4104_lib\eca_soleil_zmi4104c.cpp(1799,128): warning C4273: 'getFlyscanData': inconsistent dll linkage
C:\Users\guekam\source\repos\ECA_ZMI4104_Project\ECA_ZMI4104C_main\eca_soleil_zmi4104_lib\eca_soleil_zmi4104c.h(362,31): message : see previous definition of 'getFlyscanData'
C:\Users\guekam\source\repos\ECA_ZMI4104_Project\ECA_ZMI4104C_main\eca_soleil_zmi4104_lib\eca_soleil_zmi4104c.cpp(1911,18): warning C4273: 'isRamBusy': inconsistent dll linkage
C:\Users\guekam\source\repos\ECA_ZMI4104_Project\ECA_ZMI4104C_main\eca_soleil_zmi4104_lib\eca_soleil_zmi4104c.h(373,32): message : see previous definition of 'isRamBusy'
C:\Users\guekam\source\repos\ECA_ZMI4104_Project\ECA_ZMI4104C_main\eca_soleil_zmi4104_lib\eca_soleil_zmi4104c.cpp(1943,52): warning C4273: 'setVmeIntVector': inconsistent dll linkage
C:\Users\guekam\source\repos\ECA_ZMI4104_Project\ECA_ZMI4104C_main\eca_soleil_zmi4104_lib\eca_soleil_zmi4104c.h(394,31): message : see previous definition of 'setVmeIntVector'
C:\Users\guekam\source\repos\ECA_ZMI4104_Project\ECA_ZMI4104C_main\eca_soleil_zmi4104_lib\eca_soleil_zmi4104c.cpp(1973,56): warning C4273: 'checkLimits': inconsistent dll linkage
C:\Users\guekam\source\repos\ECA_ZMI4104_Project\ECA_ZMI4104C_main\eca_soleil_zmi4104_lib\eca_soleil_zmi4104c.h(356,31): message : see previous definition of 'checkLimits'
C:\Users\guekam\source\repos\ECA_ZMI4104_Project\ECA_ZMI4104C_main\eca_soleil_zmi4104_lib\eca_soleil_zmi4104c.cpp(2001,52): warning C4273: 'setVmeIntLevel': inconsistent dll linkage
C:\Users\guekam\source\repos\ECA_ZMI4104_Project\ECA_ZMI4104C_main\eca_soleil_zmi4104_lib\eca_soleil_zmi4104c.h(395,31): message : see previous definition of 'setVmeIntLevel'
C:\Users\guekam\source\repos\ECA_ZMI4104_Project\ECA_ZMI4104C_main\eca_soleil_zmi4104_lib\eca_soleil_zmi4104c.cpp(2027,42): warning C4273: 'disableGlobalInterrupt': inconsistent dll linkage
C:\Users\guekam\source\repos\ECA_ZMI4104_Project\ECA_ZMI4104C_main\eca_soleil_zmi4104_lib\eca_soleil_zmi4104c.h(390,31): message : see previous definition of 'disableGlobalInterrupt'
C:\Users\guekam\source\repos\ECA_ZMI4104_Project\ECA_ZMI4104C_main\eca_soleil_zmi4104_lib\eca_soleil_zmi4104c.cpp(2054,61): warning C4273: 'enableVmeInterruptBit': inconsistent dll linkage
C:\Users\guekam\source\repos\ECA_ZMI4104_Project\ECA_ZMI4104C_main\eca_soleil_zmi4104_lib\eca_soleil_zmi4104c.h(387,31): message : see previous definition of 'enableVmeInterruptBit'
C:\Users\guekam\source\repos\ECA_ZMI4104_Project\ECA_ZMI4104C_main\eca_soleil_zmi4104_lib\eca_soleil_zmi4104c.cpp(2391,62): warning C4273: 'disableVmeInterruptBit': inconsistent dll linkage
C:\Users\guekam\source\repos\ECA_ZMI4104_Project\ECA_ZMI4104C_main\eca_soleil_zmi4104_lib\eca_soleil_zmi4104c.h(388,31): message : see previous definition of 'disableVmeInterruptBit'
C:\Users\guekam\source\repos\ECA_ZMI4104_Project\ECA_ZMI4104C_main\eca_soleil_zmi4104_lib\eca_soleil_zmi4104c.cpp(2685,29): warning C4273: 'resetAxis': inconsistent dll linkage
C:\Users\guekam\source\repos\ECA_ZMI4104_Project\ECA_ZMI4104C_main\eca_soleil_zmi4104_lib\eca_soleil_zmi4104c.h(212,31): message : see previous definition of 'resetAxis'
C:\Users\guekam\source\repos\ECA_ZMI4104_Project\ECA_ZMI4104C_main\eca_soleil_zmi4104_lib\eca_soleil_zmi4104c.cpp(2717,37): warning C4273: 'waitResetComplete': inconsistent dll linkage
C:\Users\guekam\source\repos\ECA_ZMI4104_Project\ECA_ZMI4104C_main\eca_soleil_zmi4104_lib\eca_soleil_zmi4104c.h(213,31): message : see previous definition of 'waitResetComplete'
C:\Users\guekam\source\repos\ECA_ZMI4104_Project\ECA_ZMI4104C_main\eca_soleil_zmi4104_lib\eca_soleil_zmi4104c.cpp(2746,21): warning C4273: 'initSisBoards': inconsistent dll linkage
C:\Users\guekam\source\repos\ECA_ZMI4104_Project\ECA_ZMI4104C_main\eca_soleil_zmi4104_lib\eca_soleil_zmi4104c.h(202,31): message : see previous definition of 'initSisBoards'
C:\Users\guekam\source\repos\ECA_ZMI4104_Project\ECA_ZMI4104C_main\eca_soleil_zmi4104_lib\eca_soleil_zmi4104c.cpp(2911,21): warning C4273: 'initZmiBoards': inconsistent dll linkage
C:\Users\guekam\source\repos\ECA_ZMI4104_Project\ECA_ZMI4104C_main\eca_soleil_zmi4104_lib\eca_soleil_zmi4104c.h(203,31): message : see previous definition of 'initZmiBoards'
C:\Users\guekam\source\repos\ECA_ZMI4104_Project\ECA_ZMI4104C_main\eca_soleil_zmi4104_lib\eca_soleil_zmi4104c.cpp(3145,79): warning C4273: 'readSsiCalibrationData': inconsistent dll linkage
C:\Users\guekam\source\repos\ECA_ZMI4104_Project\ECA_ZMI4104C_main\eca_soleil_zmi4104_lib\eca_soleil_zmi4104c.h(305,31): message : see previous definition of 'readSsiCalibrationData'
C:\Users\guekam\source\repos\ECA_ZMI4104_Project\ECA_ZMI4104C_main\eca_soleil_zmi4104_lib\eca_soleil_zmi4104c.cpp(3220,56): warning C4273: 'getPositionOffset': inconsistent dll linkage
C:\Users\guekam\source\repos\ECA_ZMI4104_Project\ECA_ZMI4104C_main\eca_soleil_zmi4104_lib\eca_soleil_zmi4104c.h(283,31): message : see previous definition of 'getPositionOffset'
C:\Users\guekam\source\repos\ECA_ZMI4104_Project\ECA_ZMI4104C_main\eca_soleil_zmi4104_lib\eca_soleil_zmi4104c.cpp(3243,57): warning C4273: 'setPositionOffset32': inconsistent dll linkage
C:\Users\guekam\source\repos\ECA_ZMI4104_Project\ECA_ZMI4104C_main\eca_soleil_zmi4104_lib\eca_soleil_zmi4104c.h(280,31): message : see previous definition of 'setPositionOffset32'
C:\Users\guekam\source\repos\ECA_ZMI4104_Project\ECA_ZMI4104C_main\eca_soleil_zmi4104_lib\eca_soleil_zmi4104c.cpp(3265,41): warning C4273: 'enableCecCompensation': inconsistent dll linkage
C:\Users\guekam\source\repos\ECA_ZMI4104_Project\ECA_ZMI4104C_main\eca_soleil_zmi4104_lib\eca_soleil_zmi4104c.h(237,31): message : see previous definition of 'enableCecCompensation'
C:\Users\guekam\source\repos\ECA_ZMI4104_Project\ECA_ZMI4104C_main\eca_soleil_zmi4104_lib\eca_soleil_zmi4104c.cpp(3292,42): warning C4273: 'disableCecCompensation': inconsistent dll linkage
C:\Users\guekam\source\repos\ECA_ZMI4104_Project\ECA_ZMI4104C_main\eca_soleil_zmi4104_lib\eca_soleil_zmi4104c.h(233,31): message : see previous definition of 'disableCecCompensation'
C:\Users\guekam\source\repos\ECA_ZMI4104_Project\ECA_ZMI4104C_main\eca_soleil_zmi4104_lib\eca_soleil_zmi4104c.cpp(3392,39): warning C4273: 'waitCeinit2Complete': inconsistent dll linkage
C:\Users\guekam\source\repos\ECA_ZMI4104_Project\ECA_ZMI4104C_main\eca_soleil_zmi4104_lib\eca_soleil_zmi4104c.h(245,31): message : see previous definition of 'waitCeinit2Complete'
C:\Users\guekam\source\repos\ECA_ZMI4104_Project\ECA_ZMI4104C_main\eca_soleil_zmi4104_lib\eca_soleil_zmi4104c.cpp(3417,37): warning C4273: 'getLedsStatus': inconsistent dll linkage
C:\Users\guekam\source\repos\ECA_ZMI4104_Project\ECA_ZMI4104C_main\eca_soleil_zmi4104_lib\eca_soleil_zmi4104c.h(249,31): message : see previous definition of 'getLedsStatus'
C:\Users\guekam\source\repos\ECA_ZMI4104_Project\ECA_ZMI4104C_main\eca_soleil_zmi4104_lib\eca_soleil_zmi4104c.cpp(3468,55): warning C4273: 'setCemaxVel': inconsistent dll linkage
C:\Users\guekam\source\repos\ECA_ZMI4104_Project\ECA_ZMI4104C_main\eca_soleil_zmi4104_lib\eca_soleil_zmi4104c.h(246,31): message : see previous definition of 'setCemaxVel'
C:\Users\guekam\source\repos\ECA_ZMI4104_Project\ECA_ZMI4104C_main\eca_soleil_zmi4104_lib\eca_soleil_zmi4104c.cpp(3495,55): warning C4273: 'setCeminVel': inconsistent dll linkage
C:\Users\guekam\source\repos\ECA_ZMI4104_Project\ECA_ZMI4104C_main\eca_soleil_zmi4104_lib\eca_soleil_zmi4104c.h(247,31): message : see previous definition of 'setCeminVel'
C:\Users\guekam\source\repos\ECA_ZMI4104_Project\ECA_ZMI4104C_main\eca_soleil_zmi4104_lib\eca_soleil_zmi4104c.cpp(3520,60): warning C4273: 'readCalcCecoeffs': inconsistent dll linkage
C:\Users\guekam\source\repos\ECA_ZMI4104_Project\ECA_ZMI4104C_main\eca_soleil_zmi4104_lib\eca_soleil_zmi4104c.h(236,31): message : see previous definition of 'readCalcCecoeffs'
C:\Users\guekam\source\repos\ECA_ZMI4104_Project\ECA_ZMI4104C_main\eca_soleil_zmi4104_lib\eca_soleil_zmi4104c.cpp(3572,108): warning C4273: 'readCecoefBoundaries': inconsistent dll linkage
C:\Users\guekam\source\repos\ECA_ZMI4104_Project\ECA_ZMI4104C_main\eca_soleil_zmi4104_lib\eca_soleil_zmi4104c.h(235,31): message : see previous definition of 'readCecoefBoundaries'
C:\Users\guekam\source\repos\ECA_ZMI4104_Project\ECA_ZMI4104C_main\eca_soleil_zmi4104_lib\eca_soleil_zmi4104c.cpp(3631,76): warning C4273: 'calculateCeratio': inconsistent dll linkage
C:\Users\guekam\source\repos\ECA_ZMI4104_Project\ECA_ZMI4104C_main\eca_soleil_zmi4104_lib\eca_soleil_zmi4104c.h(242,31): message : see previous definition of 'calculateCeratio'
C:\Users\guekam\source\repos\ECA_ZMI4104_Project\ECA_ZMI4104C_main\eca_soleil_zmi4104_lib\eca_soleil_zmi4104c.cpp(3678,80): warning C4273: 'getAproximateCeratio': inconsistent dll linkage
C:\Users\guekam\source\repos\ECA_ZMI4104_Project\ECA_ZMI4104C_main\eca_soleil_zmi4104_lib\eca_soleil_zmi4104c.h(244,31): message : see previous definition of 'getAproximateCeratio'
C:\Users\guekam\source\repos\ECA_ZMI4104_Project\ECA_ZMI4104C_main\eca_soleil_zmi4104_lib\eca_soleil_zmi4104c.cpp(3848,55): warning C4273: 'convertCint162Complex': inconsistent dll linkage
C:\Users\guekam\source\repos\ECA_ZMI4104_Project\ECA_ZMI4104C_main\eca_soleil_zmi4104_lib\eca_soleil_zmi4104c.h(371,31): message : see previous definition of 'convertCint162Complex'
C:\Users\guekam\source\repos\ECA_ZMI4104_Project\ECA_ZMI4104C_main\eca_soleil_zmi4104_lib\eca_soleil_zmi4104c.cpp(3874,68): warning C4273: 'convertCfloat2Complex': inconsistent dll linkage
C:\Users\guekam\source\repos\ECA_ZMI4104_Project\ECA_ZMI4104C_main\eca_soleil_zmi4104_lib\eca_soleil_zmi4104c.h(372,31): message : see previous definition of 'convertCfloat2Complex'
C:\Users\guekam\source\repos\ECA_ZMI4104_Project\ECA_ZMI4104C_main\eca_soleil_zmi4104_lib\eca_soleil_zmi4104c.cpp(3915,63): warning C4273: 'convertFloat2Double': inconsistent dll linkage
C:\Users\guekam\source\repos\ECA_ZMI4104_Project\ECA_ZMI4104C_main\eca_soleil_zmi4104_lib\eca_soleil_zmi4104c.h(383,31): message : see previous definition of 'convertFloat2Double'
C:\Users\guekam\source\repos\ECA_ZMI4104_Project\ECA_ZMI4104C_main\eca_soleil_zmi4104_lib\eca_soleil_zmi4104c.cpp(3946,67): warning C4273: 'convertUsfloat2Double': inconsistent dll linkage
C:\Users\guekam\source\repos\ECA_ZMI4104_Project\ECA_ZMI4104C_main\eca_soleil_zmi4104_lib\eca_soleil_zmi4104c.h(384,31): message : see previous definition of 'convertUsfloat2Double'
C:\Users\guekam\source\repos\ECA_ZMI4104_Project\ECA_ZMI4104C_main\eca_soleil_zmi4104_lib\eca_soleil_zmi4104c.cpp(3998,45): warning C4273: 'enable37BitsSignExtension': inconsistent dll linkage
C:\Users\guekam\source\repos\ECA_ZMI4104_Project\ECA_ZMI4104C_main\eca_soleil_zmi4104_lib\eca_soleil_zmi4104c.h(294,31): message : see previous definition of 'enable37BitsSignExtension'
C:\Users\guekam\source\repos\ECA_ZMI4104_Project\ECA_ZMI4104C_main\eca_soleil_zmi4104_lib\eca_soleil_zmi4104c.cpp(4026,46): warning C4273: 'disable37bitsSignExtension': inconsistent dll linkage
C:\Users\guekam\source\repos\ECA_ZMI4104_Project\ECA_ZMI4104C_main\eca_soleil_zmi4104_lib\eca_soleil_zmi4104c.h(295,31): message : see previous definition of 'disable37bitsSignExtension'
C:\Users\guekam\source\repos\ECA_ZMI4104_Project\ECA_ZMI4104C_main\eca_soleil_zmi4104_lib\eca_soleil_zmi4104c.cpp(4055,51): warning C4273: 'setKpAndKvCoeff': inconsistent dll linkage
C:\Users\guekam\source\repos\ECA_ZMI4104_Project\ECA_ZMI4104C_main\eca_soleil_zmi4104_lib\eca_soleil_zmi4104c.h(398,31): message : see previous definition of 'setKpAndKvCoeff'
C:\Users\guekam\source\repos\ECA_ZMI4104_Project\ECA_ZMI4104C_main\eca_soleil_zmi4104_lib\eca_soleil_zmi4104c.cpp(4091,47): warning C4273: 'getKpAndKvCoeff': inconsistent dll linkage
C:\Users\guekam\source\repos\ECA_ZMI4104_Project\ECA_ZMI4104C_main\eca_soleil_zmi4104_lib\eca_soleil_zmi4104c.h(399,31): message : see previous definition of 'getKpAndKvCoeff'
C:\Users\guekam\source\repos\ECA_ZMI4104_Project\ECA_ZMI4104C_main\eca_soleil_zmi4104_lib\eca_soleil_zmi4104c.cpp(4202,57): warning C4273: 'setPositionOffset37': inconsistent dll linkage
C:\Users\guekam\source\repos\ECA_ZMI4104_Project\ECA_ZMI4104C_main\eca_soleil_zmi4104_lib\eca_soleil_zmi4104c.h(281,31): message : see previous definition of 'setPositionOffset37'
C:\Users\guekam\source\repos\ECA_ZMI4104_Project\ECA_ZMI4104C_main\eca_soleil_zmi4104_lib\eca_soleil_zmi4104c.cpp(4205,52): warning C4293: '>>': shift count negative or too big, undefined behavior
C:\Users\guekam\source\repos\ECA_ZMI4104_Project\ECA_ZMI4104C_main\eca_soleil_zmi4104_lib\eca_soleil_zmi4104c.cpp(4233,55): warning C4273: 'setPositionOffset': inconsistent dll linkage
C:\Users\guekam\source\repos\ECA_ZMI4104_Project\ECA_ZMI4104C_main\eca_soleil_zmi4104_lib\eca_soleil_zmi4104c.h(282,31): message : see previous definition of 'setPositionOffset'
C:\Users\guekam\source\repos\ECA_ZMI4104_Project\ECA_ZMI4104C_main\eca_soleil_zmi4104_lib\eca_soleil_zmi4104c.cpp(4264,56): warning C4273: 'getPresetPosition': inconsistent dll linkage
C:\Users\guekam\source\repos\ECA_ZMI4104_Project\ECA_ZMI4104C_main\eca_soleil_zmi4104_lib\eca_soleil_zmi4104c.h(287,31): message : see previous definition of 'getPresetPosition'
C:\Users\guekam\source\repos\ECA_ZMI4104_Project\ECA_ZMI4104C_main\eca_soleil_zmi4104_lib\eca_soleil_zmi4104c.cpp(4287,59): warning C4273: 'setPresetPosition32': inconsistent dll linkage
C:\Users\guekam\source\repos\ECA_ZMI4104_Project\ECA_ZMI4104C_main\eca_soleil_zmi4104_lib\eca_soleil_zmi4104c.h(284,31): message : see previous definition of 'setPresetPosition32'
C:\Users\guekam\source\repos\ECA_ZMI4104_Project\ECA_ZMI4104C_main\eca_soleil_zmi4104_lib\eca_soleil_zmi4104c.cpp(4313,57): warning C4273: 'setPresetPosition37': inconsistent dll linkage
C:\Users\guekam\source\repos\ECA_ZMI4104_Project\ECA_ZMI4104C_main\eca_soleil_zmi4104_lib\eca_soleil_zmi4104c.h(285,31): message : see previous definition of 'setPresetPosition37'
C:\Users\guekam\source\repos\ECA_ZMI4104_Project\ECA_ZMI4104C_main\eca_soleil_zmi4104_lib\eca_soleil_zmi4104c.cpp(4316,52): warning C4293: '>>': shift count negative or too big, undefined behavior
C:\Users\guekam\source\repos\ECA_ZMI4104_Project\ECA_ZMI4104C_main\eca_soleil_zmi4104_lib\eca_soleil_zmi4104c.cpp(4342,55): warning C4273: 'setPresetPosition': inconsistent dll linkage
C:\Users\guekam\source\repos\ECA_ZMI4104_Project\ECA_ZMI4104C_main\eca_soleil_zmi4104_lib\eca_soleil_zmi4104c.h(286,31): message : see previous definition of 'setPresetPosition'
C:\Users\guekam\source\repos\ECA_ZMI4104_Project\ECA_ZMI4104C_main\eca_soleil_zmi4104_lib\eca_soleil_zmi4104c.cpp(4371,31): warning C4273: 'readVmeErrs': inconsistent dll linkage
C:\Users\guekam\source\repos\ECA_ZMI4104_Project\ECA_ZMI4104C_main\eca_soleil_zmi4104_lib\eca_soleil_zmi4104c.h(353,31): message : see previous definition of 'readVmeErrs'
C:\Users\guekam\source\repos\ECA_ZMI4104_Project\ECA_ZMI4104C_main\eca_soleil_zmi4104_lib\eca_soleil_zmi4104c.cpp(4428,31): warning C4273: 'readAllErrs': inconsistent dll linkage
C:\Users\guekam\source\repos\ECA_ZMI4104_Project\ECA_ZMI4104C_main\eca_soleil_zmi4104_lib\eca_soleil_zmi4104c.h(355,31): message : see previous definition of 'readAllErrs'
C:\Users\guekam\source\repos\ECA_ZMI4104_Project\ECA_ZMI4104C_main\eca_soleil_zmi4104_lib\eca_soleil_zmi4104c.cpp(4470,55): warning C4273: 'boardControlMode': inconsistent dll linkage
C:\Users\guekam\source\repos\ECA_ZMI4104_Project\ECA_ZMI4104C_main\eca_soleil_zmi4104_lib\eca_soleil_zmi4104c.h(207,31): message : see previous definition of 'boardControlMode'
C:\Users\guekam\source\repos\ECA_ZMI4104_Project\ECA_ZMI4104C_main\eca_soleil_zmi4104_lib\eca_soleil_zmi4104c.cpp(4520,46): warning C4273: 'setBiasMode': inconsistent dll linkage
C:\Users\guekam\source\repos\ECA_ZMI4104_Project\ECA_ZMI4104C_main\eca_soleil_zmi4104_lib\eca_soleil_zmi4104c.h(208,31): message : see previous definition of 'setBiasMode'
C:\Users\guekam\source\repos\ECA_ZMI4104_Project\ECA_ZMI4104C_main\eca_soleil_zmi4104_lib\eca_soleil_zmi4104c.cpp(4545,51): warning C4273: 'getBiasMode': inconsistent dll linkage
C:\Users\guekam\source\repos\ECA_ZMI4104_Project\ECA_ZMI4104C_main\eca_soleil_zmi4104_lib\eca_soleil_zmi4104c.h(209,31): message : see previous definition of 'getBiasMode'
C:\Users\guekam\source\repos\ECA_ZMI4104_Project\ECA_ZMI4104C_main\eca_soleil_zmi4104_lib\eca_soleil_zmi4104c.cpp(4567,40): warning C4273: 'startBiasCalculation': inconsistent dll linkage
C:\Users\guekam\source\repos\ECA_ZMI4104_Project\ECA_ZMI4104C_main\eca_soleil_zmi4104_lib\eca_soleil_zmi4104c.h(210,31): message : see previous definition of 'startBiasCalculation'
C:\Users\guekam\source\repos\ECA_ZMI4104_Project\ECA_ZMI4104C_main\eca_soleil_zmi4104_lib\eca_soleil_zmi4104c.cpp(4608,52): warning C4273: 'setApdL2Gain': inconsistent dll linkage
C:\Users\guekam\source\repos\ECA_ZMI4104_Project\ECA_ZMI4104C_main\eca_soleil_zmi4104_lib\eca_soleil_zmi4104c.h(319,31): message : see previous definition of 'setApdL2Gain'
C:\Users\guekam\source\repos\ECA_ZMI4104_Project\ECA_ZMI4104C_main\eca_soleil_zmi4104_lib\eca_soleil_zmi4104c.cpp(4636,53): warning C4273: 'getApdL2Gain': inconsistent dll linkage
C:\Users\guekam\source\repos\ECA_ZMI4104_Project\ECA_ZMI4104C_main\eca_soleil_zmi4104_lib\eca_soleil_zmi4104c.h(320,31): message : see previous definition of 'getApdL2Gain'
C:\Users\guekam\source\repos\ECA_ZMI4104_Project\ECA_ZMI4104C_main\eca_soleil_zmi4104_lib\eca_soleil_zmi4104c.cpp(4665,56): warning C4273: 'setApdL2SigRms': inconsistent dll linkage
C:\Users\guekam\source\repos\ECA_ZMI4104_Project\ECA_ZMI4104C_main\eca_soleil_zmi4104_lib\eca_soleil_zmi4104c.h(325,31): message : see previous definition of 'setApdL2SigRms'
C:\Users\guekam\source\repos\ECA_ZMI4104_Project\ECA_ZMI4104C_main\eca_soleil_zmi4104_lib\eca_soleil_zmi4104c.cpp(4694,57): warning C4273: 'getApdL2SigRms': inconsistent dll linkage
C:\Users\guekam\source\repos\ECA_ZMI4104_Project\ECA_ZMI4104C_main\eca_soleil_zmi4104_lib\eca_soleil_zmi4104c.h(326,31): message : see previous definition of 'getApdL2SigRms'
C:\Users\guekam\source\repos\ECA_ZMI4104_Project\ECA_ZMI4104C_main\eca_soleil_zmi4104_lib\eca_soleil_zmi4104c.cpp(4722,56): warning C4273: 'setApdL2OptPwr': inconsistent dll linkage
C:\Users\guekam\source\repos\ECA_ZMI4104_Project\ECA_ZMI4104C_main\eca_soleil_zmi4104_lib\eca_soleil_zmi4104c.h(322,31): message : see previous definition of 'setApdL2OptPwr'
C:\Users\guekam\source\repos\ECA_ZMI4104_Project\ECA_ZMI4104C_main\eca_soleil_zmi4104_lib\eca_soleil_zmi4104c.cpp(4753,57): warning C4273: 'getApdL2OptPwr': inconsistent dll linkage
C:\Users\guekam\source\repos\ECA_ZMI4104_Project\ECA_ZMI4104C_main\eca_soleil_zmi4104_lib\eca_soleil_zmi4104c.h(323,31): message : see previous definition of 'getApdL2OptPwr'
C:\Users\guekam\source\repos\ECA_ZMI4104_Project\ECA_ZMI4104C_main\eca_soleil_zmi4104_lib\eca_soleil_zmi4104c.cpp(4781,54): warning C4273: 'setApdBiasDac': inconsistent dll linkage
C:\Users\guekam\source\repos\ECA_ZMI4104_Project\ECA_ZMI4104C_main\eca_soleil_zmi4104_lib\eca_soleil_zmi4104c.h(316,31): message : see previous definition of 'setApdBiasDac'
C:\Users\guekam\source\repos\ECA_ZMI4104_Project\ECA_ZMI4104C_main\eca_soleil_zmi4104_lib\eca_soleil_zmi4104c.cpp(4809,55): warning C4273: 'getApdBiasDac': inconsistent dll linkage
C:\Users\guekam\source\repos\ECA_ZMI4104_Project\ECA_ZMI4104C_main\eca_soleil_zmi4104_lib\eca_soleil_zmi4104c.h(317,31): message : see previous definition of 'getApdBiasDac'
C:\Users\guekam\source\repos\ECA_ZMI4104_Project\ECA_ZMI4104C_main\eca_soleil_zmi4104_lib\eca_soleil_zmi4104c.cpp(4835,70): warning C4273: 'parseVmeErrorStatus2': inconsistent dll linkage
C:\Users\guekam\source\repos\ECA_ZMI4104_Project\ECA_ZMI4104C_main\eca_soleil_zmi4104_lib\eca_soleil_zmi4104c.h(347,31): message : see previous definition of 'parseVmeErrorStatus2'
C:\Users\guekam\source\repos\ECA_ZMI4104_Project\ECA_ZMI4104C_main\eca_soleil_zmi4104_lib\eca_soleil_zmi4104c.cpp(4887,59): warning C4273: 'parseVmePosErrs': inconsistent dll linkage
C:\Users\guekam\source\repos\ECA_ZMI4104_Project\ECA_ZMI4104C_main\eca_soleil_zmi4104_lib\eca_soleil_zmi4104c.h(348,31): message : see previous definition of 'parseVmePosErrs'
C:\Users\guekam\source\repos\ECA_ZMI4104_Project\ECA_ZMI4104C_main\eca_soleil_zmi4104_lib\eca_soleil_zmi4104c.cpp(4915,70): warning C4273: 'parseVmeErrorStatus1': inconsistent dll linkage
C:\Users\guekam\source\repos\ECA_ZMI4104_Project\ECA_ZMI4104C_main\eca_soleil_zmi4104_lib\eca_soleil_zmi4104c.h(349,31): message : see previous definition of 'parseVmeErrorStatus1'
C:\Users\guekam\source\repos\ECA_ZMI4104_Project\ECA_ZMI4104C_main\eca_soleil_zmi4104_lib\eca_soleil_zmi4104c.cpp(4938,47): warning C4273: 'getLedsErrorStatus': inconsistent dll linkage
C:\Users\guekam\source\repos\ECA_ZMI4104_Project\ECA_ZMI4104C_main\eca_soleil_zmi4104_lib\eca_soleil_zmi4104c.h(250,31): message : see previous definition of 'getLedsErrorStatus'
C:\Users\guekam\source\repos\ECA_ZMI4104_Project\ECA_ZMI4104C_main\eca_soleil_zmi4104_lib\eca_soleil_zmi4104c.cpp(5007,70): warning C4273: 'parseVmeErrorStatus0': inconsistent dll linkage
C:\Users\guekam\source\repos\ECA_ZMI4104_Project\ECA_ZMI4104C_main\eca_soleil_zmi4104_lib\eca_soleil_zmi4104c.h(350,31): message : see previous definition of 'parseVmeErrorStatus0'
C:\Users\guekam\source\repos\ECA_ZMI4104_Project\ECA_ZMI4104C_main\eca_soleil_zmi4104_lib\eca_soleil_zmi4104c.cpp(5062,57): warning C4273: 'parseApdErrCode': inconsistent dll linkage
C:\Users\guekam\source\repos\ECA_ZMI4104_Project\ECA_ZMI4104C_main\eca_soleil_zmi4104_lib\eca_soleil_zmi4104c.h(351,31): message : see previous definition of 'parseApdErrCode'
C:\Users\guekam\source\repos\ECA_ZMI4104_Project\ECA_ZMI4104C_main\eca_soleil_zmi4104_lib\eca_soleil_zmi4104c.cpp(5228,58): warning C4273: 'readSamplePosition37': inconsistent dll linkage
C:\Users\guekam\source\repos\ECA_ZMI4104_Project\ECA_ZMI4104C_main\eca_soleil_zmi4104_lib\eca_soleil_zmi4104c.h(275,31): message : see previous definition of 'readSamplePosition37'
C:\Users\guekam\source\repos\ECA_ZMI4104_Project\ECA_ZMI4104C_main\eca_soleil_zmi4104_lib\eca_soleil_zmi4104c.cpp(5264,58): warning C4273: 'readSamplePosition32': inconsistent dll linkage
C:\Users\guekam\source\repos\ECA_ZMI4104_Project\ECA_ZMI4104C_main\eca_soleil_zmi4104_lib\eca_soleil_zmi4104c.h(274,31): message : see previous definition of 'readSamplePosition32'
C:\Users\guekam\source\repos\ECA_ZMI4104_Project\ECA_ZMI4104C_main\eca_soleil_zmi4104_lib\eca_soleil_zmi4104c.cpp(5282,29): warning C4273: 'setPrecision': inconsistent dll linkage
C:\Users\guekam\source\repos\ECA_ZMI4104_Project\ECA_ZMI4104C_main\eca_soleil_zmi4104_lib\eca_soleil_zmi4104c.h(216,31): message : see previous definition of 'setPrecision'
C:\Users\guekam\source\repos\ECA_ZMI4104_Project\ECA_ZMI4104C_main\eca_soleil_zmi4104_lib\eca_soleil_zmi4104c.cpp(5310,21): warning C4273: 'getPrecision': inconsistent dll linkage
C:\Users\guekam\source\repos\ECA_ZMI4104_Project\ECA_ZMI4104C_main\eca_soleil_zmi4104_lib\eca_soleil_zmi4104c.h(217,32): message : see previous definition of 'getPrecision'
C:\Users\guekam\source\repos\ECA_ZMI4104_Project\ECA_ZMI4104C_main\eca_soleil_zmi4104_lib\eca_soleil_zmi4104c.cpp(5323,56): warning C4273: 'readFifoPosition': inconsistent dll linkage
C:\Users\guekam\source\repos\ECA_ZMI4104_Project\ECA_ZMI4104C_main\eca_soleil_zmi4104_lib\eca_soleil_zmi4104c.h(278,31): message : see previous definition of 'readFifoPosition'
C:\Users\guekam\source\repos\ECA_ZMI4104_Project\ECA_ZMI4104C_main\eca_soleil_zmi4104_lib\eca_soleil_zmi4104c.cpp(5347,50): warning C4273: 'readVelocity': inconsistent dll linkage
C:\Users\guekam\source\repos\ECA_ZMI4104_Project\ECA_ZMI4104C_main\eca_soleil_zmi4104_lib\eca_soleil_zmi4104c.h(300,31): message : see previous definition of 'readVelocity'
C:\Users\guekam\source\repos\ECA_ZMI4104_Project\ECA_ZMI4104C_main\eca_soleil_zmi4104_lib\eca_soleil_zmi4104c.cpp(5373,52): warning C4273: 'readVelocityForAllAxis': inconsistent dll linkage
C:\Users\guekam\source\repos\ECA_ZMI4104_Project\ECA_ZMI4104C_main\eca_soleil_zmi4104_lib\eca_soleil_zmi4104c.h(301,31): message : see previous definition of 'readVelocityForAllAxis'
C:\Users\guekam\source\repos\ECA_ZMI4104_Project\ECA_ZMI4104C_main\eca_soleil_zmi4104_lib\eca_soleil_zmi4104c.cpp(5398,50): warning C4273: 'readPosition': inconsistent dll linkage
C:\Users\guekam\source\repos\ECA_ZMI4104_Project\ECA_ZMI4104C_main\eca_soleil_zmi4104_lib\eca_soleil_zmi4104c.h(276,31): message : see previous definition of 'readPosition'
C:\Users\guekam\source\repos\ECA_ZMI4104_Project\ECA_ZMI4104C_main\eca_soleil_zmi4104_lib\eca_soleil_zmi4104c.cpp(5431,52): warning C4273: 'readPositionForAllAxis': inconsistent dll linkage
C:\Users\guekam\source\repos\ECA_ZMI4104_Project\ECA_ZMI4104C_main\eca_soleil_zmi4104_lib\eca_soleil_zmi4104c.h(277,31): message : see previous definition of 'readPositionForAllAxis'
C:\Users\guekam\source\repos\ECA_ZMI4104_Project\ECA_ZMI4104C_main\eca_soleil_zmi4104_lib\eca_soleil_zmi4104c.cpp(5446,39): warning C4273: 'isVmePos32Overflow': inconsistent dll linkage
C:\Users\guekam\source\repos\ECA_ZMI4104_Project\ECA_ZMI4104C_main\eca_soleil_zmi4104_lib\eca_soleil_zmi4104c.h(288,32): message : see previous definition of 'isVmePos32Overflow'
C:\Users\guekam\source\repos\ECA_ZMI4104_Project\ECA_ZMI4104C_main\eca_soleil_zmi4104_lib\eca_soleil_zmi4104c.cpp(5606,42): warning C4273: 'readTime': inconsistent dll linkage
C:\Users\guekam\source\repos\ECA_ZMI4104_Project\ECA_ZMI4104C_main\eca_soleil_zmi4104_lib\eca_soleil_zmi4104c.h(297,31): message : see previous definition of 'readTime'
C:\Users\guekam\source\repos\ECA_ZMI4104_Project\ECA_ZMI4104C_main\eca_soleil_zmi4104_lib\eca_soleil_zmi4104c.cpp(5625,44): warning C4273: 'readTimeForAllAxis': inconsistent dll linkage
C:\Users\guekam\source\repos\ECA_ZMI4104_Project\ECA_ZMI4104C_main\eca_soleil_zmi4104_lib\eca_soleil_zmi4104c.h(298,31): message : see previous definition of 'readTimeForAllAxis'
C:\Users\guekam\source\repos\ECA_ZMI4104_Project\ECA_ZMI4104C_main\eca_soleil_zmi4104_lib\eca_soleil_zmi4104c.cpp(5681,1): warning C4273: 'enablePreset': inconsistent dll linkage
C:\Users\guekam\source\repos\ECA_ZMI4104_Project\ECA_ZMI4104C_main\eca_soleil_zmi4104_lib\eca_soleil_zmi4104c.h(214,31): message : see previous definition of 'enablePreset'
C:\Users\guekam\source\repos\ECA_ZMI4104_Project\ECA_ZMI4104C_main\eca_soleil_zmi4104_lib\eca_soleil_zmi4104c.cpp(5723,1): warning C4273: 'enableResetFindsVelocity': inconsistent dll linkage
C:\Users\guekam\source\repos\ECA_ZMI4104_Project\ECA_ZMI4104C_main\eca_soleil_zmi4104_lib\eca_soleil_zmi4104c.h(342,31): message : see previous definition of 'enableResetFindsVelocity'
C:\Users\guekam\source\repos\ECA_ZMI4104_Project\ECA_ZMI4104C_main\eca_soleil_zmi4104_lib\eca_soleil_zmi4104c.cpp(5737,1): warning C4273: 'enableResetFindsVelocityForAllAxis': inconsistent dll linkage
C:\Users\guekam\source\repos\ECA_ZMI4104_Project\ECA_ZMI4104C_main\eca_soleil_zmi4104_lib\eca_soleil_zmi4104c.h(343,31): message : see previous definition of 'enableResetFindsVelocityForAllAxis'
C:\Users\guekam\source\repos\ECA_ZMI4104_Project\ECA_ZMI4104C_main\eca_soleil_zmi4104_lib\eca_soleil_zmi4104c.cpp(5752,1): warning C4273: 'disableResetFindsVelocity': inconsistent dll linkage
C:\Users\guekam\source\repos\ECA_ZMI4104_Project\ECA_ZMI4104C_main\eca_soleil_zmi4104_lib\eca_soleil_zmi4104c.h(344,31): message : see previous definition of 'disableResetFindsVelocity'
C:\Users\guekam\source\repos\ECA_ZMI4104_Project\ECA_ZMI4104C_main\eca_soleil_zmi4104_lib\eca_soleil_zmi4104c.cpp(5767,1): warning C4273: 'disableResetFindsVelocityForAllAxis': inconsistent dll linkage
C:\Users\guekam\source\repos\ECA_ZMI4104_Project\ECA_ZMI4104C_main\eca_soleil_zmi4104_lib\eca_soleil_zmi4104c.h(345,31): message : see previous definition of 'disableResetFindsVelocityForAllAxis'
C:\Users\guekam\source\repos\ECA_ZMI4104_Project\ECA_ZMI4104C_main\eca_soleil_zmi4104_lib\eca_soleil_zmi4104c.cpp(5782,1): warning C4273: 'setSampleSourceClock': inconsistent dll linkage
C:\Users\guekam\source\repos\ECA_ZMI4104_Project\ECA_ZMI4104C_main\eca_soleil_zmi4104_lib\eca_soleil_zmi4104c.h(238,31): message : see previous definition of 'setSampleSourceClock'
C:\Users\guekam\source\repos\ECA_ZMI4104_Project\ECA_ZMI4104C_main\eca_soleil_zmi4104_lib\eca_soleil_zmi4104c.cpp(5812,1): warning C4273: 'getSampleSourceClock': inconsistent dll linkage
C:\Users\guekam\source\repos\ECA_ZMI4104_Project\ECA_ZMI4104C_main\eca_soleil_zmi4104_lib\eca_soleil_zmi4104c.h(240,31): message : see previous definition of 'getSampleSourceClock'
C:\Users\guekam\source\repos\ECA_ZMI4104_Project\ECA_ZMI4104C_main\eca_soleil_zmi4104_lib\eca_soleil_zmi4104c.cpp(5830,1): warning C4273: 'setResetSourceClock': inconsistent dll linkage
C:\Users\guekam\source\repos\ECA_ZMI4104_Project\ECA_ZMI4104C_main\eca_soleil_zmi4104_lib\eca_soleil_zmi4104c.h(239,31): message : see previous definition of 'setResetSourceClock'
C:\Users\guekam\source\repos\ECA_ZMI4104_Project\ECA_ZMI4104C_main\eca_soleil_zmi4104_lib\eca_soleil_zmi4104c.cpp(5866,1): warning C4273: 'getResetSourceClock': inconsistent dll linkage
C:\Users\guekam\source\repos\ECA_ZMI4104_Project\ECA_ZMI4104C_main\eca_soleil_zmi4104_lib\eca_soleil_zmi4104c.h(241,31): message : see previous definition of 'getResetSourceClock'
C:\Users\guekam\source\repos\ECA_ZMI4104_Project\ECA_ZMI4104C_main\eca_soleil_zmi4104_lib\eca_soleil_zmi4104c.cpp(5885,1): warning C4273: 'setTimeDelayBetweenResAndCompleteBit': inconsistent dll linkage
C:\Users\guekam\source\repos\ECA_ZMI4104_Project\ECA_ZMI4104C_main\eca_soleil_zmi4104_lib\eca_soleil_zmi4104c.h(211,31): message : see previous definition of 'setTimeDelayBetweenResAndCompleteBit'
C:\Users\guekam\source\repos\ECA_ZMI4104_Project\ECA_ZMI4104C_main\eca_soleil_zmi4104_lib\eca_soleil_zmi4104c.cpp(5917,37): warning C4273: 'readScaledSsiAv': inconsistent dll linkage
C:\Users\guekam\source\repos\ECA_ZMI4104_Project\ECA_ZMI4104C_main\eca_soleil_zmi4104_lib\eca_soleil_zmi4104c.h(381,31): message : see previous definition of 'readScaledSsiAv'
C:\Users\guekam\source\repos\ECA_ZMI4104_Project\ECA_ZMI4104C_main\eca_soleil_zmi4104_lib\eca_soleil_zmi4104c.cpp(5937,31): warning C4273: 'readSsiAv': inconsistent dll linkage
C:\Users\guekam\source\repos\ECA_ZMI4104_Project\ECA_ZMI4104C_main\eca_soleil_zmi4104_lib\eca_soleil_zmi4104c.h(304,31): message : see previous definition of 'readSsiAv'
C:\Users\guekam\source\repos\ECA_ZMI4104_Project\ECA_ZMI4104C_main\eca_soleil_zmi4104_lib\eca_soleil_zmi4104c.cpp(5961,57): warning C4273: 'readOpticalPowerUsingSsiAv': inconsistent dll linkage
C:\Users\guekam\source\repos\ECA_ZMI4104_Project\ECA_ZMI4104C_main\eca_soleil_zmi4104_lib\eca_soleil_zmi4104c.h(303,31): message : see previous definition of 'readOpticalPowerUsingSsiAv'
C:\Users\guekam\source\repos\ECA_ZMI4104_Project\ECA_ZMI4104C_main\eca_soleil_zmi4104_lib\eca_soleil_zmi4104c.cpp(6001,57): warning C4273: 'setSsiSquelch': inconsistent dll linkage
C:\Users\guekam\source\repos\ECA_ZMI4104_Project\ECA_ZMI4104C_main\eca_soleil_zmi4104_lib\eca_soleil_zmi4104c.h(310,31): message : see previous definition of 'setSsiSquelch'
C:\Users\guekam\source\repos\ECA_ZMI4104_Project\ECA_ZMI4104C_main\eca_soleil_zmi4104_lib\eca_soleil_zmi4104c.cpp(6024,58): warning C4273: 'getSsiSquelch': inconsistent dll linkage
C:\Users\guekam\source\repos\ECA_ZMI4104_Project\ECA_ZMI4104C_main\eca_soleil_zmi4104_lib\eca_soleil_zmi4104c.h(311,31): message : see previous definition of 'getSsiSquelch'
C:\Users\guekam\source\repos\ECA_ZMI4104_Project\ECA_ZMI4104C_main\eca_soleil_zmi4104_lib\eca_soleil_zmi4104c.cpp(6233,49): warning C4273: 'readApdGain': inconsistent dll linkage
C:\Users\guekam\source\repos\ECA_ZMI4104_Project\ECA_ZMI4104C_main\eca_soleil_zmi4104_lib\eca_soleil_zmi4104c.h(307,31): message : see previous definition of 'readApdGain'
C:\Users\guekam\source\repos\ECA_ZMI4104_Project\ECA_ZMI4104C_main\eca_soleil_zmi4104_lib\eca_soleil_zmi4104c.cpp(6255,49): warning C4273: 'readApdGainForAllAxis': inconsistent dll linkage
C:\Users\guekam\source\repos\ECA_ZMI4104_Project\ECA_ZMI4104C_main\eca_soleil_zmi4104_lib\eca_soleil_zmi4104c.h(308,31): message : see previous definition of 'readApdGainForAllAxis'
C:\Users\guekam\source\repos\ECA_ZMI4104_Project\ECA_ZMI4104C_main\eca_soleil_zmi4104_lib\eca_soleil_zmi4104c.cpp(6271,38): warning C4273: 'enableAuxRegisters': inconsistent dll linkage
C:\Users\guekam\source\repos\ECA_ZMI4104_Project\ECA_ZMI4104C_main\eca_soleil_zmi4104_lib\eca_soleil_zmi4104c.h(328,31): message : see previous definition of 'enableAuxRegisters'
C:\Users\guekam\source\repos\ECA_ZMI4104_Project\ECA_ZMI4104C_main\eca_soleil_zmi4104_lib\eca_soleil_zmi4104c.cpp(6296,39): warning C4273: 'readApdCtrlSoftErrs': inconsistent dll linkage
C:\Users\guekam\source\repos\ECA_ZMI4104_Project\ECA_ZMI4104C_main\eca_soleil_zmi4104_lib\eca_soleil_zmi4104c.h(354,31): message : see previous definition of 'readApdCtrlSoftErrs'
C:\Users\guekam\source\repos\ECA_ZMI4104_Project\ECA_ZMI4104C_main\eca_soleil_zmi4104_lib\eca_soleil_zmi4104c.cpp(6375,40): warning C4273: 'enable32BitsOverflow': inconsistent dll linkage
C:\Users\guekam\source\repos\ECA_ZMI4104_Project\ECA_ZMI4104C_main\eca_soleil_zmi4104_lib\eca_soleil_zmi4104c.h(291,31): message : see previous definition of 'enable32BitsOverflow'
C:\Users\guekam\source\repos\ECA_ZMI4104_Project\ECA_ZMI4104C_main\eca_soleil_zmi4104_lib\eca_soleil_zmi4104c.cpp(6387,41): warning C4273: 'disable32BitsOverflow': inconsistent dll linkage
C:\Users\guekam\source\repos\ECA_ZMI4104_Project\ECA_ZMI4104C_main\eca_soleil_zmi4104_lib\eca_soleil_zmi4104c.h(292,31): message : see previous definition of 'disable32BitsOverflow'
C:\Users\guekam\source\repos\ECA_ZMI4104_Project\ECA_ZMI4104C_main\eca_soleil_zmi4104_lib\eca_soleil_zmi4104c.cpp(6399,39): warning C4273: 'disableAuxRegisters': inconsistent dll linkage
C:\Users\guekam\source\repos\ECA_ZMI4104_Project\ECA_ZMI4104C_main\eca_soleil_zmi4104_lib\eca_soleil_zmi4104c.h(329,31): message : see previous definition of 'disableAuxRegisters'
C:\Users\guekam\source\repos\ECA_ZMI4104_Project\ECA_ZMI4104C_main\eca_soleil_zmi4104_lib\eca_soleil_zmi4104c.cpp(6411,37): warning C4273: 'sampleVmePosition': inconsistent dll linkage
C:\Users\guekam\source\repos\ECA_ZMI4104_Project\ECA_ZMI4104C_main\eca_soleil_zmi4104_lib\eca_soleil_zmi4104c.h(279,31): message : see previous definition of 'sampleVmePosition'
C:\Users\guekam\source\repos\ECA_ZMI4104_Project\ECA_ZMI4104C_main\eca_soleil_zmi4104_lib\eca_soleil_zmi4104c.cpp(6437,14): warning C4273: 'sclkOn': inconsistent dll linkage
C:\Users\guekam\source\repos\ECA_ZMI4104_Project\ECA_ZMI4104C_main\eca_soleil_zmi4104_lib\eca_soleil_zmi4104c.h(331,31): message : see previous definition of 'sclkOn'
C:\Users\guekam\source\repos\ECA_ZMI4104_Project\ECA_ZMI4104C_main\eca_soleil_zmi4104_lib\eca_soleil_zmi4104c.cpp(6448,15): warning C4273: 'sclkOff': inconsistent dll linkage
C:\Users\guekam\source\repos\ECA_ZMI4104_Project\ECA_ZMI4104C_main\eca_soleil_zmi4104_lib\eca_soleil_zmi4104c.h(332,31): message : see previous definition of 'sclkOff'
C:\Users\guekam\source\repos\ECA_ZMI4104_Project\ECA_ZMI4104C_main\eca_soleil_zmi4104_lib\eca_soleil_zmi4104c.cpp(6461,19): warning C4273: 'vmeSysReset': inconsistent dll linkage
C:\Users\guekam\source\repos\ECA_ZMI4104_Project\ECA_ZMI4104C_main\eca_soleil_zmi4104_lib\eca_soleil_zmi4104c.h(206,31): message : see previous definition of 'vmeSysReset'
C:\Users\guekam\source\repos\ECA_ZMI4104_Project\ECA_ZMI4104C_main\eca_soleil_zmi4104_lib\eca_soleil_zmi4104c.cpp(6482,45): warning C4273: 'setSampTimerFreq': inconsistent dll linkage
C:\Users\guekam\source\repos\ECA_ZMI4104_Project\ECA_ZMI4104C_main\eca_soleil_zmi4104_lib\eca_soleil_zmi4104c.h(338,31): message : see previous definition of 'setSampTimerFreq'
C:\Users\guekam\source\repos\ECA_ZMI4104_Project\ECA_ZMI4104C_main\eca_soleil_zmi4104_lib\eca_soleil_zmi4104c.cpp(6524,46): warning C4273: 'getSamplingFrequency': inconsistent dll linkage
C:\Users\guekam\source\repos\ECA_ZMI4104_Project\ECA_ZMI4104C_main\eca_soleil_zmi4104_lib\eca_soleil_zmi4104c.h(335,31): message : see previous definition of 'getSamplingFrequency'
C:\Users\guekam\source\repos\ECA_ZMI4104_Project\ECA_ZMI4104C_main\eca_soleil_zmi4104_lib\eca_soleil_zmi4104c.cpp(6538,25): warning C4273: 'setHoldSampEnable': inconsistent dll linkage
C:\Users\guekam\source\repos\ECA_ZMI4104_Project\ECA_ZMI4104C_main\eca_soleil_zmi4104_lib\eca_soleil_zmi4104c.h(289,31): message : see previous definition of 'setHoldSampEnable'
C:\Users\guekam\source\repos\ECA_ZMI4104_Project\ECA_ZMI4104C_main\eca_soleil_zmi4104_lib\eca_soleil_zmi4104c.cpp(6550,27): warning C4273: 'resetHoldSampEnable': inconsistent dll linkage
C:\Users\guekam\source\repos\ECA_ZMI4104_Project\ECA_ZMI4104C_main\eca_soleil_zmi4104_lib\eca_soleil_zmi4104c.h(341,31): message : see previous definition of 'resetHoldSampEnable'
C:\Users\guekam\source\repos\ECA_ZMI4104_Project\ECA_ZMI4104C_main\eca_soleil_zmi4104_lib\eca_soleil_zmi4104c.cpp(6571,41): warning C4273: 'enableSampling': inconsistent dll linkage
C:\Users\guekam\source\repos\ECA_ZMI4104_Project\ECA_ZMI4104C_main\eca_soleil_zmi4104_lib\eca_soleil_zmi4104c.h(336,31): message : see previous definition of 'enableSampling'
C:\Users\guekam\source\repos\ECA_ZMI4104_Project\ECA_ZMI4104C_main\eca_soleil_zmi4104_lib\eca_soleil_zmi4104c.cpp(6594,47): warning C4273: 'setSamplingFrequency': inconsistent dll linkage
C:\Users\guekam\source\repos\ECA_ZMI4104_Project\ECA_ZMI4104C_main\eca_soleil_zmi4104_lib\eca_soleil_zmi4104c.h(334,31): message : see previous definition of 'setSamplingFrequency'
C:\Users\guekam\source\repos\ECA_ZMI4104_Project\ECA_ZMI4104C_main\eca_soleil_zmi4104_lib\eca_soleil_zmi4104c.cpp(6629,26): warning C4273: 'disableSampleTimer': inconsistent dll linkage
C:\Users\guekam\source\repos\ECA_ZMI4104_Project\ECA_ZMI4104C_main\eca_soleil_zmi4104_lib\eca_soleil_zmi4104c.h(337,31): message : see previous definition of 'disableSampleTimer'
C:\Users\guekam\source\repos\ECA_ZMI4104_Project\ECA_ZMI4104C_main\eca_soleil_zmi4104_lib\eca_soleil_zmi4104c.cpp(6638,54): warning C4273: 'getVmeExtSampFlag': inconsistent dll linkage
C:\Users\guekam\source\repos\ECA_ZMI4104_Project\ECA_ZMI4104C_main\eca_soleil_zmi4104_lib\eca_soleil_zmi4104c.h(339,31): message : see previous definition of 'getVmeExtSampFlag'
C:\Users\guekam\source\repos\ECA_ZMI4104_Project\ECA_ZMI4104C_main\eca_soleil_zmi4104_lib\eca_soleil_zmi4104c.cpp(6677,19): warning C4273: 'eepromRead': inconsistent dll linkage
C:\Users\guekam\source\repos\ECA_ZMI4104_Project\ECA_ZMI4104C_main\eca_soleil_zmi4104_lib\eca_soleil_zmi4104c.h(272,31): message : see previous definition of 'eepromRead'
C:\Users\guekam\source\repos\ECA_ZMI4104_Project\ECA_ZMI4104C_main\eca_soleil_zmi4104_lib\eca_soleil_zmi4104c.cpp(6757,23): warning C4273: 'readWrite': inconsistent dll linkage
C:\Users\guekam\source\repos\ECA_ZMI4104_Project\ECA_ZMI4104C_main\eca_soleil_zmi4104_lib\eca_soleil_zmi4104c.h(270,31): message : see previous definition of 'readWrite'
C:\Users\guekam\source\repos\ECA_ZMI4104_Project\ECA_ZMI4104C_main\eca_soleil_zmi4104_lib\eca_soleil_zmi4104c.cpp(6862,40): warning C4273: 'zygoLogFatal': inconsistent dll linkage
C:\Users\guekam\source\repos\ECA_ZMI4104_Project\ECA_ZMI4104C_main\eca_soleil_zmi4104_lib\eca_soleil_zmi4104c.h(259,31): message : see previous definition of 'zygoLogFatal'
C:\Users\guekam\source\repos\ECA_ZMI4104_Project\ECA_ZMI4104C_main\eca_soleil_zmi4104_lib\eca_soleil_zmi4104c.cpp(6890,39): warning C4273: 'zygoLogWarn': inconsistent dll linkage
C:\Users\guekam\source\repos\ECA_ZMI4104_Project\ECA_ZMI4104C_main\eca_soleil_zmi4104_lib\eca_soleil_zmi4104c.h(260,31): message : see previous definition of 'zygoLogWarn'
C:\Users\guekam\source\repos\ECA_ZMI4104_Project\ECA_ZMI4104C_main\eca_soleil_zmi4104_lib\eca_soleil_zmi4104c.cpp(6918,39): warning C4273: 'zygoLogInfo': inconsistent dll linkage
C:\Users\guekam\source\repos\ECA_ZMI4104_Project\ECA_ZMI4104C_main\eca_soleil_zmi4104_lib\eca_soleil_zmi4104c.h(261,31): message : see previous definition of 'zygoLogInfo'
C:\Users\guekam\source\repos\ECA_ZMI4104_Project\ECA_ZMI4104C_main\eca_soleil_zmi4104_lib\eca_soleil_zmi4104c.cpp(6954,37): warning C4273: 'setGainMinControl': inconsistent dll linkage
C:\Users\guekam\source\repos\ECA_ZMI4104_Project\ECA_ZMI4104C_main\eca_soleil_zmi4104_lib\eca_soleil_zmi4104c.h(377,31): message : see previous definition of 'setGainMinControl'
C:\Users\guekam\source\repos\ECA_ZMI4104_Project\ECA_ZMI4104C_main\eca_soleil_zmi4104_lib\eca_soleil_zmi4104c.cpp(6970,50): warning C4273: 'getGainMinControl': inconsistent dll linkage
C:\Users\guekam\source\repos\ECA_ZMI4104_Project\ECA_ZMI4104C_main\eca_soleil_zmi4104_lib\eca_soleil_zmi4104c.h(264,31): message : see previous definition of 'getGainMinControl'
C:\Users\guekam\source\repos\ECA_ZMI4104_Project\ECA_ZMI4104C_main\eca_soleil_zmi4104_lib\eca_soleil_zmi4104c.cpp(6989,39): warning C4273: 'resetGainMinControl': inconsistent dll linkage
C:\Users\guekam\source\repos\ECA_ZMI4104_Project\ECA_ZMI4104C_main\eca_soleil_zmi4104_lib\eca_soleil_zmi4104c.h(378,31): message : see previous definition of 'resetGainMinControl'
C:\Users\guekam\source\repos\ECA_ZMI4104_Project\ECA_ZMI4104C_main\eca_soleil_zmi4104_lib\eca_soleil_zmi4104c.cpp(7004,37): warning C4273: 'setGainMaxControl': inconsistent dll linkage
C:\Users\guekam\source\repos\ECA_ZMI4104_Project\ECA_ZMI4104C_main\eca_soleil_zmi4104_lib\eca_soleil_zmi4104c.h(379,31): message : see previous definition of 'setGainMaxControl'
C:\Users\guekam\source\repos\ECA_ZMI4104_Project\ECA_ZMI4104C_main\eca_soleil_zmi4104_lib\eca_soleil_zmi4104c.cpp(7021,50): warning C4273: 'getGainMaxControl': inconsistent dll linkage
C:\Users\guekam\source\repos\ECA_ZMI4104_Project\ECA_ZMI4104C_main\eca_soleil_zmi4104_lib\eca_soleil_zmi4104c.h(265,31): message : see previous definition of 'getGainMaxControl'
C:\Users\guekam\source\repos\ECA_ZMI4104_Project\ECA_ZMI4104C_main\eca_soleil_zmi4104_lib\eca_soleil_zmi4104c.cpp(7039,39): warning C4273: 'resetGainMaxControl': inconsistent dll linkage
C:\Users\guekam\source\repos\ECA_ZMI4104_Project\ECA_ZMI4104C_main\eca_soleil_zmi4104_lib\eca_soleil_zmi4104c.h(380,31): message : see previous definition of 'resetGainMaxControl'
C:\Users\guekam\source\repos\ECA_ZMI4104_Project\ECA_ZMI4104C_main\eca_soleil_zmi4104_lib\eca_soleil_zmi4104c.cpp(7055,37): warning C4273: 'setGainControlAgc': inconsistent dll linkage
C:\Users\guekam\source\repos\ECA_ZMI4104_Project\ECA_ZMI4104C_main\eca_soleil_zmi4104_lib\eca_soleil_zmi4104c.h(375,31): message : see previous definition of 'setGainControlAgc'
C:\Users\guekam\source\repos\ECA_ZMI4104_Project\ECA_ZMI4104C_main\eca_soleil_zmi4104_lib\eca_soleil_zmi4104c.cpp(7070,53): warning C4273: 'getGainControlAgc': inconsistent dll linkage
C:\Users\guekam\source\repos\ECA_ZMI4104_Project\ECA_ZMI4104C_main\eca_soleil_zmi4104_lib\eca_soleil_zmi4104c.h(263,31): message : see previous definition of 'getGainControlAgc'
C:\Users\guekam\source\repos\ECA_ZMI4104_Project\ECA_ZMI4104C_main\eca_soleil_zmi4104_lib\eca_soleil_zmi4104c.cpp(7088,39): warning C4273: 'resetGainControlAgc': inconsistent dll linkage
C:\Users\guekam\source\repos\ECA_ZMI4104_Project\ECA_ZMI4104C_main\eca_soleil_zmi4104_lib\eca_soleil_zmi4104c.h(376,31): message : see previous definition of 'resetGainControlAgc'
C:\Users\guekam\source\repos\ECA_ZMI4104_Project\ECA_ZMI4104C_main\eca_soleil_zmi4104_lib\eca_soleil_zmi4104c.cpp(7103,116): warning C4273: 'readGseData': inconsistent dll linkage
C:\Users\guekam\source\repos\ECA_ZMI4104_Project\ECA_ZMI4104C_main\eca_soleil_zmi4104_lib\eca_soleil_zmi4104c.h(313,31): message : see previous definition of 'readGseData'
C:\Users\guekam\source\repos\ECA_ZMI4104_Project\ECA_ZMI4104C_main\eca_soleil_zmi4104_lib\eca_soleil_zmi4104c.cpp(7150,111): warning C4273: 'readGseDataForAllAxis': inconsistent dll linkage
C:\Users\guekam\source\repos\ECA_ZMI4104_Project\ECA_ZMI4104C_main\eca_soleil_zmi4104_lib\eca_soleil_zmi4104c.h(314,31): message : see previous definition of 'readGseDataForAllAxis'
C:\Users\guekam\source\repos\ECA_ZMI4104_Project\ECA_ZMI4104C_main\eca_soleil_zmi4104_lib\eca_soleil_zmi4104c.cpp(7167,43): warning C4273: 'getInterferometerConfiguration': inconsistent dll linkage
C:\Users\guekam\source\repos\ECA_ZMI4104_Project\ECA_ZMI4104C_main\eca_soleil_zmi4104_lib\eca_soleil_zmi4104c.h(229,36): message : see previous definition of 'getInterferometerConfiguration'
C:\Users\guekam\source\repos\ECA_ZMI4104_Project\ECA_ZMI4104C_main\eca_soleil_zmi4104_lib\eca_soleil_zmi4104c.cpp(7170,28): warning C4273: 'getCachedSampleSclk': inconsistent dll linkage
C:\Users\guekam\source\repos\ECA_ZMI4104_Project\ECA_ZMI4104C_main\eca_soleil_zmi4104_lib\eca_soleil_zmi4104c.h(267,32): message : see previous definition of 'getCachedSampleSclk'
C:\Users\guekam\source\repos\ECA_ZMI4104_Project\ECA_ZMI4104C_main\eca_soleil_zmi4104_lib\eca_soleil_zmi4104c.cpp(7173,27): warning C4273: 'getCachedResetSclk': inconsistent dll linkage
C:\Users\guekam\source\repos\ECA_ZMI4104_Project\ECA_ZMI4104C_main\eca_soleil_zmi4104_lib\eca_soleil_zmi4104c.h(268,32): message : see previous definition of 'getCachedResetSclk'
C:\Users\guekam\source\repos\ECA_ZMI4104_Project\ECA_ZMI4104C_main\eca_soleil_zmi4104_lib\eca_soleil_zmi4104c.cpp(7177,39): warning C4273: 'getCachedSamplingFrequency': inconsistent dll linkage
C:\Users\guekam\source\repos\ECA_ZMI4104_Project\ECA_ZMI4104C_main\eca_soleil_zmi4104_lib\eca_soleil_zmi4104c.h(333,36): message : see previous definition of 'getCachedSamplingFrequency'
C:\Users\guekam\source\repos\ECA_ZMI4104_Project\ECA_ZMI4104C_main\eca_soleil_zmi4104_lib\eca_soleil_zmi4104c.cpp(7181,26): warning C4273: 'getCachedCecState': inconsistent dll linkage
C:\Users\guekam\source\repos\ECA_ZMI4104_Project\ECA_ZMI4104C_main\eca_soleil_zmi4104_lib\eca_soleil_zmi4104c.h(232,32): message : see previous definition of 'getCachedCecState'
C:\Users\guekam\source\repos\ECA_ZMI4104_Project\ECA_ZMI4104C_main\eca_soleil_zmi4104_lib\eca_soleil_zmi4104c.cpp(7184,33): warning C4273: 'getCachedBaseAddress': inconsistent dll linkage
C:\Users\guekam\source\repos\ECA_ZMI4104_Project\ECA_ZMI4104C_main\eca_soleil_zmi4104_lib\eca_soleil_zmi4104c.h(253,36): message : see previous definition of 'getCachedBaseAddress'
C:\Users\guekam\source\repos\ECA_ZMI4104_Project\ECA_ZMI4104C_main\eca_soleil_zmi4104_lib\eca_soleil_zmi4104c.cpp(7193,35): warning C4273: 'getZygoBoardVersion': inconsistent dll linkage
C:\Users\guekam\source\repos\ECA_ZMI4104_Project\ECA_ZMI4104C_main\eca_soleil_zmi4104_lib\eca_soleil_zmi4104c.h(227,39): message : see previous definition of 'getZygoBoardVersion'
C:\Users\guekam\source\repos\ECA_ZMI4104_Project\ECA_ZMI4104C_main\eca_soleil_zmi4104_lib\eca_soleil_zmi4104c.cpp(7204,35): warning C4273: 'getZygoSerialNumber': inconsistent dll linkage
C:\Users\guekam\source\repos\ECA_ZMI4104_Project\ECA_ZMI4104C_main\eca_soleil_zmi4104_lib\eca_soleil_zmi4104c.h(226,39): message : see previous definition of 'getZygoSerialNumber'
C:\Users\guekam\source\repos\ECA_ZMI4104_Project\ECA_ZMI4104C_main\eca_soleil_zmi4104_lib\eca_soleil_zmi4104c.cpp(7215,38): warning C4273: 'getZygoFirmwareVersion': inconsistent dll linkage
C:\Users\guekam\source\repos\ECA_ZMI4104_Project\ECA_ZMI4104C_main\eca_soleil_zmi4104_lib\eca_soleil_zmi4104c.h(225,39): message : see previous definition of 'getZygoFirmwareVersion'
C:\Users\guekam\source\repos\ECA_ZMI4104_Project\ECA_ZMI4104C_main\eca_soleil_zmi4104_lib\eca_soleil_zmi4104c.cpp(7226,31): warning C4273: 'getZygoBoardRef': inconsistent dll linkage
C:\Users\guekam\source\repos\ECA_ZMI4104_Project\ECA_ZMI4104C_main\eca_soleil_zmi4104_lib\eca_soleil_zmi4104c.h(224,39): message : see previous definition of 'getZygoBoardRef'
C:\Users\guekam\source\repos\ECA_ZMI4104_Project\ECA_ZMI4104C_main\eca_soleil_zmi4104_lib\eca_soleil_zmi4104c.cpp(7237,37): warning C4273: 'getSisFirmwareVersion': inconsistent dll linkage
C:\Users\guekam\source\repos\ECA_ZMI4104_Project\ECA_ZMI4104C_main\eca_soleil_zmi4104_lib\eca_soleil_zmi4104c.h(223,39): message : see previous definition of 'getSisFirmwareVersion'
C:\Users\guekam\source\repos\ECA_ZMI4104_Project\ECA_ZMI4104C_main\eca_soleil_zmi4104_lib\eca_soleil_zmi4104c.cpp(7247,34): warning C4273: 'getSisBoardVersion': inconsistent dll linkage
C:\Users\guekam\source\repos\ECA_ZMI4104_Project\ECA_ZMI4104C_main\eca_soleil_zmi4104_lib\eca_soleil_zmi4104c.h(222,39): message : see previous definition of 'getSisBoardVersion'
     Creating library C:\Users\guekam\source\repos\ECA_ZMI4104_Project\ECA_ZMI4104C_main\eca_soleil_zmi4104_lib\Release\eca_soleil_zmi4104_lib.lib and object C:\Users\guekam\source\repos\ECA_ZMI4104_Project\ECA_ZMI4104C_main\eca_soleil_zmi4104_lib\Release\eca_soleil_zmi4104_lib.exp
  Generating code
  1 of 185 functions ( 0.5%) were compiled, the rest were copied from previous compilation.
    0 functions were new in current compilation
    0 functions had inline decision re-evaluated but remain unchanged
  Finished generating code
  eca_soleil_zmi4104_lib.vcxproj -> C:\Users\guekam\source\repos\ECA_ZMI4104_Project\ECA_ZMI4104C_main\eca_soleil_zmi4104_lib\Release\eca_soleil_zmi4104_lib.dll
