  eca_soleil_zmi4104c.cpp
C:\Users\guekam\source\repos\ECA_ZMI4104_Project\ECA_ZMI4104C_main\eca_soleil_zmi4104_lib\eca_soleil_zmi4104c.cpp(4,51): warning C4273: 'modifyBaseAddress': inconsistent dll linkage
C:\Users\guekam\source\repos\ECA_ZMI4104_Project\ECA_ZMI4104C_main\eca_soleil_zmi4104_lib\eca_soleil_zmi4104c.h(193,32): message : see previous definition of 'modifyBaseAddress'
C:\Users\guekam\source\repos\ECA_ZMI4104_Project\ECA_ZMI4104C_main\eca_soleil_zmi4104_lib\eca_soleil_zmi4104c.cpp(13,1): warning C4273: 'CreateEvents': inconsistent dll linkage
C:\Users\guekam\source\repos\ECA_ZMI4104_Project\ECA_ZMI4104C_main\eca_soleil_zmi4104_lib\eca_soleil_zmi4104c.h(194,32): message : see previous definition of 'CreateEvents'
C:\Users\guekam\source\repos\ECA_ZMI4104_Project\ECA_ZMI4104C_main\eca_soleil_zmi4104_lib\eca_soleil_zmi4104c.cpp(47,1): warning C4273: 'CreateThreads': inconsistent dll linkage
C:\Users\guekam\source\repos\ECA_ZMI4104_Project\ECA_ZMI4104C_main\eca_soleil_zmi4104_lib\eca_soleil_zmi4104c.h(195,32): message : see previous definition of 'CreateThreads'
C:\Users\guekam\source\repos\ECA_ZMI4104_Project\ECA_ZMI4104C_main\eca_soleil_zmi4104_lib\eca_soleil_zmi4104c.cpp(132,1): warning C4273: 'CloseThreads': inconsistent dll linkage
C:\Users\guekam\source\repos\ECA_ZMI4104_Project\ECA_ZMI4104C_main\eca_soleil_zmi4104_lib\eca_soleil_zmi4104c.h(196,32): message : see previous definition of 'CloseThreads'
C:\Users\guekam\source\repos\ECA_ZMI4104_Project\ECA_ZMI4104C_main\eca_soleil_zmi4104_lib\eca_soleil_zmi4104c.cpp(428,76): warning C4273: 'configureCEChardware': inconsistent dll linkage
C:\Users\guekam\source\repos\ECA_ZMI4104_Project\ECA_ZMI4104C_main\eca_soleil_zmi4104_lib\eca_soleil_zmi4104c.h(199,31): message : see previous definition of 'configureCEChardware'
C:\Users\guekam\source\repos\ECA_ZMI4104_Project\ECA_ZMI4104C_main\eca_soleil_zmi4104_lib\eca_soleil_zmi4104c.cpp(482,67): warning C4273: 'readCEerrorStatReg': inconsistent dll linkage
C:\Users\guekam\source\repos\ECA_ZMI4104_Project\ECA_ZMI4104C_main\eca_soleil_zmi4104_lib\eca_soleil_zmi4104c.h(190,31): message : see previous definition of 'readCEerrorStatReg'
C:\Users\guekam\source\repos\ECA_ZMI4104_Project\ECA_ZMI4104C_main\eca_soleil_zmi4104_lib\eca_soleil_zmi4104c.cpp(650,1): warning C4273: 'AckForSis3100VME_Irq': inconsistent dll linkage
C:\Users\guekam\source\repos\ECA_ZMI4104_Project\ECA_ZMI4104C_main\eca_soleil_zmi4104_lib\eca_soleil_zmi4104c.h(310,31): message : see previous definition of 'AckForSis3100VME_Irq'
C:\Users\guekam\source\repos\ECA_ZMI4104_Project\ECA_ZMI4104C_main\eca_soleil_zmi4104_lib\eca_soleil_zmi4104c.cpp(699,42): warning C4273: 'EnableSinglePassInterferometer': inconsistent dll linkage
C:\Users\guekam\source\repos\ECA_ZMI4104_Project\ECA_ZMI4104C_main\eca_soleil_zmi4104_lib\eca_soleil_zmi4104c.h(259,31): message : see previous definition of 'EnableSinglePassInterferometer'
C:\Users\guekam\source\repos\ECA_ZMI4104_Project\ECA_ZMI4104C_main\eca_soleil_zmi4104_lib\eca_soleil_zmi4104c.cpp(706,42): warning C4273: 'EnableDoublePassInterferometer': inconsistent dll linkage
C:\Users\guekam\source\repos\ECA_ZMI4104_Project\ECA_ZMI4104C_main\eca_soleil_zmi4104_lib\eca_soleil_zmi4104c.h(260,31): message : see previous definition of 'EnableDoublePassInterferometer'
C:\Users\guekam\source\repos\ECA_ZMI4104_Project\ECA_ZMI4104C_main\eca_soleil_zmi4104_lib\eca_soleil_zmi4104c.cpp(715,37): warning C4273: 'initAxis': inconsistent dll linkage
C:\Users\guekam\source\repos\ECA_ZMI4104_Project\ECA_ZMI4104C_main\eca_soleil_zmi4104_lib\eca_soleil_zmi4104c.h(207,31): message : see previous definition of 'initAxis'
C:\Users\guekam\source\repos\ECA_ZMI4104_Project\ECA_ZMI4104C_main\eca_soleil_zmi4104_lib\eca_soleil_zmi4104c.cpp(817,51): warning C4273: 'DisableAllVMEInterrupts': inconsistent dll linkage
C:\Users\guekam\source\repos\ECA_ZMI4104_Project\ECA_ZMI4104C_main\eca_soleil_zmi4104_lib\eca_soleil_zmi4104c.h(295,31): message : see previous definition of 'DisableAllVMEInterrupts'
C:\Users\guekam\source\repos\ECA_ZMI4104_Project\ECA_ZMI4104C_main\eca_soleil_zmi4104_lib\eca_soleil_zmi4104c.cpp(839,50): warning C4273: 'EnableAllVMEInterrupts': inconsistent dll linkage
C:\Users\guekam\source\repos\ECA_ZMI4104_Project\ECA_ZMI4104C_main\eca_soleil_zmi4104_lib\eca_soleil_zmi4104c.h(305,31): message : see previous definition of 'EnableAllVMEInterrupts'
C:\Users\guekam\source\repos\ECA_ZMI4104_Project\ECA_ZMI4104C_main\eca_soleil_zmi4104_lib\eca_soleil_zmi4104c.cpp(862,52): warning C4273: 'EnableVMEGlobalInterrupt': inconsistent dll linkage
C:\Users\guekam\source\repos\ECA_ZMI4104_Project\ECA_ZMI4104C_main\eca_soleil_zmi4104_lib\eca_soleil_zmi4104c.h(293,31): message : see previous definition of 'EnableVMEGlobalInterrupt'
C:\Users\guekam\source\repos\ECA_ZMI4104_Project\ECA_ZMI4104C_main\eca_soleil_zmi4104_lib\eca_soleil_zmi4104c.cpp(879,173): warning C4273: 'processRAMData': inconsistent dll linkage
C:\Users\guekam\source\repos\ECA_ZMI4104_Project\ECA_ZMI4104C_main\eca_soleil_zmi4104_lib\eca_soleil_zmi4104c.h(313,31): message : see previous definition of 'processRAMData'
C:\Users\guekam\source\repos\ECA_ZMI4104_Project\ECA_ZMI4104C_main\eca_soleil_zmi4104_lib\eca_soleil_zmi4104c.cpp(1038,151): warning C4273: 'processFifoData': inconsistent dll linkage
C:\Users\guekam\source\repos\ECA_ZMI4104_Project\ECA_ZMI4104C_main\eca_soleil_zmi4104_lib\eca_soleil_zmi4104c.h(314,31): message : see previous definition of 'processFifoData'
C:\Users\guekam\source\repos\ECA_ZMI4104_Project\ECA_ZMI4104C_main\eca_soleil_zmi4104_lib\eca_soleil_zmi4104c.cpp(1203,127): warning C4273: 'configureFifoFlyscan': inconsistent dll linkage
C:\Users\guekam\source\repos\ECA_ZMI4104_Project\ECA_ZMI4104C_main\eca_soleil_zmi4104_lib\eca_soleil_zmi4104c.h(315,31): message : see previous definition of 'configureFifoFlyscan'
C:\Users\guekam\source\repos\ECA_ZMI4104_Project\ECA_ZMI4104C_main\eca_soleil_zmi4104_lib\eca_soleil_zmi4104c.cpp(1269,101): warning C4273: 'fifoFlyscan': inconsistent dll linkage
C:\Users\guekam\source\repos\ECA_ZMI4104_Project\ECA_ZMI4104C_main\eca_soleil_zmi4104_lib\eca_soleil_zmi4104c.h(316,31): message : see previous definition of 'fifoFlyscan'
C:\Users\guekam\source\repos\ECA_ZMI4104_Project\ECA_ZMI4104C_main\eca_soleil_zmi4104_lib\eca_soleil_zmi4104c.cpp(1333,44): warning C4273: 'isFifoDavbitSet': inconsistent dll linkage
C:\Users\guekam\source\repos\ECA_ZMI4104_Project\ECA_ZMI4104C_main\eca_soleil_zmi4104_lib\eca_soleil_zmi4104c.h(317,32): message : see previous definition of 'isFifoDavbitSet'
C:\Users\guekam\source\repos\ECA_ZMI4104_Project\ECA_ZMI4104C_main\eca_soleil_zmi4104_lib\eca_soleil_zmi4104c.cpp(1344,44): warning C4273: 'isFifoOVFbitSet': inconsistent dll linkage
C:\Users\guekam\source\repos\ECA_ZMI4104_Project\ECA_ZMI4104C_main\eca_soleil_zmi4104_lib\eca_soleil_zmi4104c.h(318,32): message : see previous definition of 'isFifoOVFbitSet'
C:\Users\guekam\source\repos\ECA_ZMI4104_Project\ECA_ZMI4104C_main\eca_soleil_zmi4104_lib\eca_soleil_zmi4104c.cpp(1373,76): warning C4273: 'configureFlyscan': inconsistent dll linkage
C:\Users\guekam\source\repos\ECA_ZMI4104_Project\ECA_ZMI4104C_main\eca_soleil_zmi4104_lib\eca_soleil_zmi4104c.h(319,31): message : see previous definition of 'configureFlyscan'
C:\Users\guekam\source\repos\ECA_ZMI4104_Project\ECA_ZMI4104C_main\eca_soleil_zmi4104_lib\eca_soleil_zmi4104c.cpp(1454,46): warning C4273: 'startAquisition': inconsistent dll linkage
C:\Users\guekam\source\repos\ECA_ZMI4104_Project\ECA_ZMI4104C_main\eca_soleil_zmi4104_lib\eca_soleil_zmi4104c.h(253,31): message : see previous definition of 'startAquisition'
C:\Users\guekam\source\repos\ECA_ZMI4104_Project\ECA_ZMI4104C_main\eca_soleil_zmi4104_lib\eca_soleil_zmi4104c.cpp(1476,45): warning C4273: 'stopAquisition': inconsistent dll linkage
C:\Users\guekam\source\repos\ECA_ZMI4104_Project\ECA_ZMI4104C_main\eca_soleil_zmi4104_lib\eca_soleil_zmi4104c.h(254,31): message : see previous definition of 'stopAquisition'
C:\Users\guekam\source\repos\ECA_ZMI4104_Project\ECA_ZMI4104C_main\eca_soleil_zmi4104_lib\eca_soleil_zmi4104c.cpp(1505,47): warning C4273: 'allocateMemSpace': inconsistent dll linkage
C:\Users\guekam\source\repos\ECA_ZMI4104_Project\ECA_ZMI4104C_main\eca_soleil_zmi4104_lib\eca_soleil_zmi4104c.h(312,37): message : see previous definition of 'allocateMemSpace'
C:\Users\guekam\source\repos\ECA_ZMI4104_Project\ECA_ZMI4104C_main\eca_soleil_zmi4104_lib\eca_soleil_zmi4104c.cpp(1587,123): warning C4273: 'getFlyscanData': inconsistent dll linkage
C:\Users\guekam\source\repos\ECA_ZMI4104_Project\ECA_ZMI4104C_main\eca_soleil_zmi4104_lib\eca_soleil_zmi4104c.h(311,31): message : see previous definition of 'getFlyscanData'
C:\Users\guekam\source\repos\ECA_ZMI4104_Project\ECA_ZMI4104C_main\eca_soleil_zmi4104_lib\eca_soleil_zmi4104c.cpp(1699,19): warning C4273: 'isRAMbusy': inconsistent dll linkage
C:\Users\guekam\source\repos\ECA_ZMI4104_Project\ECA_ZMI4104C_main\eca_soleil_zmi4104_lib\eca_soleil_zmi4104c.h(281,32): message : see previous definition of 'isRAMbusy'
C:\Users\guekam\source\repos\ECA_ZMI4104_Project\ECA_ZMI4104C_main\eca_soleil_zmi4104_lib\eca_soleil_zmi4104c.cpp(1731,66): warning C4273: 'setVMEIntVector': inconsistent dll linkage
C:\Users\guekam\source\repos\ECA_ZMI4104_Project\ECA_ZMI4104C_main\eca_soleil_zmi4104_lib\eca_soleil_zmi4104c.h(307,31): message : see previous definition of 'setVMEIntVector'
C:\Users\guekam\source\repos\ECA_ZMI4104_Project\ECA_ZMI4104C_main\eca_soleil_zmi4104_lib\eca_soleil_zmi4104c.cpp(1761,56): warning C4273: 'checkValues': inconsistent dll linkage
C:\Users\guekam\source\repos\ECA_ZMI4104_Project\ECA_ZMI4104C_main\eca_soleil_zmi4104_lib\eca_soleil_zmi4104c.h(272,31): message : see previous definition of 'checkValues'
C:\Users\guekam\source\repos\ECA_ZMI4104_Project\ECA_ZMI4104C_main\eca_soleil_zmi4104_lib\eca_soleil_zmi4104c.cpp(1789,66): warning C4273: 'setVMEIntLevel': inconsistent dll linkage
C:\Users\guekam\source\repos\ECA_ZMI4104_Project\ECA_ZMI4104C_main\eca_soleil_zmi4104_lib\eca_soleil_zmi4104c.h(308,31): message : see previous definition of 'setVMEIntLevel'
C:\Users\guekam\source\repos\ECA_ZMI4104_Project\ECA_ZMI4104C_main\eca_soleil_zmi4104_lib\eca_soleil_zmi4104c.cpp(1815,50): warning C4273: 'DisableGlobalInterrupt': inconsistent dll linkage
C:\Users\guekam\source\repos\ECA_ZMI4104_Project\ECA_ZMI4104C_main\eca_soleil_zmi4104_lib\eca_soleil_zmi4104c.h(294,31): message : see previous definition of 'DisableGlobalInterrupt'
C:\Users\guekam\source\repos\ECA_ZMI4104_Project\ECA_ZMI4104C_main\eca_soleil_zmi4104_lib\eca_soleil_zmi4104c.cpp(1842,76): warning C4273: 'EnableVMEInterrupt_bit': inconsistent dll linkage
C:\Users\guekam\source\repos\ECA_ZMI4104_Project\ECA_ZMI4104C_main\eca_soleil_zmi4104_lib\eca_soleil_zmi4104c.h(291,31): message : see previous definition of 'EnableVMEInterrupt_bit'
C:\Users\guekam\source\repos\ECA_ZMI4104_Project\ECA_ZMI4104C_main\eca_soleil_zmi4104_lib\eca_soleil_zmi4104c.cpp(2179,77): warning C4273: 'DisableVMEInterrupt_bit': inconsistent dll linkage
C:\Users\guekam\source\repos\ECA_ZMI4104_Project\ECA_ZMI4104C_main\eca_soleil_zmi4104_lib\eca_soleil_zmi4104c.h(292,31): message : see previous definition of 'DisableVMEInterrupt_bit'
C:\Users\guekam\source\repos\ECA_ZMI4104_Project\ECA_ZMI4104C_main\eca_soleil_zmi4104_lib\eca_soleil_zmi4104c.cpp(2399,37): warning C4273: 'ResetAxis': inconsistent dll linkage
C:\Users\guekam\source\repos\ECA_ZMI4104_Project\ECA_ZMI4104C_main\eca_soleil_zmi4104_lib\eca_soleil_zmi4104c.h(284,31): message : see previous definition of 'ResetAxis'
C:\Users\guekam\source\repos\ECA_ZMI4104_Project\ECA_ZMI4104C_main\eca_soleil_zmi4104_lib\eca_soleil_zmi4104c.cpp(2431,45): warning C4273: 'WaitResetComplete': inconsistent dll linkage
C:\Users\guekam\source\repos\ECA_ZMI4104_Project\ECA_ZMI4104C_main\eca_soleil_zmi4104_lib\eca_soleil_zmi4104c.h(285,31): message : see previous definition of 'WaitResetComplete'
C:\Users\guekam\source\repos\ECA_ZMI4104_Project\ECA_ZMI4104C_main\eca_soleil_zmi4104_lib\eca_soleil_zmi4104c.cpp(2458,22): warning C4273: 'initSISboards': inconsistent dll linkage
C:\Users\guekam\source\repos\ECA_ZMI4104_Project\ECA_ZMI4104C_main\eca_soleil_zmi4104_lib\eca_soleil_zmi4104c.h(211,31): message : see previous definition of 'initSISboards'
C:\Users\guekam\source\repos\ECA_ZMI4104_Project\ECA_ZMI4104C_main\eca_soleil_zmi4104_lib\eca_soleil_zmi4104c.cpp(2603,22): warning C4273: 'initZMIboards': inconsistent dll linkage
C:\Users\guekam\source\repos\ECA_ZMI4104_Project\ECA_ZMI4104C_main\eca_soleil_zmi4104_lib\eca_soleil_zmi4104c.h(212,31): message : see previous definition of 'initZMIboards'
C:\Users\guekam\source\repos\ECA_ZMI4104_Project\ECA_ZMI4104C_main\eca_soleil_zmi4104_lib\eca_soleil_zmi4104c.cpp(2826,88): warning C4273: 'ReadSSICalibrationData': inconsistent dll linkage
C:\Users\guekam\source\repos\ECA_ZMI4104_Project\ECA_ZMI4104C_main\eca_soleil_zmi4104_lib\eca_soleil_zmi4104c.h(235,31): message : see previous definition of 'ReadSSICalibrationData'
C:\Users\guekam\source\repos\ECA_ZMI4104_Project\ECA_ZMI4104C_main\eca_soleil_zmi4104_lib\eca_soleil_zmi4104c.cpp(2902,71): warning C4273: 'SetPositionOffset32': inconsistent dll linkage
C:\Users\guekam\source\repos\ECA_ZMI4104_Project\ECA_ZMI4104C_main\eca_soleil_zmi4104_lib\eca_soleil_zmi4104c.h(287,31): message : see previous definition of 'SetPositionOffset32'
C:\Users\guekam\source\repos\ECA_ZMI4104_Project\ECA_ZMI4104C_main\eca_soleil_zmi4104_lib\eca_soleil_zmi4104c.cpp(2924,49): warning C4273: 'EnableCECcompensation': inconsistent dll linkage
C:\Users\guekam\source\repos\ECA_ZMI4104_Project\ECA_ZMI4104C_main\eca_soleil_zmi4104_lib\eca_soleil_zmi4104c.h(288,31): message : see previous definition of 'EnableCECcompensation'
C:\Users\guekam\source\repos\ECA_ZMI4104_Project\ECA_ZMI4104C_main\eca_soleil_zmi4104_lib\eca_soleil_zmi4104c.cpp(2951,50): warning C4273: 'disableCECcompensation': inconsistent dll linkage
C:\Users\guekam\source\repos\ECA_ZMI4104_Project\ECA_ZMI4104C_main\eca_soleil_zmi4104_lib\eca_soleil_zmi4104c.h(189,31): message : see previous definition of 'disableCECcompensation'
C:\Users\guekam\source\repos\ECA_ZMI4104_Project\ECA_ZMI4104C_main\eca_soleil_zmi4104_lib\eca_soleil_zmi4104c.cpp(3051,47): warning C4273: 'waitCEinit2Complete': inconsistent dll linkage
C:\Users\guekam\source\repos\ECA_ZMI4104_Project\ECA_ZMI4104C_main\eca_soleil_zmi4104_lib\eca_soleil_zmi4104c.h(324,31): message : see previous definition of 'waitCEinit2Complete'
C:\Users\guekam\source\repos\ECA_ZMI4104_Project\ECA_ZMI4104C_main\eca_soleil_zmi4104_lib\eca_soleil_zmi4104c.cpp(3078,39): warning C4273: 'getLEDsStatus': inconsistent dll linkage
C:\Users\guekam\source\repos\ECA_ZMI4104_Project\ECA_ZMI4104C_main\eca_soleil_zmi4104_lib\eca_soleil_zmi4104c.h(191,31): message : see previous definition of 'getLEDsStatus'
C:\Users\guekam\source\repos\ECA_ZMI4104_Project\ECA_ZMI4104C_main\eca_soleil_zmi4104_lib\eca_soleil_zmi4104c.cpp(3129,67): warning C4273: 'SetCEMaxVel': inconsistent dll linkage
C:\Users\guekam\source\repos\ECA_ZMI4104_Project\ECA_ZMI4104C_main\eca_soleil_zmi4104_lib\eca_soleil_zmi4104c.h(325,31): message : see previous definition of 'SetCEMaxVel'
C:\Users\guekam\source\repos\ECA_ZMI4104_Project\ECA_ZMI4104C_main\eca_soleil_zmi4104_lib\eca_soleil_zmi4104c.cpp(3156,67): warning C4273: 'SetCEMinVel': inconsistent dll linkage
C:\Users\guekam\source\repos\ECA_ZMI4104_Project\ECA_ZMI4104C_main\eca_soleil_zmi4104_lib\eca_soleil_zmi4104c.h(326,31): message : see previous definition of 'SetCEMinVel'
C:\Users\guekam\source\repos\ECA_ZMI4104_Project\ECA_ZMI4104C_main\eca_soleil_zmi4104_lib\eca_soleil_zmi4104c.cpp(3181,68): warning C4273: 'readCalcCECoeffs': inconsistent dll linkage
C:\Users\guekam\source\repos\ECA_ZMI4104_Project\ECA_ZMI4104C_main\eca_soleil_zmi4104_lib\eca_soleil_zmi4104c.h(327,31): message : see previous definition of 'readCalcCECoeffs'
C:\Users\guekam\source\repos\ECA_ZMI4104_Project\ECA_ZMI4104C_main\eca_soleil_zmi4104_lib\eca_soleil_zmi4104c.cpp(3233,117): warning C4273: 'readCECoeffboundaries': inconsistent dll linkage
C:\Users\guekam\source\repos\ECA_ZMI4104_Project\ECA_ZMI4104C_main\eca_soleil_zmi4104_lib\eca_soleil_zmi4104c.h(334,31): message : see previous definition of 'readCECoeffboundaries'
C:\Users\guekam\source\repos\ECA_ZMI4104_Project\ECA_ZMI4104C_main\eca_soleil_zmi4104_lib\eca_soleil_zmi4104c.cpp(3292,84): warning C4273: 'calculateCEratio': inconsistent dll linkage
C:\Users\guekam\source\repos\ECA_ZMI4104_Project\ECA_ZMI4104C_main\eca_soleil_zmi4104_lib\eca_soleil_zmi4104c.h(198,31): message : see previous definition of 'calculateCEratio'
C:\Users\guekam\source\repos\ECA_ZMI4104_Project\ECA_ZMI4104C_main\eca_soleil_zmi4104_lib\eca_soleil_zmi4104c.cpp(3339,88): warning C4273: 'getAproximateCEratio': inconsistent dll linkage
C:\Users\guekam\source\repos\ECA_ZMI4104_Project\ECA_ZMI4104C_main\eca_soleil_zmi4104_lib\eca_soleil_zmi4104c.h(201,31): message : see previous definition of 'getAproximateCEratio'
C:\Users\guekam\source\repos\ECA_ZMI4104_Project\ECA_ZMI4104C_main\eca_soleil_zmi4104_lib\eca_soleil_zmi4104c.cpp(3509,55): warning C4273: 'convertCInt162Complex': inconsistent dll linkage
C:\Users\guekam\source\repos\ECA_ZMI4104_Project\ECA_ZMI4104C_main\eca_soleil_zmi4104_lib\eca_soleil_zmi4104c.h(320,31): message : see previous definition of 'convertCInt162Complex'
C:\Users\guekam\source\repos\ECA_ZMI4104_Project\ECA_ZMI4104C_main\eca_soleil_zmi4104_lib\eca_soleil_zmi4104c.cpp(3535,68): warning C4273: 'convertCFloat2Complex': inconsistent dll linkage
C:\Users\guekam\source\repos\ECA_ZMI4104_Project\ECA_ZMI4104C_main\eca_soleil_zmi4104_lib\eca_soleil_zmi4104c.h(321,31): message : see previous definition of 'convertCFloat2Complex'
C:\Users\guekam\source\repos\ECA_ZMI4104_Project\ECA_ZMI4104C_main\eca_soleil_zmi4104_lib\eca_soleil_zmi4104c.cpp(3576,63): warning C4273: 'convertFloat2Double': inconsistent dll linkage
C:\Users\guekam\source\repos\ECA_ZMI4104_Project\ECA_ZMI4104C_main\eca_soleil_zmi4104_lib\eca_soleil_zmi4104c.h(337,31): message : see previous definition of 'convertFloat2Double'
C:\Users\guekam\source\repos\ECA_ZMI4104_Project\ECA_ZMI4104C_main\eca_soleil_zmi4104_lib\eca_soleil_zmi4104c.cpp(3607,65): warning C4273: 'convertUSFloat2Double': inconsistent dll linkage
C:\Users\guekam\source\repos\ECA_ZMI4104_Project\ECA_ZMI4104C_main\eca_soleil_zmi4104_lib\eca_soleil_zmi4104c.h(197,31): message : see previous definition of 'convertUSFloat2Double'
C:\Users\guekam\source\repos\ECA_ZMI4104_Project\ECA_ZMI4104C_main\eca_soleil_zmi4104_lib\eca_soleil_zmi4104c.cpp(3659,53): warning C4273: 'Enable37bitsSignExtension': inconsistent dll linkage
C:\Users\guekam\source\repos\ECA_ZMI4104_Project\ECA_ZMI4104C_main\eca_soleil_zmi4104_lib\eca_soleil_zmi4104c.h(258,31): message : see previous definition of 'Enable37bitsSignExtension'
C:\Users\guekam\source\repos\ECA_ZMI4104_Project\ECA_ZMI4104C_main\eca_soleil_zmi4104_lib\eca_soleil_zmi4104c.cpp(3687,54): warning C4273: 'Disable37bitsSignExtension': inconsistent dll linkage
C:\Users\guekam\source\repos\ECA_ZMI4104_Project\ECA_ZMI4104C_main\eca_soleil_zmi4104_lib\eca_soleil_zmi4104c.h(239,31): message : see previous definition of 'Disable37bitsSignExtension'
C:\Users\guekam\source\repos\ECA_ZMI4104_Project\ECA_ZMI4104C_main\eca_soleil_zmi4104_lib\eca_soleil_zmi4104c.cpp(3716,59): warning C4273: 'SetKpAndKvCoeff': inconsistent dll linkage
C:\Users\guekam\source\repos\ECA_ZMI4104_Project\ECA_ZMI4104C_main\eca_soleil_zmi4104_lib\eca_soleil_zmi4104c.h(296,31): message : see previous definition of 'SetKpAndKvCoeff'
C:\Users\guekam\source\repos\ECA_ZMI4104_Project\ECA_ZMI4104C_main\eca_soleil_zmi4104_lib\eca_soleil_zmi4104c.cpp(3752,53): warning C4273: 'getKpAndKvCoeff': inconsistent dll linkage
C:\Users\guekam\source\repos\ECA_ZMI4104_Project\ECA_ZMI4104C_main\eca_soleil_zmi4104_lib\eca_soleil_zmi4104c.h(297,31): message : see previous definition of 'getKpAndKvCoeff'
C:\Users\guekam\source\repos\ECA_ZMI4104_Project\ECA_ZMI4104C_main\eca_soleil_zmi4104_lib\eca_soleil_zmi4104c.cpp(3789,79): warning C4273: 'EnableGlitchFilter': inconsistent dll linkage
C:\Users\guekam\source\repos\ECA_ZMI4104_Project\ECA_ZMI4104C_main\eca_soleil_zmi4104_lib\eca_soleil_zmi4104c.h(339,31): message : see previous definition of 'EnableGlitchFilter'
C:\Users\guekam\source\repos\ECA_ZMI4104_Project\ECA_ZMI4104C_main\eca_soleil_zmi4104_lib\eca_soleil_zmi4104c.cpp(3900,64): warning C4273: 'SetPositionOffset37': inconsistent dll linkage
C:\Users\guekam\source\repos\ECA_ZMI4104_Project\ECA_ZMI4104C_main\eca_soleil_zmi4104_lib\eca_soleil_zmi4104c.h(289,31): message : see previous definition of 'SetPositionOffset37'
C:\Users\guekam\source\repos\ECA_ZMI4104_Project\ECA_ZMI4104C_main\eca_soleil_zmi4104_lib\eca_soleil_zmi4104c.cpp(3903,52): warning C4293: '>>': shift count negative or too big, undefined behavior
C:\Users\guekam\source\repos\ECA_ZMI4104_Project\ECA_ZMI4104C_main\eca_soleil_zmi4104_lib\eca_soleil_zmi4104c.cpp(3929,73): warning C4273: 'SetPresetPosition32': inconsistent dll linkage
C:\Users\guekam\source\repos\ECA_ZMI4104_Project\ECA_ZMI4104C_main\eca_soleil_zmi4104_lib\eca_soleil_zmi4104c.h(286,31): message : see previous definition of 'SetPresetPosition32'
C:\Users\guekam\source\repos\ECA_ZMI4104_Project\ECA_ZMI4104C_main\eca_soleil_zmi4104_lib\eca_soleil_zmi4104c.cpp(3952,65): warning C4273: 'SetPresetPosition37': inconsistent dll linkage
C:\Users\guekam\source\repos\ECA_ZMI4104_Project\ECA_ZMI4104C_main\eca_soleil_zmi4104_lib\eca_soleil_zmi4104c.h(290,31): message : see previous definition of 'SetPresetPosition37'
C:\Users\guekam\source\repos\ECA_ZMI4104_Project\ECA_ZMI4104C_main\eca_soleil_zmi4104_lib\eca_soleil_zmi4104c.cpp(3955,50): warning C4293: '>>': shift count negative or too big, undefined behavior
C:\Users\guekam\source\repos\ECA_ZMI4104_Project\ECA_ZMI4104C_main\eca_soleil_zmi4104_lib\eca_soleil_zmi4104c.cpp(3980,39): warning C4273: 'ReadVMEErrs': inconsistent dll linkage
C:\Users\guekam\source\repos\ECA_ZMI4104_Project\ECA_ZMI4104C_main\eca_soleil_zmi4104_lib\eca_soleil_zmi4104c.h(206,31): message : see previous definition of 'ReadVMEErrs'
C:\Users\guekam\source\repos\ECA_ZMI4104_Project\ECA_ZMI4104C_main\eca_soleil_zmi4104_lib\eca_soleil_zmi4104c.cpp(4037,39): warning C4273: 'ReadAllErrs': inconsistent dll linkage
C:\Users\guekam\source\repos\ECA_ZMI4104_Project\ECA_ZMI4104C_main\eca_soleil_zmi4104_lib\eca_soleil_zmi4104c.h(303,31): message : see previous definition of 'ReadAllErrs'
C:\Users\guekam\source\repos\ECA_ZMI4104_Project\ECA_ZMI4104C_main\eca_soleil_zmi4104_lib\eca_soleil_zmi4104c.cpp(4079,67): warning C4273: 'BoardControlMode': inconsistent dll linkage
C:\Users\guekam\source\repos\ECA_ZMI4104_Project\ECA_ZMI4104C_main\eca_soleil_zmi4104_lib\eca_soleil_zmi4104c.h(268,31): message : see previous definition of 'BoardControlMode'
C:\Users\guekam\source\repos\ECA_ZMI4104_Project\ECA_ZMI4104C_main\eca_soleil_zmi4104_lib\eca_soleil_zmi4104c.cpp(4129,62): warning C4273: 'BiasControlMode': inconsistent dll linkage
C:\Users\guekam\source\repos\ECA_ZMI4104_Project\ECA_ZMI4104C_main\eca_soleil_zmi4104_lib\eca_soleil_zmi4104c.h(269,31): message : see previous definition of 'BiasControlMode'
C:\Users\guekam\source\repos\ECA_ZMI4104_Project\ECA_ZMI4104C_main\eca_soleil_zmi4104_lib\eca_soleil_zmi4104c.cpp(4158,48): warning C4273: 'StartBiasCalculation': inconsistent dll linkage
C:\Users\guekam\source\repos\ECA_ZMI4104_Project\ECA_ZMI4104C_main\eca_soleil_zmi4104_lib\eca_soleil_zmi4104c.h(270,31): message : see previous definition of 'StartBiasCalculation'
C:\Users\guekam\source\repos\ECA_ZMI4104_Project\ECA_ZMI4104C_main\eca_soleil_zmi4104_lib\eca_soleil_zmi4104c.cpp(4196,64): warning C4273: 'SetAPDGainL2': inconsistent dll linkage
C:\Users\guekam\source\repos\ECA_ZMI4104_Project\ECA_ZMI4104C_main\eca_soleil_zmi4104_lib\eca_soleil_zmi4104c.h(271,31): message : see previous definition of 'SetAPDGainL2'
C:\Users\guekam\source\repos\ECA_ZMI4104_Project\ECA_ZMI4104C_main\eca_soleil_zmi4104_lib\eca_soleil_zmi4104c.cpp(4221,63): warning C4273: 'getAPDGainL2': inconsistent dll linkage
C:\Users\guekam\source\repos\ECA_ZMI4104_Project\ECA_ZMI4104C_main\eca_soleil_zmi4104_lib\eca_soleil_zmi4104c.h(298,31): message : see previous definition of 'getAPDGainL2'
C:\Users\guekam\source\repos\ECA_ZMI4104_Project\ECA_ZMI4104C_main\eca_soleil_zmi4104_lib\eca_soleil_zmi4104c.cpp(4249,68): warning C4273: 'SetAPDSigRMSL2': inconsistent dll linkage
C:\Users\guekam\source\repos\ECA_ZMI4104_Project\ECA_ZMI4104C_main\eca_soleil_zmi4104_lib\eca_soleil_zmi4104c.h(282,31): message : see previous definition of 'SetAPDSigRMSL2'
C:\Users\guekam\source\repos\ECA_ZMI4104_Project\ECA_ZMI4104C_main\eca_soleil_zmi4104_lib\eca_soleil_zmi4104c.cpp(4275,67): warning C4273: 'getAPDSigRMSL2': inconsistent dll linkage
C:\Users\guekam\source\repos\ECA_ZMI4104_Project\ECA_ZMI4104C_main\eca_soleil_zmi4104_lib\eca_soleil_zmi4104c.h(301,31): message : see previous definition of 'getAPDSigRMSL2'
C:\Users\guekam\source\repos\ECA_ZMI4104_Project\ECA_ZMI4104C_main\eca_soleil_zmi4104_lib\eca_soleil_zmi4104c.cpp(4302,68): warning C4273: 'SetAPDOptPwrL2': inconsistent dll linkage
C:\Users\guekam\source\repos\ECA_ZMI4104_Project\ECA_ZMI4104C_main\eca_soleil_zmi4104_lib\eca_soleil_zmi4104c.h(283,31): message : see previous definition of 'SetAPDOptPwrL2'
C:\Users\guekam\source\repos\ECA_ZMI4104_Project\ECA_ZMI4104C_main\eca_soleil_zmi4104_lib\eca_soleil_zmi4104c.cpp(4331,67): warning C4273: 'getAPDOptPwrL2': inconsistent dll linkage
C:\Users\guekam\source\repos\ECA_ZMI4104_Project\ECA_ZMI4104C_main\eca_soleil_zmi4104_lib\eca_soleil_zmi4104c.h(300,31): message : see previous definition of 'getAPDOptPwrL2'
C:\Users\guekam\source\repos\ECA_ZMI4104_Project\ECA_ZMI4104C_main\eca_soleil_zmi4104_lib\eca_soleil_zmi4104c.cpp(4359,66): warning C4273: 'SetAPDBiasDAC': inconsistent dll linkage
C:\Users\guekam\source\repos\ECA_ZMI4104_Project\ECA_ZMI4104C_main\eca_soleil_zmi4104_lib\eca_soleil_zmi4104c.h(338,31): message : see previous definition of 'SetAPDBiasDAC'
C:\Users\guekam\source\repos\ECA_ZMI4104_Project\ECA_ZMI4104C_main\eca_soleil_zmi4104_lib\eca_soleil_zmi4104c.cpp(4385,65): warning C4273: 'getAPDBiasDAC': inconsistent dll linkage
C:\Users\guekam\source\repos\ECA_ZMI4104_Project\ECA_ZMI4104C_main\eca_soleil_zmi4104_lib\eca_soleil_zmi4104c.h(299,31): message : see previous definition of 'getAPDBiasDAC'
C:\Users\guekam\source\repos\ECA_ZMI4104_Project\ECA_ZMI4104C_main\eca_soleil_zmi4104_lib\eca_soleil_zmi4104c.cpp(4411,82): warning C4273: 'ParseVMEErrorStatus2': inconsistent dll linkage
C:\Users\guekam\source\repos\ECA_ZMI4104_Project\ECA_ZMI4104C_main\eca_soleil_zmi4104_lib\eca_soleil_zmi4104c.h(263,31): message : see previous definition of 'ParseVMEErrorStatus2'
C:\Users\guekam\source\repos\ECA_ZMI4104_Project\ECA_ZMI4104C_main\eca_soleil_zmi4104_lib\eca_soleil_zmi4104c.cpp(4461,71): warning C4273: 'ParseVMEPosErrs': inconsistent dll linkage
C:\Users\guekam\source\repos\ECA_ZMI4104_Project\ECA_ZMI4104C_main\eca_soleil_zmi4104_lib\eca_soleil_zmi4104c.h(264,31): message : see previous definition of 'ParseVMEPosErrs'
C:\Users\guekam\source\repos\ECA_ZMI4104_Project\ECA_ZMI4104C_main\eca_soleil_zmi4104_lib\eca_soleil_zmi4104c.cpp(4487,82): warning C4273: 'ParseVMEErrorStatus1': inconsistent dll linkage
C:\Users\guekam\source\repos\ECA_ZMI4104_Project\ECA_ZMI4104C_main\eca_soleil_zmi4104_lib\eca_soleil_zmi4104c.h(265,31): message : see previous definition of 'ParseVMEErrorStatus1'
C:\Users\guekam\source\repos\ECA_ZMI4104_Project\ECA_ZMI4104C_main\eca_soleil_zmi4104_lib\eca_soleil_zmi4104c.cpp(4508,49): warning C4273: 'getLEDsErrorStatus': inconsistent dll linkage
C:\Users\guekam\source\repos\ECA_ZMI4104_Project\ECA_ZMI4104C_main\eca_soleil_zmi4104_lib\eca_soleil_zmi4104c.h(192,31): message : see previous definition of 'getLEDsErrorStatus'
C:\Users\guekam\source\repos\ECA_ZMI4104_Project\ECA_ZMI4104C_main\eca_soleil_zmi4104_lib\eca_soleil_zmi4104c.cpp(4577,82): warning C4273: 'ParseVMEErrorStatus0': inconsistent dll linkage
C:\Users\guekam\source\repos\ECA_ZMI4104_Project\ECA_ZMI4104C_main\eca_soleil_zmi4104_lib\eca_soleil_zmi4104c.h(266,31): message : see previous definition of 'ParseVMEErrorStatus0'
C:\Users\guekam\source\repos\ECA_ZMI4104_Project\ECA_ZMI4104C_main\eca_soleil_zmi4104_lib\eca_soleil_zmi4104c.cpp(4630,69): warning C4273: 'ParseAPDErrCode': inconsistent dll linkage
C:\Users\guekam\source\repos\ECA_ZMI4104_Project\ECA_ZMI4104C_main\eca_soleil_zmi4104_lib\eca_soleil_zmi4104c.h(267,31): message : see previous definition of 'ParseAPDErrCode'
C:\Users\guekam\source\repos\ECA_ZMI4104_Project\ECA_ZMI4104C_main\eca_soleil_zmi4104_lib\eca_soleil_zmi4104c.cpp(4784,40): warning C4273: 'positionReadConfig': inconsistent dll linkage
C:\Users\guekam\source\repos\ECA_ZMI4104_Project\ECA_ZMI4104C_main\eca_soleil_zmi4104_lib\eca_soleil_zmi4104c.h(280,31): message : see previous definition of 'positionReadConfig'
C:\Users\guekam\source\repos\ECA_ZMI4104_Project\ECA_ZMI4104C_main\eca_soleil_zmi4104_lib\eca_soleil_zmi4104c.cpp(4821,66): warning C4273: 'ReadSamplePosition37': inconsistent dll linkage
C:\Users\guekam\source\repos\ECA_ZMI4104_Project\ECA_ZMI4104C_main\eca_soleil_zmi4104_lib\eca_soleil_zmi4104c.h(218,31): message : see previous definition of 'ReadSamplePosition37'
C:\Users\guekam\source\repos\ECA_ZMI4104_Project\ECA_ZMI4104C_main\eca_soleil_zmi4104_lib\eca_soleil_zmi4104c.cpp(4857,66): warning C4273: 'ReadSamplePosition32': inconsistent dll linkage
C:\Users\guekam\source\repos\ECA_ZMI4104_Project\ECA_ZMI4104C_main\eca_soleil_zmi4104_lib\eca_soleil_zmi4104c.h(219,31): message : see previous definition of 'ReadSamplePosition32'
C:\Users\guekam\source\repos\ECA_ZMI4104_Project\ECA_ZMI4104C_main\eca_soleil_zmi4104_lib\eca_soleil_zmi4104c.cpp(4885,60): warning C4273: 'ReadPosition37': inconsistent dll linkage
C:\Users\guekam\source\repos\ECA_ZMI4104_Project\ECA_ZMI4104C_main\eca_soleil_zmi4104_lib\eca_soleil_zmi4104c.h(222,31): message : see previous definition of 'ReadPosition37'
C:\Users\guekam\source\repos\ECA_ZMI4104_Project\ECA_ZMI4104C_main\eca_soleil_zmi4104_lib\eca_soleil_zmi4104c.cpp(4943,60): warning C4273: 'ReadPosition32': inconsistent dll linkage
C:\Users\guekam\source\repos\ECA_ZMI4104_Project\ECA_ZMI4104C_main\eca_soleil_zmi4104_lib\eca_soleil_zmi4104c.h(223,31): message : see previous definition of 'ReadPosition32'
C:\Users\guekam\source\repos\ECA_ZMI4104_Project\ECA_ZMI4104C_main\eca_soleil_zmi4104_lib\eca_soleil_zmi4104c.cpp(4988,64): warning C4273: 'ReadFIFOPosition': inconsistent dll linkage
C:\Users\guekam\source\repos\ECA_ZMI4104_Project\ECA_ZMI4104C_main\eca_soleil_zmi4104_lib\eca_soleil_zmi4104c.h(224,31): message : see previous definition of 'ReadFIFOPosition'
C:\Users\guekam\source\repos\ECA_ZMI4104_Project\ECA_ZMI4104C_main\eca_soleil_zmi4104_lib\eca_soleil_zmi4104c.cpp(5012,60): warning C4273: 'ReadVelocity32': inconsistent dll linkage
C:\Users\guekam\source\repos\ECA_ZMI4104_Project\ECA_ZMI4104C_main\eca_soleil_zmi4104_lib\eca_soleil_zmi4104c.h(225,31): message : see previous definition of 'ReadVelocity32'
C:\Users\guekam\source\repos\ECA_ZMI4104_Project\ECA_ZMI4104C_main\eca_soleil_zmi4104_lib\eca_soleil_zmi4104c.cpp(5041,69): warning C4273: 'ReadSamplePosition32_ForAllAxis': inconsistent dll linkage
C:\Users\guekam\source\repos\ECA_ZMI4104_Project\ECA_ZMI4104C_main\eca_soleil_zmi4104_lib\eca_soleil_zmi4104c.h(221,31): message : see previous definition of 'ReadSamplePosition32_ForAllAxis'
C:\Users\guekam\source\repos\ECA_ZMI4104_Project\ECA_ZMI4104C_main\eca_soleil_zmi4104_lib\eca_soleil_zmi4104c.cpp(5056,69): warning C4273: 'ReadSamplePosition37_ForAllAxis': inconsistent dll linkage
C:\Users\guekam\source\repos\ECA_ZMI4104_Project\ECA_ZMI4104C_main\eca_soleil_zmi4104_lib\eca_soleil_zmi4104c.h(220,31): message : see previous definition of 'ReadSamplePosition37_ForAllAxis'
C:\Users\guekam\source\repos\ECA_ZMI4104_Project\ECA_ZMI4104C_main\eca_soleil_zmi4104_lib\eca_soleil_zmi4104c.cpp(5071,57): warning C4273: 'ReadPosition32_ForAllAxis': inconsistent dll linkage
C:\Users\guekam\source\repos\ECA_ZMI4104_Project\ECA_ZMI4104C_main\eca_soleil_zmi4104_lib\eca_soleil_zmi4104c.h(227,31): message : see previous definition of 'ReadPosition32_ForAllAxis'
C:\Users\guekam\source\repos\ECA_ZMI4104_Project\ECA_ZMI4104C_main\eca_soleil_zmi4104_lib\eca_soleil_zmi4104c.cpp(5086,57): warning C4273: 'ReadVelocity32_ForAllAxis': inconsistent dll linkage
C:\Users\guekam\source\repos\ECA_ZMI4104_Project\ECA_ZMI4104C_main\eca_soleil_zmi4104_lib\eca_soleil_zmi4104c.h(228,31): message : see previous definition of 'ReadVelocity32_ForAllAxis'
C:\Users\guekam\source\repos\ECA_ZMI4104_Project\ECA_ZMI4104C_main\eca_soleil_zmi4104_lib\eca_soleil_zmi4104c.cpp(5101,57): warning C4273: 'ReadPosition37_ForAllAxis': inconsistent dll linkage
C:\Users\guekam\source\repos\ECA_ZMI4104_Project\ECA_ZMI4104C_main\eca_soleil_zmi4104_lib\eca_soleil_zmi4104c.h(226,31): message : see previous definition of 'ReadPosition37_ForAllAxis'
C:\Users\guekam\source\repos\ECA_ZMI4104_Project\ECA_ZMI4104C_main\eca_soleil_zmi4104_lib\eca_soleil_zmi4104c.cpp(5116,46): warning C4273: 'IsVMEPos32Overflow': inconsistent dll linkage
C:\Users\guekam\source\repos\ECA_ZMI4104_Project\ECA_ZMI4104C_main\eca_soleil_zmi4104_lib\eca_soleil_zmi4104c.h(232,31): message : see previous definition of 'IsVMEPos32Overflow'
C:\Users\guekam\source\repos\ECA_ZMI4104_Project\ECA_ZMI4104C_main\eca_soleil_zmi4104_lib\eca_soleil_zmi4104c.cpp(5240,35): warning C4273: 'ClearAllVMEErrs_ForAllAxis': inconsistent dll linkage
C:\Users\guekam\source\repos\ECA_ZMI4104_Project\ECA_ZMI4104C_main\eca_soleil_zmi4104_lib\eca_soleil_zmi4104c.h(273,31): message : see previous definition of 'ClearAllVMEErrs_ForAllAxis'
C:\Users\guekam\source\repos\ECA_ZMI4104_Project\ECA_ZMI4104C_main\eca_soleil_zmi4104_lib\eca_soleil_zmi4104c.cpp(5255,52): warning C4273: 'ReadTime32': inconsistent dll linkage
C:\Users\guekam\source\repos\ECA_ZMI4104_Project\ECA_ZMI4104C_main\eca_soleil_zmi4104_lib\eca_soleil_zmi4104c.h(229,31): message : see previous definition of 'ReadTime32'
C:\Users\guekam\source\repos\ECA_ZMI4104_Project\ECA_ZMI4104C_main\eca_soleil_zmi4104_lib\eca_soleil_zmi4104c.cpp(5272,49): warning C4273: 'ReadTime32_ForAllAxis': inconsistent dll linkage
C:\Users\guekam\source\repos\ECA_ZMI4104_Project\ECA_ZMI4104C_main\eca_soleil_zmi4104_lib\eca_soleil_zmi4104c.h(230,31): message : see previous definition of 'ReadTime32_ForAllAxis'
C:\Users\guekam\source\repos\ECA_ZMI4104_Project\ECA_ZMI4104C_main\eca_soleil_zmi4104_lib\eca_soleil_zmi4104c.cpp(5370,1): warning C4273: 'EnableResetFindsVelocity': inconsistent dll linkage
C:\Users\guekam\source\repos\ECA_ZMI4104_Project\ECA_ZMI4104C_main\eca_soleil_zmi4104_lib\eca_soleil_zmi4104c.h(245,31): message : see previous definition of 'EnableResetFindsVelocity'
C:\Users\guekam\source\repos\ECA_ZMI4104_Project\ECA_ZMI4104C_main\eca_soleil_zmi4104_lib\eca_soleil_zmi4104c.cpp(5384,1): warning C4273: 'EnableResetFindsVelocity_ForAllAxis': inconsistent dll linkage
C:\Users\guekam\source\repos\ECA_ZMI4104_Project\ECA_ZMI4104C_main\eca_soleil_zmi4104_lib\eca_soleil_zmi4104c.h(246,31): message : see previous definition of 'EnableResetFindsVelocity_ForAllAxis'
C:\Users\guekam\source\repos\ECA_ZMI4104_Project\ECA_ZMI4104C_main\eca_soleil_zmi4104_lib\eca_soleil_zmi4104c.cpp(5399,1): warning C4273: 'DisableResetFindsVelocity': inconsistent dll linkage
C:\Users\guekam\source\repos\ECA_ZMI4104_Project\ECA_ZMI4104C_main\eca_soleil_zmi4104_lib\eca_soleil_zmi4104c.h(247,31): message : see previous definition of 'DisableResetFindsVelocity'
C:\Users\guekam\source\repos\ECA_ZMI4104_Project\ECA_ZMI4104C_main\eca_soleil_zmi4104_lib\eca_soleil_zmi4104c.cpp(5414,1): warning C4273: 'DisableResetFindsVelocity_ForAllAxis': inconsistent dll linkage
C:\Users\guekam\source\repos\ECA_ZMI4104_Project\ECA_ZMI4104C_main\eca_soleil_zmi4104_lib\eca_soleil_zmi4104c.h(248,31): message : see previous definition of 'DisableResetFindsVelocity_ForAllAxis'
C:\Users\guekam\source\repos\ECA_ZMI4104_Project\ECA_ZMI4104C_main\eca_soleil_zmi4104_lib\eca_soleil_zmi4104c.cpp(5429,1): warning C4273: 'setSampleSourceClock': inconsistent dll linkage
C:\Users\guekam\source\repos\ECA_ZMI4104_Project\ECA_ZMI4104C_main\eca_soleil_zmi4104_lib\eca_soleil_zmi4104c.h(274,31): message : see previous definition of 'setSampleSourceClock'
C:\Users\guekam\source\repos\ECA_ZMI4104_Project\ECA_ZMI4104C_main\eca_soleil_zmi4104_lib\eca_soleil_zmi4104c.cpp(5448,1): warning C4273: 'getSampleSourceClock': inconsistent dll linkage
C:\Users\guekam\source\repos\ECA_ZMI4104_Project\ECA_ZMI4104C_main\eca_soleil_zmi4104_lib\eca_soleil_zmi4104c.h(276,31): message : see previous definition of 'getSampleSourceClock'
C:\Users\guekam\source\repos\ECA_ZMI4104_Project\ECA_ZMI4104C_main\eca_soleil_zmi4104_lib\eca_soleil_zmi4104c.cpp(5466,1): warning C4273: 'setResetSourceClock': inconsistent dll linkage
C:\Users\guekam\source\repos\ECA_ZMI4104_Project\ECA_ZMI4104C_main\eca_soleil_zmi4104_lib\eca_soleil_zmi4104c.h(275,31): message : see previous definition of 'setResetSourceClock'
C:\Users\guekam\source\repos\ECA_ZMI4104_Project\ECA_ZMI4104C_main\eca_soleil_zmi4104_lib\eca_soleil_zmi4104c.cpp(5485,1): warning C4273: 'getResetSourceClock': inconsistent dll linkage
C:\Users\guekam\source\repos\ECA_ZMI4104_Project\ECA_ZMI4104C_main\eca_soleil_zmi4104_lib\eca_soleil_zmi4104c.h(277,31): message : see previous definition of 'getResetSourceClock'
C:\Users\guekam\source\repos\ECA_ZMI4104_Project\ECA_ZMI4104C_main\eca_soleil_zmi4104_lib\eca_soleil_zmi4104c.cpp(5504,1): warning C4273: 'SetTimeDelayBetweenResAndCompleteBit': inconsistent dll linkage
C:\Users\guekam\source\repos\ECA_ZMI4104_Project\ECA_ZMI4104C_main\eca_soleil_zmi4104_lib\eca_soleil_zmi4104c.h(304,31): message : see previous definition of 'SetTimeDelayBetweenResAndCompleteBit'
C:\Users\guekam\source\repos\ECA_ZMI4104_Project\ECA_ZMI4104C_main\eca_soleil_zmi4104_lib\eca_soleil_zmi4104c.cpp(5532,39): warning C4273: 'ReadScaledSSIav': inconsistent dll linkage
C:\Users\guekam\source\repos\ECA_ZMI4104_Project\ECA_ZMI4104C_main\eca_soleil_zmi4104_lib\eca_soleil_zmi4104c.h(279,31): message : see previous definition of 'ReadScaledSSIav'
C:\Users\guekam\source\repos\ECA_ZMI4104_Project\ECA_ZMI4104C_main\eca_soleil_zmi4104_lib\eca_soleil_zmi4104c.cpp(5552,33): warning C4273: 'ReadSSIav': inconsistent dll linkage
C:\Users\guekam\source\repos\ECA_ZMI4104_Project\ECA_ZMI4104C_main\eca_soleil_zmi4104_lib\eca_soleil_zmi4104c.h(234,31): message : see previous definition of 'ReadSSIav'
C:\Users\guekam\source\repos\ECA_ZMI4104_Project\ECA_ZMI4104C_main\eca_soleil_zmi4104_lib\eca_soleil_zmi4104c.cpp(5576,59): warning C4273: 'ReadOpticalPowerUsingSSIav': inconsistent dll linkage
C:\Users\guekam\source\repos\ECA_ZMI4104_Project\ECA_ZMI4104C_main\eca_soleil_zmi4104_lib\eca_soleil_zmi4104c.h(233,31): message : see previous definition of 'ReadOpticalPowerUsingSSIav'
C:\Users\guekam\source\repos\ECA_ZMI4104_Project\ECA_ZMI4104C_main\eca_soleil_zmi4104_lib\eca_soleil_zmi4104c.cpp(5616,65): warning C4273: 'setSSISquelch': inconsistent dll linkage
C:\Users\guekam\source\repos\ECA_ZMI4104_Project\ECA_ZMI4104C_main\eca_soleil_zmi4104_lib\eca_soleil_zmi4104c.h(322,31): message : see previous definition of 'setSSISquelch'
C:\Users\guekam\source\repos\ECA_ZMI4104_Project\ECA_ZMI4104C_main\eca_soleil_zmi4104_lib\eca_soleil_zmi4104c.cpp(5637,64): warning C4273: 'getSSISquelch': inconsistent dll linkage
C:\Users\guekam\source\repos\ECA_ZMI4104_Project\ECA_ZMI4104C_main\eca_soleil_zmi4104_lib\eca_soleil_zmi4104c.h(323,31): message : see previous definition of 'getSSISquelch'
C:\Users\guekam\source\repos\ECA_ZMI4104_Project\ECA_ZMI4104C_main\eca_soleil_zmi4104_lib\eca_soleil_zmi4104c.cpp(5840,57): warning C4273: 'ReadAPDGain': inconsistent dll linkage
C:\Users\guekam\source\repos\ECA_ZMI4104_Project\ECA_ZMI4104C_main\eca_soleil_zmi4104_lib\eca_soleil_zmi4104c.h(236,31): message : see previous definition of 'ReadAPDGain'
C:\Users\guekam\source\repos\ECA_ZMI4104_Project\ECA_ZMI4104C_main\eca_soleil_zmi4104_lib\eca_soleil_zmi4104c.cpp(5860,52): warning C4273: 'ReadAPDGain_ForAllAxis': inconsistent dll linkage
C:\Users\guekam\source\repos\ECA_ZMI4104_Project\ECA_ZMI4104C_main\eca_soleil_zmi4104_lib\eca_soleil_zmi4104c.h(261,31): message : see previous definition of 'ReadAPDGain_ForAllAxis'
C:\Users\guekam\source\repos\ECA_ZMI4104_Project\ECA_ZMI4104C_main\eca_soleil_zmi4104_lib\eca_soleil_zmi4104c.cpp(5876,46): warning C4273: 'EnableAuxRegisters': inconsistent dll linkage
C:\Users\guekam\source\repos\ECA_ZMI4104_Project\ECA_ZMI4104C_main\eca_soleil_zmi4104_lib\eca_soleil_zmi4104c.h(237,31): message : see previous definition of 'EnableAuxRegisters'
C:\Users\guekam\source\repos\ECA_ZMI4104_Project\ECA_ZMI4104C_main\eca_soleil_zmi4104_lib\eca_soleil_zmi4104c.cpp(5901,47): warning C4273: 'ReadAPDCtrlSoftErrs': inconsistent dll linkage
C:\Users\guekam\source\repos\ECA_ZMI4104_Project\ECA_ZMI4104C_main\eca_soleil_zmi4104_lib\eca_soleil_zmi4104c.h(302,31): message : see previous definition of 'ReadAPDCtrlSoftErrs'
C:\Users\guekam\source\repos\ECA_ZMI4104_Project\ECA_ZMI4104C_main\eca_soleil_zmi4104_lib\eca_soleil_zmi4104c.cpp(5965,48): warning C4273: 'Enable32bitsOverflow': inconsistent dll linkage
C:\Users\guekam\source\repos\ECA_ZMI4104_Project\ECA_ZMI4104C_main\eca_soleil_zmi4104_lib\eca_soleil_zmi4104c.h(257,31): message : see previous definition of 'Enable32bitsOverflow'
C:\Users\guekam\source\repos\ECA_ZMI4104_Project\ECA_ZMI4104C_main\eca_soleil_zmi4104_lib\eca_soleil_zmi4104c.cpp(5977,49): warning C4273: 'Disable32bitsOverflow': inconsistent dll linkage
C:\Users\guekam\source\repos\ECA_ZMI4104_Project\ECA_ZMI4104C_main\eca_soleil_zmi4104_lib\eca_soleil_zmi4104c.h(256,31): message : see previous definition of 'Disable32bitsOverflow'
C:\Users\guekam\source\repos\ECA_ZMI4104_Project\ECA_ZMI4104C_main\eca_soleil_zmi4104_lib\eca_soleil_zmi4104c.cpp(5989,47): warning C4273: 'DisableAuxRegisters': inconsistent dll linkage
C:\Users\guekam\source\repos\ECA_ZMI4104_Project\ECA_ZMI4104C_main\eca_soleil_zmi4104_lib\eca_soleil_zmi4104c.h(238,31): message : see previous definition of 'DisableAuxRegisters'
C:\Users\guekam\source\repos\ECA_ZMI4104_Project\ECA_ZMI4104C_main\eca_soleil_zmi4104_lib\eca_soleil_zmi4104c.cpp(6001,45): warning C4273: 'SampleVMEPosition': inconsistent dll linkage
C:\Users\guekam\source\repos\ECA_ZMI4104_Project\ECA_ZMI4104C_main\eca_soleil_zmi4104_lib\eca_soleil_zmi4104c.h(262,31): message : see previous definition of 'SampleVMEPosition'
C:\Users\guekam\source\repos\ECA_ZMI4104_Project\ECA_ZMI4104C_main\eca_soleil_zmi4104_lib\eca_soleil_zmi4104c.cpp(6020,16): warning C4273: 'Sclk_On': inconsistent dll linkage
C:\Users\guekam\source\repos\ECA_ZMI4104_Project\ECA_ZMI4104C_main\eca_soleil_zmi4104_lib\eca_soleil_zmi4104c.h(240,31): message : see previous definition of 'Sclk_On'
C:\Users\guekam\source\repos\ECA_ZMI4104_Project\ECA_ZMI4104C_main\eca_soleil_zmi4104_lib\eca_soleil_zmi4104c.cpp(6032,17): warning C4273: 'Sclk_Off': inconsistent dll linkage
C:\Users\guekam\source\repos\ECA_ZMI4104_Project\ECA_ZMI4104C_main\eca_soleil_zmi4104_lib\eca_soleil_zmi4104c.h(241,31): message : see previous definition of 'Sclk_Off'
C:\Users\guekam\source\repos\ECA_ZMI4104_Project\ECA_ZMI4104C_main\eca_soleil_zmi4104_lib\eca_soleil_zmi4104c.cpp(6045,19): warning C4273: 'VMESysReset': inconsistent dll linkage
C:\Users\guekam\source\repos\ECA_ZMI4104_Project\ECA_ZMI4104C_main\eca_soleil_zmi4104_lib\eca_soleil_zmi4104c.h(252,31): message : see previous definition of 'VMESysReset'
C:\Users\guekam\source\repos\ECA_ZMI4104_Project\ECA_ZMI4104C_main\eca_soleil_zmi4104_lib\eca_soleil_zmi4104c.cpp(6066,53): warning C4273: 'SetSampTimerFreq': inconsistent dll linkage
C:\Users\guekam\source\repos\ECA_ZMI4104_Project\ECA_ZMI4104C_main\eca_soleil_zmi4104_lib\eca_soleil_zmi4104c.h(242,31): message : see previous definition of 'SetSampTimerFreq'
C:\Users\guekam\source\repos\ECA_ZMI4104_Project\ECA_ZMI4104C_main\eca_soleil_zmi4104_lib\eca_soleil_zmi4104c.cpp(6105,44): warning C4273: 'getSamplingFrequency': inconsistent dll linkage
C:\Users\guekam\source\repos\ECA_ZMI4104_Project\ECA_ZMI4104C_main\eca_soleil_zmi4104_lib\eca_soleil_zmi4104c.h(278,31): message : see previous definition of 'getSamplingFrequency'
C:\Users\guekam\source\repos\ECA_ZMI4104_Project\ECA_ZMI4104C_main\eca_soleil_zmi4104_lib\eca_soleil_zmi4104c.cpp(6118,26): warning C4273: 'SetHoldSampEnable': inconsistent dll linkage
C:\Users\guekam\source\repos\ECA_ZMI4104_Project\ECA_ZMI4104C_main\eca_soleil_zmi4104_lib\eca_soleil_zmi4104c.h(243,31): message : see previous definition of 'SetHoldSampEnable'
C:\Users\guekam\source\repos\ECA_ZMI4104_Project\ECA_ZMI4104C_main\eca_soleil_zmi4104_lib\eca_soleil_zmi4104c.cpp(6130,28): warning C4273: 'ResetHoldSampEnable': inconsistent dll linkage
C:\Users\guekam\source\repos\ECA_ZMI4104_Project\ECA_ZMI4104C_main\eca_soleil_zmi4104_lib\eca_soleil_zmi4104c.h(244,31): message : see previous definition of 'ResetHoldSampEnable'
C:\Users\guekam\source\repos\ECA_ZMI4104_Project\ECA_ZMI4104C_main\eca_soleil_zmi4104_lib\eca_soleil_zmi4104c.cpp(6151,41): warning C4273: 'enableSampling': inconsistent dll linkage
C:\Users\guekam\source\repos\ECA_ZMI4104_Project\ECA_ZMI4104C_main\eca_soleil_zmi4104_lib\eca_soleil_zmi4104c.h(249,31): message : see previous definition of 'enableSampling'
C:\Users\guekam\source\repos\ECA_ZMI4104_Project\ECA_ZMI4104C_main\eca_soleil_zmi4104_lib\eca_soleil_zmi4104c.cpp(6174,51): warning C4273: 'setSamplingFrequency': inconsistent dll linkage
C:\Users\guekam\source\repos\ECA_ZMI4104_Project\ECA_ZMI4104C_main\eca_soleil_zmi4104_lib\eca_soleil_zmi4104c.h(251,31): message : see previous definition of 'setSamplingFrequency'
C:\Users\guekam\source\repos\ECA_ZMI4104_Project\ECA_ZMI4104C_main\eca_soleil_zmi4104_lib\eca_soleil_zmi4104c.cpp(6208,27): warning C4273: 'DisableSampleTimer': inconsistent dll linkage
C:\Users\guekam\source\repos\ECA_ZMI4104_Project\ECA_ZMI4104C_main\eca_soleil_zmi4104_lib\eca_soleil_zmi4104c.h(250,31): message : see previous definition of 'DisableSampleTimer'
C:\Users\guekam\source\repos\ECA_ZMI4104_Project\ECA_ZMI4104C_main\eca_soleil_zmi4104_lib\eca_soleil_zmi4104c.cpp(6217,45): warning C4273: 'GetVMEExtSampFlag': inconsistent dll linkage
C:\Users\guekam\source\repos\ECA_ZMI4104_Project\ECA_ZMI4104C_main\eca_soleil_zmi4104_lib\eca_soleil_zmi4104c.h(255,31): message : see previous definition of 'GetVMEExtSampFlag'
C:\Users\guekam\source\repos\ECA_ZMI4104_Project\ECA_ZMI4104C_main\eca_soleil_zmi4104_lib\eca_soleil_zmi4104c.cpp(6253,25): warning C4273: 'EEPROMread': inconsistent dll linkage
C:\Users\guekam\source\repos\ECA_ZMI4104_Project\ECA_ZMI4104C_main\eca_soleil_zmi4104_lib\eca_soleil_zmi4104c.h(336,31): message : see previous definition of 'EEPROMread'
C:\Users\guekam\source\repos\ECA_ZMI4104_Project\ECA_ZMI4104C_main\eca_soleil_zmi4104_lib\eca_soleil_zmi4104c.cpp(6321,29): warning C4273: 'Read_Write': inconsistent dll linkage
C:\Users\guekam\source\repos\ECA_ZMI4104_Project\ECA_ZMI4104C_main\eca_soleil_zmi4104_lib\eca_soleil_zmi4104c.h(202,31): message : see previous definition of 'Read_Write'
C:\Users\guekam\source\repos\ECA_ZMI4104_Project\ECA_ZMI4104C_main\eca_soleil_zmi4104_lib\eca_soleil_zmi4104c.cpp(6419,32): warning C4273: 'FATAL': inconsistent dll linkage
C:\Users\guekam\source\repos\ECA_ZMI4104_Project\ECA_ZMI4104C_main\eca_soleil_zmi4104_lib\eca_soleil_zmi4104c.h(203,31): message : see previous definition of 'FATAL'
C:\Users\guekam\source\repos\ECA_ZMI4104_Project\ECA_ZMI4104C_main\eca_soleil_zmi4104_lib\eca_soleil_zmi4104c.cpp(6441,32): warning C4273: 'WARN': inconsistent dll linkage
C:\Users\guekam\source\repos\ECA_ZMI4104_Project\ECA_ZMI4104C_main\eca_soleil_zmi4104_lib\eca_soleil_zmi4104c.h(204,31): message : see previous definition of 'WARN'
C:\Users\guekam\source\repos\ECA_ZMI4104_Project\ECA_ZMI4104C_main\eca_soleil_zmi4104_lib\eca_soleil_zmi4104c.cpp(6463,32): warning C4273: 'INFO': inconsistent dll linkage
C:\Users\guekam\source\repos\ECA_ZMI4104_Project\ECA_ZMI4104C_main\eca_soleil_zmi4104_lib\eca_soleil_zmi4104c.h(205,31): message : see previous definition of 'INFO'
C:\Users\guekam\source\repos\ECA_ZMI4104_Project\ECA_ZMI4104C_main\eca_soleil_zmi4104_lib\eca_soleil_zmi4104c.cpp(6495,43): warning C4273: 'setGainMinControl': inconsistent dll linkage
C:\Users\guekam\source\repos\ECA_ZMI4104_Project\ECA_ZMI4104C_main\eca_soleil_zmi4104_lib\eca_soleil_zmi4104c.h(330,31): message : see previous definition of 'setGainMinControl'
C:\Users\guekam\source\repos\ECA_ZMI4104_Project\ECA_ZMI4104C_main\eca_soleil_zmi4104_lib\eca_soleil_zmi4104c.cpp(6511,56): warning C4273: 'getGainMinControl': inconsistent dll linkage
C:\Users\guekam\source\repos\ECA_ZMI4104_Project\ECA_ZMI4104C_main\eca_soleil_zmi4104_lib\eca_soleil_zmi4104c.h(209,31): message : see previous definition of 'getGainMinControl'
C:\Users\guekam\source\repos\ECA_ZMI4104_Project\ECA_ZMI4104C_main\eca_soleil_zmi4104_lib\eca_soleil_zmi4104c.cpp(6530,45): warning C4273: 'resetGainMinControl': inconsistent dll linkage
C:\Users\guekam\source\repos\ECA_ZMI4104_Project\ECA_ZMI4104C_main\eca_soleil_zmi4104_lib\eca_soleil_zmi4104c.h(331,31): message : see previous definition of 'resetGainMinControl'
C:\Users\guekam\source\repos\ECA_ZMI4104_Project\ECA_ZMI4104C_main\eca_soleil_zmi4104_lib\eca_soleil_zmi4104c.cpp(6545,43): warning C4273: 'setGainMaxControl': inconsistent dll linkage
C:\Users\guekam\source\repos\ECA_ZMI4104_Project\ECA_ZMI4104C_main\eca_soleil_zmi4104_lib\eca_soleil_zmi4104c.h(332,31): message : see previous definition of 'setGainMaxControl'
C:\Users\guekam\source\repos\ECA_ZMI4104_Project\ECA_ZMI4104C_main\eca_soleil_zmi4104_lib\eca_soleil_zmi4104c.cpp(6562,56): warning C4273: 'getGainMaxControl': inconsistent dll linkage
C:\Users\guekam\source\repos\ECA_ZMI4104_Project\ECA_ZMI4104C_main\eca_soleil_zmi4104_lib\eca_soleil_zmi4104c.h(210,31): message : see previous definition of 'getGainMaxControl'
C:\Users\guekam\source\repos\ECA_ZMI4104_Project\ECA_ZMI4104C_main\eca_soleil_zmi4104_lib\eca_soleil_zmi4104c.cpp(6580,45): warning C4273: 'resetGainMaxControl': inconsistent dll linkage
C:\Users\guekam\source\repos\ECA_ZMI4104_Project\ECA_ZMI4104C_main\eca_soleil_zmi4104_lib\eca_soleil_zmi4104c.h(333,31): message : see previous definition of 'resetGainMaxControl'
C:\Users\guekam\source\repos\ECA_ZMI4104_Project\ECA_ZMI4104C_main\eca_soleil_zmi4104_lib\eca_soleil_zmi4104c.cpp(6596,43): warning C4273: 'setGainControlAGC': inconsistent dll linkage
C:\Users\guekam\source\repos\ECA_ZMI4104_Project\ECA_ZMI4104C_main\eca_soleil_zmi4104_lib\eca_soleil_zmi4104c.h(328,31): message : see previous definition of 'setGainControlAGC'
C:\Users\guekam\source\repos\ECA_ZMI4104_Project\ECA_ZMI4104C_main\eca_soleil_zmi4104_lib\eca_soleil_zmi4104c.cpp(6611,59): warning C4273: 'getGainControlAGC': inconsistent dll linkage
C:\Users\guekam\source\repos\ECA_ZMI4104_Project\ECA_ZMI4104C_main\eca_soleil_zmi4104_lib\eca_soleil_zmi4104c.h(208,31): message : see previous definition of 'getGainControlAGC'
C:\Users\guekam\source\repos\ECA_ZMI4104_Project\ECA_ZMI4104C_main\eca_soleil_zmi4104_lib\eca_soleil_zmi4104c.cpp(6629,45): warning C4273: 'resetGainControlAGC': inconsistent dll linkage
C:\Users\guekam\source\repos\ECA_ZMI4104_Project\ECA_ZMI4104C_main\eca_soleil_zmi4104_lib\eca_soleil_zmi4104c.h(329,31): message : see previous definition of 'resetGainControlAGC'
C:\Users\guekam\source\repos\ECA_ZMI4104_Project\ECA_ZMI4104C_main\eca_soleil_zmi4104_lib\eca_soleil_zmi4104c.cpp(6644,120): warning C4273: 'readGSEData': inconsistent dll linkage
C:\Users\guekam\source\repos\ECA_ZMI4104_Project\ECA_ZMI4104C_main\eca_soleil_zmi4104_lib\eca_soleil_zmi4104c.h(340,31): message : see previous definition of 'readGSEData'
C:\Users\guekam\source\repos\ECA_ZMI4104_Project\ECA_ZMI4104C_main\eca_soleil_zmi4104_lib\eca_soleil_zmi4104c.cpp(6691,112): warning C4273: 'readGSEData_ForAllAxis': inconsistent dll linkage
C:\Users\guekam\source\repos\ECA_ZMI4104_Project\ECA_ZMI4104C_main\eca_soleil_zmi4104_lib\eca_soleil_zmi4104c.h(341,31): message : see previous definition of 'readGSEData_ForAllAxis'
C:\Users\guekam\source\repos\ECA_ZMI4104_Project\ECA_ZMI4104C_main\eca_soleil_zmi4104_lib\eca_soleil_zmi4104c.cpp(6708,32): warning C4273: 'getCurrentInterType': inconsistent dll linkage
C:\Users\guekam\source\repos\ECA_ZMI4104_Project\ECA_ZMI4104C_main\eca_soleil_zmi4104_lib\eca_soleil_zmi4104c.h(213,36): message : see previous definition of 'getCurrentInterType'
C:\Users\guekam\source\repos\ECA_ZMI4104_Project\ECA_ZMI4104C_main\eca_soleil_zmi4104_lib\eca_soleil_zmi4104c.cpp(6711,22): warning C4273: 'getSampleSCLK': inconsistent dll linkage
C:\Users\guekam\source\repos\ECA_ZMI4104_Project\ECA_ZMI4104C_main\eca_soleil_zmi4104_lib\eca_soleil_zmi4104c.h(215,32): message : see previous definition of 'getSampleSCLK'
C:\Users\guekam\source\repos\ECA_ZMI4104_Project\ECA_ZMI4104C_main\eca_soleil_zmi4104_lib\eca_soleil_zmi4104c.cpp(6714,21): warning C4273: 'getResetSCLK': inconsistent dll linkage
C:\Users\guekam\source\repos\ECA_ZMI4104_Project\ECA_ZMI4104C_main\eca_soleil_zmi4104_lib\eca_soleil_zmi4104c.h(216,32): message : see previous definition of 'getResetSCLK'
C:\Users\guekam\source\repos\ECA_ZMI4104_Project\ECA_ZMI4104C_main\eca_soleil_zmi4104_lib\eca_soleil_zmi4104c.cpp(6718,22): warning C4273: 'getSampFreq': inconsistent dll linkage
C:\Users\guekam\source\repos\ECA_ZMI4104_Project\ECA_ZMI4104C_main\eca_soleil_zmi4104_lib\eca_soleil_zmi4104c.h(217,34): message : see previous definition of 'getSampFreq'
C:\Users\guekam\source\repos\ECA_ZMI4104_Project\ECA_ZMI4104C_main\eca_soleil_zmi4104_lib\eca_soleil_zmi4104c.cpp(6722,27): warning C4273: 'getBaseAddress': inconsistent dll linkage
C:\Users\guekam\source\repos\ECA_ZMI4104_Project\ECA_ZMI4104C_main\eca_soleil_zmi4104_lib\eca_soleil_zmi4104c.h(214,36): message : see previous definition of 'getBaseAddress'
     Creating library C:\Users\guekam\source\repos\ECA_ZMI4104_Project\ECA_ZMI4104C_main\eca_soleil_zmi4104_lib\Release\eca_soleil_zmi4104_lib.lib and object C:\Users\guekam\source\repos\ECA_ZMI4104_Project\ECA_ZMI4104C_main\eca_soleil_zmi4104_lib\Release\eca_soleil_zmi4104_lib.exp
  Generating code
  2 of 173 functions ( 1.2%) were compiled, the rest were copied from previous compilation.
    0 functions were new in current compilation
    0 functions had inline decision re-evaluated but remain unchanged
  Finished generating code
  eca_soleil_zmi4104_lib.vcxproj -> C:\Users\guekam\source\repos\ECA_ZMI4104_Project\ECA_ZMI4104C_main\eca_soleil_zmi4104_lib\Release\eca_soleil_zmi4104_lib.dll
