c:\users\guekam\source\repos\eca_zmi4104_project\eca_zmi4104c_main\eca_soleil_zmi4104_lib\release\eca_soleil_zmi4104_lib.pch
c:\users\guekam\source\repos\eca_zmi4104_project\eca_zmi4104c_main\eca_soleil_zmi4104_lib\release\vc142.pdb
c:\users\guekam\source\repos\eca_zmi4104_project\eca_zmi4104c_main\eca_soleil_zmi4104_lib\release\pch.obj
c:\users\guekam\source\repos\eca_zmi4104_project\eca_zmi4104c_main\eca_soleil_zmi4104_lib\release\sis3100_vme_calls.obj
c:\users\guekam\source\repos\eca_zmi4104_project\eca_zmi4104c_main\eca_soleil_zmi4104_lib\release\eca_soleil_zmi4104c.obj
c:\users\guekam\source\repos\eca_zmi4104_project\eca_zmi4104c_main\eca_soleil_zmi4104_lib\release\dllmain.obj
c:\users\guekam\source\repos\eca_zmi4104_project\eca_zmi4104c_main\eca_soleil_zmi4104_lib\release\eca_soleil_zmi4104_lib.lib
c:\users\guekam\source\repos\eca_zmi4104_project\eca_zmi4104c_main\eca_soleil_zmi4104_lib\release\eca_soleil_zmi4104_lib.exp
c:\users\guekam\source\repos\eca_zmi4104_project\eca_zmi4104c_main\eca_soleil_zmi4104_lib\release\eca_soleil_zmi4104_lib.ipdb
c:\users\guekam\source\repos\eca_zmi4104_project\eca_zmi4104c_main\eca_soleil_zmi4104_lib\release\eca_soleil_zmi4104_lib.iobj
c:\users\guekam\source\repos\eca_zmi4104_project\eca_zmi4104c_main\eca_soleil_zmi4104_lib\release\eca_soleil_zmi4104_lib.pdb
c:\users\guekam\source\repos\eca_zmi4104_project\eca_zmi4104c_main\eca_soleil_zmi4104_lib\release\eca_sole.7af87a40.tlog\cl.command.1.tlog
c:\users\guekam\source\repos\eca_zmi4104_project\eca_zmi4104c_main\eca_soleil_zmi4104_lib\release\eca_sole.7af87a40.tlog\cl.read.1.tlog
c:\users\guekam\source\repos\eca_zmi4104_project\eca_zmi4104c_main\eca_soleil_zmi4104_lib\release\eca_sole.7af87a40.tlog\cl.write.1.tlog
c:\users\guekam\source\repos\eca_zmi4104_project\eca_zmi4104c_main\eca_soleil_zmi4104_lib\release\eca_sole.7af87a40.tlog\eca_soleil_zmi4104_lib.write.1u.tlog
c:\users\guekam\source\repos\eca_zmi4104_project\eca_zmi4104c_main\eca_soleil_zmi4104_lib\release\eca_sole.7af87a40.tlog\link.command.1.tlog
c:\users\guekam\source\repos\eca_zmi4104_project\eca_zmi4104c_main\eca_soleil_zmi4104_lib\release\eca_sole.7af87a40.tlog\link.delete.1.tlog
c:\users\guekam\source\repos\eca_zmi4104_project\eca_zmi4104c_main\eca_soleil_zmi4104_lib\release\eca_sole.7af87a40.tlog\link.read.1.tlog
c:\users\guekam\source\repos\eca_zmi4104_project\eca_zmi4104c_main\eca_soleil_zmi4104_lib\release\eca_sole.7af87a40.tlog\link.read.7.tlog
c:\users\guekam\source\repos\eca_zmi4104_project\eca_zmi4104c_main\eca_soleil_zmi4104_lib\release\eca_sole.7af87a40.tlog\link.write.1.tlog
