  eca_soleil_zmi4104c.cpp
C:\Users\guekam\source\repos\ECA_ZMI4104_Project\ECA_ZMI4104C_main\eca_soleil_zmi4104_lib\eca_soleil_zmi4104c.cpp(4,47): warning C4273: 'modifyBaseAddress': inconsistent dll linkage
C:\Users\guekam\source\repos\ECA_ZMI4104_Project\ECA_ZMI4104C_main\eca_soleil_zmi4104_lib\eca_soleil_zmi4104c.h(174,32): message : see previous definition of 'modifyBaseAddress'
C:\Users\guekam\source\repos\ECA_ZMI4104_Project\ECA_ZMI4104C_main\eca_soleil_zmi4104_lib\eca_soleil_zmi4104c.cpp(11,1): warning C4273: 'CreateEvents': inconsistent dll linkage
C:\Users\guekam\source\repos\ECA_ZMI4104_Project\ECA_ZMI4104C_main\eca_soleil_zmi4104_lib\eca_soleil_zmi4104c.h(175,32): message : see previous definition of 'CreateEvents'
C:\Users\guekam\source\repos\ECA_ZMI4104_Project\ECA_ZMI4104C_main\eca_soleil_zmi4104_lib\eca_soleil_zmi4104c.cpp(45,1): warning C4273: 'CreateThreads': inconsistent dll linkage
C:\Users\guekam\source\repos\ECA_ZMI4104_Project\ECA_ZMI4104C_main\eca_soleil_zmi4104_lib\eca_soleil_zmi4104c.h(176,32): message : see previous definition of 'CreateThreads'
C:\Users\guekam\source\repos\ECA_ZMI4104_Project\ECA_ZMI4104C_main\eca_soleil_zmi4104_lib\eca_soleil_zmi4104c.cpp(131,1): warning C4273: 'CloseThreads': inconsistent dll linkage
C:\Users\guekam\source\repos\ECA_ZMI4104_Project\ECA_ZMI4104C_main\eca_soleil_zmi4104_lib\eca_soleil_zmi4104c.h(177,32): message : see previous definition of 'CloseThreads'
C:\Users\guekam\source\repos\ECA_ZMI4104_Project\ECA_ZMI4104C_main\eca_soleil_zmi4104_lib\eca_soleil_zmi4104c.cpp(427,100): warning C4273: 'configureCEChardware': inconsistent dll linkage
C:\Users\guekam\source\repos\ECA_ZMI4104_Project\ECA_ZMI4104C_main\eca_soleil_zmi4104_lib\eca_soleil_zmi4104c.h(180,31): message : see previous definition of 'configureCEChardware'
C:\Users\guekam\source\repos\ECA_ZMI4104_Project\ECA_ZMI4104C_main\eca_soleil_zmi4104_lib\eca_soleil_zmi4104c.cpp(472,89): warning C4273: 'readCEerrorStatReg': inconsistent dll linkage
C:\Users\guekam\source\repos\ECA_ZMI4104_Project\ECA_ZMI4104C_main\eca_soleil_zmi4104_lib\eca_soleil_zmi4104c.h(171,31): message : see previous definition of 'readCEerrorStatReg'
C:\Users\guekam\source\repos\ECA_ZMI4104_Project\ECA_ZMI4104C_main\eca_soleil_zmi4104_lib\eca_soleil_zmi4104c.cpp(640,1): warning C4273: 'AckForSis3100VME_Irq': inconsistent dll linkage
C:\Users\guekam\source\repos\ECA_ZMI4104_Project\ECA_ZMI4104C_main\eca_soleil_zmi4104_lib\eca_soleil_zmi4104c.h(267,31): message : see previous definition of 'AckForSis3100VME_Irq'
C:\Users\guekam\source\repos\ECA_ZMI4104_Project\ECA_ZMI4104C_main\eca_soleil_zmi4104_lib\eca_soleil_zmi4104c.cpp(688,42): warning C4273: 'EnableSinglePassInterferometer': inconsistent dll linkage
C:\Users\guekam\source\repos\ECA_ZMI4104_Project\ECA_ZMI4104C_main\eca_soleil_zmi4104_lib\eca_soleil_zmi4104c.h(227,31): message : see previous definition of 'EnableSinglePassInterferometer'
C:\Users\guekam\source\repos\ECA_ZMI4104_Project\ECA_ZMI4104C_main\eca_soleil_zmi4104_lib\eca_soleil_zmi4104c.cpp(695,42): warning C4273: 'EnableDoublePassInterferometer': inconsistent dll linkage
C:\Users\guekam\source\repos\ECA_ZMI4104_Project\ECA_ZMI4104C_main\eca_soleil_zmi4104_lib\eca_soleil_zmi4104c.h(228,31): message : see previous definition of 'EnableDoublePassInterferometer'
C:\Users\guekam\source\repos\ECA_ZMI4104_Project\ECA_ZMI4104C_main\eca_soleil_zmi4104_lib\eca_soleil_zmi4104c.cpp(704,63): warning C4273: 'initAxis': inconsistent dll linkage
C:\Users\guekam\source\repos\ECA_ZMI4104_Project\ECA_ZMI4104C_main\eca_soleil_zmi4104_lib\eca_soleil_zmi4104c.h(188,31): message : see previous definition of 'initAxis'
C:\Users\guekam\source\repos\ECA_ZMI4104_Project\ECA_ZMI4104C_main\eca_soleil_zmi4104_lib\eca_soleil_zmi4104c.cpp(739,77): warning C4273: 'DisableAllVMEInterrupts': inconsistent dll linkage
C:\Users\guekam\source\repos\ECA_ZMI4104_Project\ECA_ZMI4104C_main\eca_soleil_zmi4104_lib\eca_soleil_zmi4104c.h(257,31): message : see previous definition of 'DisableAllVMEInterrupts'
C:\Users\guekam\source\repos\ECA_ZMI4104_Project\ECA_ZMI4104C_main\eca_soleil_zmi4104_lib\eca_soleil_zmi4104c.cpp(761,76): warning C4273: 'EnableAllVMEInterrupts': inconsistent dll linkage
C:\Users\guekam\source\repos\ECA_ZMI4104_Project\ECA_ZMI4104C_main\eca_soleil_zmi4104_lib\eca_soleil_zmi4104c.h(262,31): message : see previous definition of 'EnableAllVMEInterrupts'
C:\Users\guekam\source\repos\ECA_ZMI4104_Project\ECA_ZMI4104C_main\eca_soleil_zmi4104_lib\eca_soleil_zmi4104c.cpp(784,78): warning C4273: 'EnableVMEGlobalInterrupt': inconsistent dll linkage
C:\Users\guekam\source\repos\ECA_ZMI4104_Project\ECA_ZMI4104C_main\eca_soleil_zmi4104_lib\eca_soleil_zmi4104c.h(255,31): message : see previous definition of 'EnableVMEGlobalInterrupt'
C:\Users\guekam\source\repos\ECA_ZMI4104_Project\ECA_ZMI4104C_main\eca_soleil_zmi4104_lib\eca_soleil_zmi4104c.cpp(801,110): warning C4273: 'processRAMData': inconsistent dll linkage
C:\Users\guekam\source\repos\ECA_ZMI4104_Project\ECA_ZMI4104C_main\eca_soleil_zmi4104_lib\eca_soleil_zmi4104c.h(270,31): message : see previous definition of 'processRAMData'
C:\Users\guekam\source\repos\ECA_ZMI4104_Project\ECA_ZMI4104C_main\eca_soleil_zmi4104_lib\eca_soleil_zmi4104c.cpp(890,135): warning C4273: 'processFifoData': inconsistent dll linkage
C:\Users\guekam\source\repos\ECA_ZMI4104_Project\ECA_ZMI4104C_main\eca_soleil_zmi4104_lib\eca_soleil_zmi4104c.h(271,31): message : see previous definition of 'processFifoData'
C:\Users\guekam\source\repos\ECA_ZMI4104_Project\ECA_ZMI4104C_main\eca_soleil_zmi4104_lib\eca_soleil_zmi4104c.cpp(1055,139): warning C4273: 'configureFifoFlyscan': inconsistent dll linkage
C:\Users\guekam\source\repos\ECA_ZMI4104_Project\ECA_ZMI4104C_main\eca_soleil_zmi4104_lib\eca_soleil_zmi4104c.h(272,31): message : see previous definition of 'configureFifoFlyscan'
C:\Users\guekam\source\repos\ECA_ZMI4104_Project\ECA_ZMI4104C_main\eca_soleil_zmi4104_lib\eca_soleil_zmi4104c.cpp(1121,117): warning C4273: 'fifoFlyscan': inconsistent dll linkage
C:\Users\guekam\source\repos\ECA_ZMI4104_Project\ECA_ZMI4104C_main\eca_soleil_zmi4104_lib\eca_soleil_zmi4104c.h(273,31): message : see previous definition of 'fifoFlyscan'
C:\Users\guekam\source\repos\ECA_ZMI4104_Project\ECA_ZMI4104C_main\eca_soleil_zmi4104_lib\eca_soleil_zmi4104c.cpp(1169,70): warning C4273: 'isFifoDavbitSet': inconsistent dll linkage
C:\Users\guekam\source\repos\ECA_ZMI4104_Project\ECA_ZMI4104C_main\eca_soleil_zmi4104_lib\eca_soleil_zmi4104c.h(274,32): message : see previous definition of 'isFifoDavbitSet'
C:\Users\guekam\source\repos\ECA_ZMI4104_Project\ECA_ZMI4104C_main\eca_soleil_zmi4104_lib\eca_soleil_zmi4104c.cpp(1174,81): warning C4305: 'return': truncation from 'int' to 'bool'
C:\Users\guekam\source\repos\ECA_ZMI4104_Project\ECA_ZMI4104C_main\eca_soleil_zmi4104_lib\eca_soleil_zmi4104c.cpp(1180,70): warning C4273: 'isFifoOVFbitSet': inconsistent dll linkage
C:\Users\guekam\source\repos\ECA_ZMI4104_Project\ECA_ZMI4104C_main\eca_soleil_zmi4104_lib\eca_soleil_zmi4104c.h(275,32): message : see previous definition of 'isFifoOVFbitSet'
C:\Users\guekam\source\repos\ECA_ZMI4104_Project\ECA_ZMI4104C_main\eca_soleil_zmi4104_lib\eca_soleil_zmi4104c.cpp(1185,82): warning C4305: 'return': truncation from 'int' to 'bool'
C:\Users\guekam\source\repos\ECA_ZMI4104_Project\ECA_ZMI4104C_main\eca_soleil_zmi4104_lib\eca_soleil_zmi4104c.cpp(1209,100): warning C4273: 'configureFlyscan': inconsistent dll linkage
C:\Users\guekam\source\repos\ECA_ZMI4104_Project\ECA_ZMI4104C_main\eca_soleil_zmi4104_lib\eca_soleil_zmi4104c.h(276,31): message : see previous definition of 'configureFlyscan'
C:\Users\guekam\source\repos\ECA_ZMI4104_Project\ECA_ZMI4104C_main\eca_soleil_zmi4104_lib\eca_soleil_zmi4104c.cpp(1284,72): warning C4273: 'startAquisition': inconsistent dll linkage
C:\Users\guekam\source\repos\ECA_ZMI4104_Project\ECA_ZMI4104C_main\eca_soleil_zmi4104_lib\eca_soleil_zmi4104c.h(221,31): message : see previous definition of 'startAquisition'
C:\Users\guekam\source\repos\ECA_ZMI4104_Project\ECA_ZMI4104C_main\eca_soleil_zmi4104_lib\eca_soleil_zmi4104c.cpp(1306,71): warning C4273: 'stopAquisition': inconsistent dll linkage
C:\Users\guekam\source\repos\ECA_ZMI4104_Project\ECA_ZMI4104C_main\eca_soleil_zmi4104_lib\eca_soleil_zmi4104c.h(222,31): message : see previous definition of 'stopAquisition'
C:\Users\guekam\source\repos\ECA_ZMI4104_Project\ECA_ZMI4104C_main\eca_soleil_zmi4104_lib\eca_soleil_zmi4104c.cpp(1335,39): warning C4273: 'allocateMemSpace': inconsistent dll linkage
C:\Users\guekam\source\repos\ECA_ZMI4104_Project\ECA_ZMI4104C_main\eca_soleil_zmi4104_lib\eca_soleil_zmi4104c.h(269,33): message : see previous definition of 'allocateMemSpace'
C:\Users\guekam\source\repos\ECA_ZMI4104_Project\ECA_ZMI4104C_main\eca_soleil_zmi4104_lib\eca_soleil_zmi4104c.cpp(1417,122): warning C4273: 'getFlyscanData': inconsistent dll linkage
C:\Users\guekam\source\repos\ECA_ZMI4104_Project\ECA_ZMI4104C_main\eca_soleil_zmi4104_lib\eca_soleil_zmi4104c.h(268,31): message : see previous definition of 'getFlyscanData'
C:\Users\guekam\source\repos\ECA_ZMI4104_Project\ECA_ZMI4104C_main\eca_soleil_zmi4104_lib\eca_soleil_zmi4104c.cpp(1523,44): warning C4273: 'isRAMbusy': inconsistent dll linkage
C:\Users\guekam\source\repos\ECA_ZMI4104_Project\ECA_ZMI4104C_main\eca_soleil_zmi4104_lib\eca_soleil_zmi4104c.h(243,32): message : see previous definition of 'isRAMbusy'
C:\Users\guekam\source\repos\ECA_ZMI4104_Project\ECA_ZMI4104C_main\eca_soleil_zmi4104_lib\eca_soleil_zmi4104c.cpp(1555,92): warning C4273: 'setVMEIntVector': inconsistent dll linkage
C:\Users\guekam\source\repos\ECA_ZMI4104_Project\ECA_ZMI4104C_main\eca_soleil_zmi4104_lib\eca_soleil_zmi4104c.h(264,31): message : see previous definition of 'setVMEIntVector'
C:\Users\guekam\source\repos\ECA_ZMI4104_Project\ECA_ZMI4104C_main\eca_soleil_zmi4104_lib\eca_soleil_zmi4104c.cpp(1580,59): warning C4273: 'checkValues': inconsistent dll linkage
C:\Users\guekam\source\repos\ECA_ZMI4104_Project\ECA_ZMI4104C_main\eca_soleil_zmi4104_lib\eca_soleil_zmi4104c.h(240,31): message : see previous definition of 'checkValues'
C:\Users\guekam\source\repos\ECA_ZMI4104_Project\ECA_ZMI4104C_main\eca_soleil_zmi4104_lib\eca_soleil_zmi4104c.cpp(1602,92): warning C4273: 'setVMEIntLevel': inconsistent dll linkage
C:\Users\guekam\source\repos\ECA_ZMI4104_Project\ECA_ZMI4104C_main\eca_soleil_zmi4104_lib\eca_soleil_zmi4104c.h(265,31): message : see previous definition of 'setVMEIntLevel'
C:\Users\guekam\source\repos\ECA_ZMI4104_Project\ECA_ZMI4104C_main\eca_soleil_zmi4104_lib\eca_soleil_zmi4104c.cpp(1625,76): warning C4273: 'DisableGlobalInterrupt': inconsistent dll linkage
C:\Users\guekam\source\repos\ECA_ZMI4104_Project\ECA_ZMI4104C_main\eca_soleil_zmi4104_lib\eca_soleil_zmi4104c.h(256,31): message : see previous definition of 'DisableGlobalInterrupt'
C:\Users\guekam\source\repos\ECA_ZMI4104_Project\ECA_ZMI4104C_main\eca_soleil_zmi4104_lib\eca_soleil_zmi4104c.cpp(1648,102): warning C4273: 'EnableVMEInterrupt_bit': inconsistent dll linkage
C:\Users\guekam\source\repos\ECA_ZMI4104_Project\ECA_ZMI4104C_main\eca_soleil_zmi4104_lib\eca_soleil_zmi4104c.h(253,31): message : see previous definition of 'EnableVMEInterrupt_bit'
C:\Users\guekam\source\repos\ECA_ZMI4104_Project\ECA_ZMI4104C_main\eca_soleil_zmi4104_lib\eca_soleil_zmi4104c.cpp(1985,103): warning C4273: 'DisableVMEInterrupt_bit': inconsistent dll linkage
C:\Users\guekam\source\repos\ECA_ZMI4104_Project\ECA_ZMI4104C_main\eca_soleil_zmi4104_lib\eca_soleil_zmi4104c.h(254,31): message : see previous definition of 'DisableVMEInterrupt_bit'
C:\Users\guekam\source\repos\ECA_ZMI4104_Project\ECA_ZMI4104C_main\eca_soleil_zmi4104_lib\eca_soleil_zmi4104c.cpp(2205,63): warning C4273: 'ResetAxis': inconsistent dll linkage
C:\Users\guekam\source\repos\ECA_ZMI4104_Project\ECA_ZMI4104C_main\eca_soleil_zmi4104_lib\eca_soleil_zmi4104c.h(246,31): message : see previous definition of 'ResetAxis'
C:\Users\guekam\source\repos\ECA_ZMI4104_Project\ECA_ZMI4104C_main\eca_soleil_zmi4104_lib\eca_soleil_zmi4104c.cpp(2234,71): warning C4273: 'WaitResetComplete': inconsistent dll linkage
C:\Users\guekam\source\repos\ECA_ZMI4104_Project\ECA_ZMI4104C_main\eca_soleil_zmi4104_lib\eca_soleil_zmi4104c.h(247,31): message : see previous definition of 'WaitResetComplete'
C:\Users\guekam\source\repos\ECA_ZMI4104_Project\ECA_ZMI4104C_main\eca_soleil_zmi4104_lib\eca_soleil_zmi4104c.cpp(2261,47): warning C4273: 'initSISboards': inconsistent dll linkage
C:\Users\guekam\source\repos\ECA_ZMI4104_Project\ECA_ZMI4104C_main\eca_soleil_zmi4104_lib\eca_soleil_zmi4104c.h(189,31): message : see previous definition of 'initSISboards'
C:\Users\guekam\source\repos\ECA_ZMI4104_Project\ECA_ZMI4104C_main\eca_soleil_zmi4104_lib\eca_soleil_zmi4104c.cpp(2406,47): warning C4273: 'initZMIboards': inconsistent dll linkage
C:\Users\guekam\source\repos\ECA_ZMI4104_Project\ECA_ZMI4104C_main\eca_soleil_zmi4104_lib\eca_soleil_zmi4104c.h(190,31): message : see previous definition of 'initZMIboards'
C:\Users\guekam\source\repos\ECA_ZMI4104_Project\ECA_ZMI4104C_main\eca_soleil_zmi4104_lib\eca_soleil_zmi4104c.cpp(2625,141): warning C4273: 'ReadSSICalibrationData': inconsistent dll linkage
C:\Users\guekam\source\repos\ECA_ZMI4104_Project\ECA_ZMI4104C_main\eca_soleil_zmi4104_lib\eca_soleil_zmi4104c.h(208,31): message : see previous definition of 'ReadSSICalibrationData'
C:\Users\guekam\source\repos\ECA_ZMI4104_Project\ECA_ZMI4104C_main\eca_soleil_zmi4104_lib\eca_soleil_zmi4104c.cpp(2712,97): warning C4273: 'SetPositionOffset32': inconsistent dll linkage
C:\Users\guekam\source\repos\ECA_ZMI4104_Project\ECA_ZMI4104C_main\eca_soleil_zmi4104_lib\eca_soleil_zmi4104c.h(249,31): message : see previous definition of 'SetPositionOffset32'
C:\Users\guekam\source\repos\ECA_ZMI4104_Project\ECA_ZMI4104C_main\eca_soleil_zmi4104_lib\eca_soleil_zmi4104c.cpp(2733,75): warning C4273: 'EnableCECcompensation': inconsistent dll linkage
C:\Users\guekam\source\repos\ECA_ZMI4104_Project\ECA_ZMI4104C_main\eca_soleil_zmi4104_lib\eca_soleil_zmi4104c.h(250,31): message : see previous definition of 'EnableCECcompensation'
C:\Users\guekam\source\repos\ECA_ZMI4104_Project\ECA_ZMI4104C_main\eca_soleil_zmi4104_lib\eca_soleil_zmi4104c.cpp(2760,76): warning C4273: 'disableCECcompensation': inconsistent dll linkage
C:\Users\guekam\source\repos\ECA_ZMI4104_Project\ECA_ZMI4104C_main\eca_soleil_zmi4104_lib\eca_soleil_zmi4104c.h(170,31): message : see previous definition of 'disableCECcompensation'
C:\Users\guekam\source\repos\ECA_ZMI4104_Project\ECA_ZMI4104C_main\eca_soleil_zmi4104_lib\eca_soleil_zmi4104c.cpp(2860,73): warning C4273: 'waitCEinit2Complete': inconsistent dll linkage
C:\Users\guekam\source\repos\ECA_ZMI4104_Project\ECA_ZMI4104C_main\eca_soleil_zmi4104_lib\eca_soleil_zmi4104c.h(279,31): message : see previous definition of 'waitCEinit2Complete'
C:\Users\guekam\source\repos\ECA_ZMI4104_Project\ECA_ZMI4104C_main\eca_soleil_zmi4104_lib\eca_soleil_zmi4104c.cpp(2887,65): warning C4273: 'getLEDsStatus': inconsistent dll linkage
C:\Users\guekam\source\repos\ECA_ZMI4104_Project\ECA_ZMI4104C_main\eca_soleil_zmi4104_lib\eca_soleil_zmi4104c.h(172,31): message : see previous definition of 'getLEDsStatus'
C:\Users\guekam\source\repos\ECA_ZMI4104_Project\ECA_ZMI4104C_main\eca_soleil_zmi4104_lib\eca_soleil_zmi4104c.cpp(2938,93): warning C4273: 'SetCEMaxVel': inconsistent dll linkage
C:\Users\guekam\source\repos\ECA_ZMI4104_Project\ECA_ZMI4104C_main\eca_soleil_zmi4104_lib\eca_soleil_zmi4104c.h(280,31): message : see previous definition of 'SetCEMaxVel'
C:\Users\guekam\source\repos\ECA_ZMI4104_Project\ECA_ZMI4104C_main\eca_soleil_zmi4104_lib\eca_soleil_zmi4104c.cpp(2965,93): warning C4273: 'SetCEMinVel': inconsistent dll linkage
C:\Users\guekam\source\repos\ECA_ZMI4104_Project\ECA_ZMI4104C_main\eca_soleil_zmi4104_lib\eca_soleil_zmi4104c.h(281,31): message : see previous definition of 'SetCEMinVel'
C:\Users\guekam\source\repos\ECA_ZMI4104_Project\ECA_ZMI4104C_main\eca_soleil_zmi4104_lib\eca_soleil_zmi4104c.cpp(2990,94): warning C4273: 'readCalcCECoeffs': inconsistent dll linkage
C:\Users\guekam\source\repos\ECA_ZMI4104_Project\ECA_ZMI4104C_main\eca_soleil_zmi4104_lib\eca_soleil_zmi4104c.h(282,31): message : see previous definition of 'readCalcCECoeffs'
C:\Users\guekam\source\repos\ECA_ZMI4104_Project\ECA_ZMI4104C_main\eca_soleil_zmi4104_lib\eca_soleil_zmi4104c.cpp(3042,143): warning C4273: 'readCECoeffboundaries': inconsistent dll linkage
C:\Users\guekam\source\repos\ECA_ZMI4104_Project\ECA_ZMI4104C_main\eca_soleil_zmi4104_lib\eca_soleil_zmi4104c.h(283,31): message : see previous definition of 'readCECoeffboundaries'
C:\Users\guekam\source\repos\ECA_ZMI4104_Project\ECA_ZMI4104C_main\eca_soleil_zmi4104_lib\eca_soleil_zmi4104c.cpp(3101,110): warning C4273: 'calculateCEratio': inconsistent dll linkage
C:\Users\guekam\source\repos\ECA_ZMI4104_Project\ECA_ZMI4104C_main\eca_soleil_zmi4104_lib\eca_soleil_zmi4104c.h(179,31): message : see previous definition of 'calculateCEratio'
C:\Users\guekam\source\repos\ECA_ZMI4104_Project\ECA_ZMI4104C_main\eca_soleil_zmi4104_lib\eca_soleil_zmi4104c.cpp(3148,114): warning C4273: 'getAproximateCEratio': inconsistent dll linkage
C:\Users\guekam\source\repos\ECA_ZMI4104_Project\ECA_ZMI4104C_main\eca_soleil_zmi4104_lib\eca_soleil_zmi4104c.h(182,31): message : see previous definition of 'getAproximateCEratio'
C:\Users\guekam\source\repos\ECA_ZMI4104_Project\ECA_ZMI4104C_main\eca_soleil_zmi4104_lib\eca_soleil_zmi4104c.cpp(3318,51): warning C4273: 'convertCInt162Complex': inconsistent dll linkage
C:\Users\guekam\source\repos\ECA_ZMI4104_Project\ECA_ZMI4104C_main\eca_soleil_zmi4104_lib\eca_soleil_zmi4104c.h(277,31): message : see previous definition of 'convertCInt162Complex'
C:\Users\guekam\source\repos\ECA_ZMI4104_Project\ECA_ZMI4104C_main\eca_soleil_zmi4104_lib\eca_soleil_zmi4104c.cpp(3343,64): warning C4273: 'convertCFloat2Complex': inconsistent dll linkage
C:\Users\guekam\source\repos\ECA_ZMI4104_Project\ECA_ZMI4104C_main\eca_soleil_zmi4104_lib\eca_soleil_zmi4104c.h(278,31): message : see previous definition of 'convertCFloat2Complex'
C:\Users\guekam\source\repos\ECA_ZMI4104_Project\ECA_ZMI4104C_main\eca_soleil_zmi4104_lib\eca_soleil_zmi4104c.cpp(3384,59): warning C4273: 'convertFloat2Double': inconsistent dll linkage
C:\Users\guekam\source\repos\ECA_ZMI4104_Project\ECA_ZMI4104C_main\eca_soleil_zmi4104_lib\eca_soleil_zmi4104c.h(286,31): message : see previous definition of 'convertFloat2Double'
C:\Users\guekam\source\repos\ECA_ZMI4104_Project\ECA_ZMI4104C_main\eca_soleil_zmi4104_lib\eca_soleil_zmi4104c.cpp(3415,65): warning C4273: 'convertUSFloat2Double': inconsistent dll linkage
C:\Users\guekam\source\repos\ECA_ZMI4104_Project\ECA_ZMI4104C_main\eca_soleil_zmi4104_lib\eca_soleil_zmi4104c.h(178,31): message : see previous definition of 'convertUSFloat2Double'
C:\Users\guekam\source\repos\ECA_ZMI4104_Project\ECA_ZMI4104C_main\eca_soleil_zmi4104_lib\eca_soleil_zmi4104c.cpp(3467,79): warning C4273: 'Enable37bitsSignExtension': inconsistent dll linkage
C:\Users\guekam\source\repos\ECA_ZMI4104_Project\ECA_ZMI4104C_main\eca_soleil_zmi4104_lib\eca_soleil_zmi4104c.h(226,31): message : see previous definition of 'Enable37bitsSignExtension'
C:\Users\guekam\source\repos\ECA_ZMI4104_Project\ECA_ZMI4104C_main\eca_soleil_zmi4104_lib\eca_soleil_zmi4104c.cpp(3495,80): warning C4273: 'Disable37bitsSignExtension': inconsistent dll linkage
C:\Users\guekam\source\repos\ECA_ZMI4104_Project\ECA_ZMI4104C_main\eca_soleil_zmi4104_lib\eca_soleil_zmi4104c.h(212,31): message : see previous definition of 'Disable37bitsSignExtension'
C:\Users\guekam\source\repos\ECA_ZMI4104_Project\ECA_ZMI4104C_main\eca_soleil_zmi4104_lib\eca_soleil_zmi4104c.cpp(3524,107): warning C4273: 'SetKpAndKvCoeff': inconsistent dll linkage
C:\Users\guekam\source\repos\ECA_ZMI4104_Project\ECA_ZMI4104C_main\eca_soleil_zmi4104_lib\eca_soleil_zmi4104c.h(258,31): message : see previous definition of 'SetKpAndKvCoeff'
C:\Users\guekam\source\repos\ECA_ZMI4104_Project\ECA_ZMI4104C_main\eca_soleil_zmi4104_lib\eca_soleil_zmi4104c.cpp(3668,126): warning C4273: 'SetPositionOffset37': inconsistent dll linkage
C:\Users\guekam\source\repos\ECA_ZMI4104_Project\ECA_ZMI4104C_main\eca_soleil_zmi4104_lib\eca_soleil_zmi4104c.h(251,31): message : see previous definition of 'SetPositionOffset37'
C:\Users\guekam\source\repos\ECA_ZMI4104_Project\ECA_ZMI4104C_main\eca_soleil_zmi4104_lib\eca_soleil_zmi4104c.cpp(3691,99): warning C4273: 'SetPresetPosition32': inconsistent dll linkage
C:\Users\guekam\source\repos\ECA_ZMI4104_Project\ECA_ZMI4104C_main\eca_soleil_zmi4104_lib\eca_soleil_zmi4104c.h(248,31): message : see previous definition of 'SetPresetPosition32'
C:\Users\guekam\source\repos\ECA_ZMI4104_Project\ECA_ZMI4104C_main\eca_soleil_zmi4104_lib\eca_soleil_zmi4104c.cpp(3714,126): warning C4273: 'SetPresetPosition37': inconsistent dll linkage
C:\Users\guekam\source\repos\ECA_ZMI4104_Project\ECA_ZMI4104C_main\eca_soleil_zmi4104_lib\eca_soleil_zmi4104c.h(252,31): message : see previous definition of 'SetPresetPosition37'
C:\Users\guekam\source\repos\ECA_ZMI4104_Project\ECA_ZMI4104C_main\eca_soleil_zmi4104_lib\eca_soleil_zmi4104c.cpp(3736,65): warning C4273: 'ReadVMEErrs': inconsistent dll linkage
C:\Users\guekam\source\repos\ECA_ZMI4104_Project\ECA_ZMI4104C_main\eca_soleil_zmi4104_lib\eca_soleil_zmi4104c.h(187,31): message : see previous definition of 'ReadVMEErrs'
C:\Users\guekam\source\repos\ECA_ZMI4104_Project\ECA_ZMI4104C_main\eca_soleil_zmi4104_lib\eca_soleil_zmi4104c.cpp(3773,65): warning C4273: 'ReadAllErrs': inconsistent dll linkage
C:\Users\guekam\source\repos\ECA_ZMI4104_Project\ECA_ZMI4104C_main\eca_soleil_zmi4104_lib\eca_soleil_zmi4104c.h(260,31): message : see previous definition of 'ReadAllErrs'
C:\Users\guekam\source\repos\ECA_ZMI4104_Project\ECA_ZMI4104C_main\eca_soleil_zmi4104_lib\eca_soleil_zmi4104c.cpp(3811,93): warning C4273: 'BoardControlMode': inconsistent dll linkage
C:\Users\guekam\source\repos\ECA_ZMI4104_Project\ECA_ZMI4104C_main\eca_soleil_zmi4104_lib\eca_soleil_zmi4104c.h(236,31): message : see previous definition of 'BoardControlMode'
C:\Users\guekam\source\repos\ECA_ZMI4104_Project\ECA_ZMI4104C_main\eca_soleil_zmi4104_lib\eca_soleil_zmi4104c.cpp(3863,88): warning C4273: 'BiasControlMode': inconsistent dll linkage
C:\Users\guekam\source\repos\ECA_ZMI4104_Project\ECA_ZMI4104C_main\eca_soleil_zmi4104_lib\eca_soleil_zmi4104c.h(237,31): message : see previous definition of 'BiasControlMode'
C:\Users\guekam\source\repos\ECA_ZMI4104_Project\ECA_ZMI4104C_main\eca_soleil_zmi4104_lib\eca_soleil_zmi4104c.cpp(3892,74): warning C4273: 'StartBiasCalculation': inconsistent dll linkage
C:\Users\guekam\source\repos\ECA_ZMI4104_Project\ECA_ZMI4104C_main\eca_soleil_zmi4104_lib\eca_soleil_zmi4104c.h(238,31): message : see previous definition of 'StartBiasCalculation'
C:\Users\guekam\source\repos\ECA_ZMI4104_Project\ECA_ZMI4104C_main\eca_soleil_zmi4104_lib\eca_soleil_zmi4104c.cpp(3927,88): warning C4273: 'SetAPDGainL2': inconsistent dll linkage
C:\Users\guekam\source\repos\ECA_ZMI4104_Project\ECA_ZMI4104C_main\eca_soleil_zmi4104_lib\eca_soleil_zmi4104c.h(239,31): message : see previous definition of 'SetAPDGainL2'
C:\Users\guekam\source\repos\ECA_ZMI4104_Project\ECA_ZMI4104C_main\eca_soleil_zmi4104_lib\eca_soleil_zmi4104c.cpp(3950,94): warning C4273: 'SetAPDSigRMSL2': inconsistent dll linkage
C:\Users\guekam\source\repos\ECA_ZMI4104_Project\ECA_ZMI4104C_main\eca_soleil_zmi4104_lib\eca_soleil_zmi4104c.h(244,31): message : see previous definition of 'SetAPDSigRMSL2'
C:\Users\guekam\source\repos\ECA_ZMI4104_Project\ECA_ZMI4104C_main\eca_soleil_zmi4104_lib\eca_soleil_zmi4104c.cpp(3975,94): warning C4273: 'SetAPDOptPwrL2': inconsistent dll linkage
C:\Users\guekam\source\repos\ECA_ZMI4104_Project\ECA_ZMI4104C_main\eca_soleil_zmi4104_lib\eca_soleil_zmi4104c.h(245,31): message : see previous definition of 'SetAPDOptPwrL2'
C:\Users\guekam\source\repos\ECA_ZMI4104_Project\ECA_ZMI4104C_main\eca_soleil_zmi4104_lib\eca_soleil_zmi4104c.cpp(4026,108): warning C4273: 'ParseVMEErrorStatus2': inconsistent dll linkage
C:\Users\guekam\source\repos\ECA_ZMI4104_Project\ECA_ZMI4104C_main\eca_soleil_zmi4104_lib\eca_soleil_zmi4104c.h(231,31): message : see previous definition of 'ParseVMEErrorStatus2'
C:\Users\guekam\source\repos\ECA_ZMI4104_Project\ECA_ZMI4104C_main\eca_soleil_zmi4104_lib\eca_soleil_zmi4104c.cpp(4076,97): warning C4273: 'ParseVMEPosErrs': inconsistent dll linkage
C:\Users\guekam\source\repos\ECA_ZMI4104_Project\ECA_ZMI4104C_main\eca_soleil_zmi4104_lib\eca_soleil_zmi4104c.h(232,31): message : see previous definition of 'ParseVMEPosErrs'
C:\Users\guekam\source\repos\ECA_ZMI4104_Project\ECA_ZMI4104C_main\eca_soleil_zmi4104_lib\eca_soleil_zmi4104c.cpp(4102,108): warning C4273: 'ParseVMEErrorStatus1': inconsistent dll linkage
C:\Users\guekam\source\repos\ECA_ZMI4104_Project\ECA_ZMI4104C_main\eca_soleil_zmi4104_lib\eca_soleil_zmi4104c.h(233,31): message : see previous definition of 'ParseVMEErrorStatus1'
C:\Users\guekam\source\repos\ECA_ZMI4104_Project\ECA_ZMI4104C_main\eca_soleil_zmi4104_lib\eca_soleil_zmi4104c.cpp(4123,75): warning C4273: 'getLEDsErrorStatus': inconsistent dll linkage
C:\Users\guekam\source\repos\ECA_ZMI4104_Project\ECA_ZMI4104C_main\eca_soleil_zmi4104_lib\eca_soleil_zmi4104c.h(173,31): message : see previous definition of 'getLEDsErrorStatus'
C:\Users\guekam\source\repos\ECA_ZMI4104_Project\ECA_ZMI4104C_main\eca_soleil_zmi4104_lib\eca_soleil_zmi4104c.cpp(4192,108): warning C4273: 'ParseVMEErrorStatus0': inconsistent dll linkage
C:\Users\guekam\source\repos\ECA_ZMI4104_Project\ECA_ZMI4104C_main\eca_soleil_zmi4104_lib\eca_soleil_zmi4104c.h(234,31): message : see previous definition of 'ParseVMEErrorStatus0'
C:\Users\guekam\source\repos\ECA_ZMI4104_Project\ECA_ZMI4104C_main\eca_soleil_zmi4104_lib\eca_soleil_zmi4104c.cpp(4245,95): warning C4273: 'ParseAPDErrCode': inconsistent dll linkage
C:\Users\guekam\source\repos\ECA_ZMI4104_Project\ECA_ZMI4104C_main\eca_soleil_zmi4104_lib\eca_soleil_zmi4104c.h(235,31): message : see previous definition of 'ParseAPDErrCode'
C:\Users\guekam\source\repos\ECA_ZMI4104_Project\ECA_ZMI4104C_main\eca_soleil_zmi4104_lib\eca_soleil_zmi4104c.cpp(4407,92): warning C4273: 'ReadSamplePosition37': inconsistent dll linkage
C:\Users\guekam\source\repos\ECA_ZMI4104_Project\ECA_ZMI4104C_main\eca_soleil_zmi4104_lib\eca_soleil_zmi4104c.h(191,31): message : see previous definition of 'ReadSamplePosition37'
C:\Users\guekam\source\repos\ECA_ZMI4104_Project\ECA_ZMI4104C_main\eca_soleil_zmi4104_lib\eca_soleil_zmi4104c.cpp(4488,92): warning C4273: 'ReadSamplePosition32': inconsistent dll linkage
C:\Users\guekam\source\repos\ECA_ZMI4104_Project\ECA_ZMI4104C_main\eca_soleil_zmi4104_lib\eca_soleil_zmi4104c.h(192,31): message : see previous definition of 'ReadSamplePosition32'
C:\Users\guekam\source\repos\ECA_ZMI4104_Project\ECA_ZMI4104C_main\eca_soleil_zmi4104_lib\eca_soleil_zmi4104c.cpp(4522,86): warning C4273: 'ReadPosition37': inconsistent dll linkage
C:\Users\guekam\source\repos\ECA_ZMI4104_Project\ECA_ZMI4104C_main\eca_soleil_zmi4104_lib\eca_soleil_zmi4104c.h(195,31): message : see previous definition of 'ReadPosition37'
C:\Users\guekam\source\repos\ECA_ZMI4104_Project\ECA_ZMI4104C_main\eca_soleil_zmi4104_lib\eca_soleil_zmi4104c.cpp(4565,86): warning C4273: 'ReadPosition32': inconsistent dll linkage
C:\Users\guekam\source\repos\ECA_ZMI4104_Project\ECA_ZMI4104C_main\eca_soleil_zmi4104_lib\eca_soleil_zmi4104c.h(196,31): message : see previous definition of 'ReadPosition32'
C:\Users\guekam\source\repos\ECA_ZMI4104_Project\ECA_ZMI4104C_main\eca_soleil_zmi4104_lib\eca_soleil_zmi4104c.cpp(4592,86): warning C4273: 'ReadFIFOPosition': inconsistent dll linkage
C:\Users\guekam\source\repos\ECA_ZMI4104_Project\ECA_ZMI4104C_main\eca_soleil_zmi4104_lib\eca_soleil_zmi4104c.h(197,31): message : see previous definition of 'ReadFIFOPosition'
C:\Users\guekam\source\repos\ECA_ZMI4104_Project\ECA_ZMI4104C_main\eca_soleil_zmi4104_lib\eca_soleil_zmi4104c.cpp(4616,86): warning C4273: 'ReadVelocity32': inconsistent dll linkage
C:\Users\guekam\source\repos\ECA_ZMI4104_Project\ECA_ZMI4104C_main\eca_soleil_zmi4104_lib\eca_soleil_zmi4104c.h(198,31): message : see previous definition of 'ReadVelocity32'
C:\Users\guekam\source\repos\ECA_ZMI4104_Project\ECA_ZMI4104C_main\eca_soleil_zmi4104_lib\eca_soleil_zmi4104c.cpp(4636,95): warning C4273: 'ReadSamplePosition32_ForAllAxis': inconsistent dll linkage
C:\Users\guekam\source\repos\ECA_ZMI4104_Project\ECA_ZMI4104C_main\eca_soleil_zmi4104_lib\eca_soleil_zmi4104c.h(194,31): message : see previous definition of 'ReadSamplePosition32_ForAllAxis'
C:\Users\guekam\source\repos\ECA_ZMI4104_Project\ECA_ZMI4104C_main\eca_soleil_zmi4104_lib\eca_soleil_zmi4104c.cpp(4648,95): warning C4273: 'ReadSamplePosition37_ForAllAxis': inconsistent dll linkage
C:\Users\guekam\source\repos\ECA_ZMI4104_Project\ECA_ZMI4104C_main\eca_soleil_zmi4104_lib\eca_soleil_zmi4104c.h(193,31): message : see previous definition of 'ReadSamplePosition37_ForAllAxis'
C:\Users\guekam\source\repos\ECA_ZMI4104_Project\ECA_ZMI4104C_main\eca_soleil_zmi4104_lib\eca_soleil_zmi4104c.cpp(4660,83): warning C4273: 'ReadPosition32_ForAllAxis': inconsistent dll linkage
C:\Users\guekam\source\repos\ECA_ZMI4104_Project\ECA_ZMI4104C_main\eca_soleil_zmi4104_lib\eca_soleil_zmi4104c.h(200,31): message : see previous definition of 'ReadPosition32_ForAllAxis'
C:\Users\guekam\source\repos\ECA_ZMI4104_Project\ECA_ZMI4104C_main\eca_soleil_zmi4104_lib\eca_soleil_zmi4104c.cpp(4672,83): warning C4273: 'ReadVelocity32_ForAllAxis': inconsistent dll linkage
C:\Users\guekam\source\repos\ECA_ZMI4104_Project\ECA_ZMI4104C_main\eca_soleil_zmi4104_lib\eca_soleil_zmi4104c.h(201,31): message : see previous definition of 'ReadVelocity32_ForAllAxis'
C:\Users\guekam\source\repos\ECA_ZMI4104_Project\ECA_ZMI4104C_main\eca_soleil_zmi4104_lib\eca_soleil_zmi4104c.cpp(4684,83): warning C4273: 'ReadPosition37_ForAllAxis': inconsistent dll linkage
C:\Users\guekam\source\repos\ECA_ZMI4104_Project\ECA_ZMI4104C_main\eca_soleil_zmi4104_lib\eca_soleil_zmi4104c.h(199,31): message : see previous definition of 'ReadPosition37_ForAllAxis'
C:\Users\guekam\source\repos\ECA_ZMI4104_Project\ECA_ZMI4104C_main\eca_soleil_zmi4104_lib\eca_soleil_zmi4104c.cpp(4696,72): warning C4273: 'IsVMEPos32Overflow': inconsistent dll linkage
C:\Users\guekam\source\repos\ECA_ZMI4104_Project\ECA_ZMI4104C_main\eca_soleil_zmi4104_lib\eca_soleil_zmi4104c.h(205,31): message : see previous definition of 'IsVMEPos32Overflow'
C:\Users\guekam\source\repos\ECA_ZMI4104_Project\ECA_ZMI4104C_main\eca_soleil_zmi4104_lib\eca_soleil_zmi4104c.cpp(4713,82): warning C4305: 'return': truncation from 'int' to 'bool'
C:\Users\guekam\source\repos\ECA_ZMI4104_Project\ECA_ZMI4104C_main\eca_soleil_zmi4104_lib\eca_soleil_zmi4104c.cpp(4725,82): warning C4305: 'return': truncation from 'int' to 'bool'
C:\Users\guekam\source\repos\ECA_ZMI4104_Project\ECA_ZMI4104C_main\eca_soleil_zmi4104_lib\eca_soleil_zmi4104c.cpp(4737,82): warning C4305: 'return': truncation from 'int' to 'bool'
C:\Users\guekam\source\repos\ECA_ZMI4104_Project\ECA_ZMI4104C_main\eca_soleil_zmi4104_lib\eca_soleil_zmi4104c.cpp(4749,82): warning C4305: 'return': truncation from 'int' to 'bool'
C:\Users\guekam\source\repos\ECA_ZMI4104_Project\ECA_ZMI4104C_main\eca_soleil_zmi4104_lib\eca_soleil_zmi4104c.cpp(4817,60): warning C4273: 'ClearAllVMEErrs_ForAllAxis': inconsistent dll linkage
C:\Users\guekam\source\repos\ECA_ZMI4104_Project\ECA_ZMI4104C_main\eca_soleil_zmi4104_lib\eca_soleil_zmi4104c.h(241,31): message : see previous definition of 'ClearAllVMEErrs_ForAllAxis'
C:\Users\guekam\source\repos\ECA_ZMI4104_Project\ECA_ZMI4104C_main\eca_soleil_zmi4104_lib\eca_soleil_zmi4104c.cpp(4828,78): warning C4273: 'ReadTime32': inconsistent dll linkage
C:\Users\guekam\source\repos\ECA_ZMI4104_Project\ECA_ZMI4104C_main\eca_soleil_zmi4104_lib\eca_soleil_zmi4104c.h(202,31): message : see previous definition of 'ReadTime32'
C:\Users\guekam\source\repos\ECA_ZMI4104_Project\ECA_ZMI4104C_main\eca_soleil_zmi4104_lib\eca_soleil_zmi4104c.cpp(4845,75): warning C4273: 'ReadTime32_ForAllAxis': inconsistent dll linkage
C:\Users\guekam\source\repos\ECA_ZMI4104_Project\ECA_ZMI4104C_main\eca_soleil_zmi4104_lib\eca_soleil_zmi4104c.h(203,31): message : see previous definition of 'ReadTime32_ForAllAxis'
C:\Users\guekam\source\repos\ECA_ZMI4104_Project\ECA_ZMI4104C_main\eca_soleil_zmi4104_lib\eca_soleil_zmi4104c.cpp(4990,1): warning C4273: 'SetTimeDelayBetweenResAndCompleteBit': inconsistent dll linkage
C:\Users\guekam\source\repos\ECA_ZMI4104_Project\ECA_ZMI4104C_main\eca_soleil_zmi4104_lib\eca_soleil_zmi4104c.h(261,31): message : see previous definition of 'SetTimeDelayBetweenResAndCompleteBit'
C:\Users\guekam\source\repos\ECA_ZMI4104_Project\ECA_ZMI4104C_main\eca_soleil_zmi4104_lib\eca_soleil_zmi4104c.cpp(5018,65): warning C4273: 'ReadScaledSSIav': inconsistent dll linkage
C:\Users\guekam\source\repos\ECA_ZMI4104_Project\ECA_ZMI4104C_main\eca_soleil_zmi4104_lib\eca_soleil_zmi4104c.h(242,31): message : see previous definition of 'ReadScaledSSIav'
C:\Users\guekam\source\repos\ECA_ZMI4104_Project\ECA_ZMI4104C_main\eca_soleil_zmi4104_lib\eca_soleil_zmi4104c.cpp(5035,59): warning C4273: 'ReadSSIav': inconsistent dll linkage
C:\Users\guekam\source\repos\ECA_ZMI4104_Project\ECA_ZMI4104C_main\eca_soleil_zmi4104_lib\eca_soleil_zmi4104c.h(207,31): message : see previous definition of 'ReadSSIav'
C:\Users\guekam\source\repos\ECA_ZMI4104_Project\ECA_ZMI4104C_main\eca_soleil_zmi4104_lib\eca_soleil_zmi4104c.cpp(5054,85): warning C4273: 'ReadOpticalPowerUsingSSIav': inconsistent dll linkage
C:\Users\guekam\source\repos\ECA_ZMI4104_Project\ECA_ZMI4104C_main\eca_soleil_zmi4104_lib\eca_soleil_zmi4104c.h(206,31): message : see previous definition of 'ReadOpticalPowerUsingSSIav'
C:\Users\guekam\source\repos\ECA_ZMI4104_Project\ECA_ZMI4104C_main\eca_soleil_zmi4104_lib\eca_soleil_zmi4104c.cpp(5288,83): warning C4273: 'ReadAPDGain': inconsistent dll linkage
C:\Users\guekam\source\repos\ECA_ZMI4104_Project\ECA_ZMI4104C_main\eca_soleil_zmi4104_lib\eca_soleil_zmi4104c.h(209,31): message : see previous definition of 'ReadAPDGain'
C:\Users\guekam\source\repos\ECA_ZMI4104_Project\ECA_ZMI4104C_main\eca_soleil_zmi4104_lib\eca_soleil_zmi4104c.cpp(5308,78): warning C4273: 'ReadAPDGain_ForAllAxis': inconsistent dll linkage
C:\Users\guekam\source\repos\ECA_ZMI4104_Project\ECA_ZMI4104C_main\eca_soleil_zmi4104_lib\eca_soleil_zmi4104c.h(229,31): message : see previous definition of 'ReadAPDGain_ForAllAxis'
C:\Users\guekam\source\repos\ECA_ZMI4104_Project\ECA_ZMI4104C_main\eca_soleil_zmi4104_lib\eca_soleil_zmi4104c.cpp(5321,72): warning C4273: 'EnableAuxRegisters': inconsistent dll linkage
C:\Users\guekam\source\repos\ECA_ZMI4104_Project\ECA_ZMI4104C_main\eca_soleil_zmi4104_lib\eca_soleil_zmi4104c.h(210,31): message : see previous definition of 'EnableAuxRegisters'
C:\Users\guekam\source\repos\ECA_ZMI4104_Project\ECA_ZMI4104C_main\eca_soleil_zmi4104_lib\eca_soleil_zmi4104c.cpp(5341,19): warning C4305: 'return': truncation from 'int' to 'bool'
C:\Users\guekam\source\repos\ECA_ZMI4104_Project\ECA_ZMI4104C_main\eca_soleil_zmi4104_lib\eca_soleil_zmi4104c.cpp(5346,73): warning C4273: 'ReadAPDCtrlSoftErrs': inconsistent dll linkage
C:\Users\guekam\source\repos\ECA_ZMI4104_Project\ECA_ZMI4104C_main\eca_soleil_zmi4104_lib\eca_soleil_zmi4104c.h(259,31): message : see previous definition of 'ReadAPDCtrlSoftErrs'
C:\Users\guekam\source\repos\ECA_ZMI4104_Project\ECA_ZMI4104C_main\eca_soleil_zmi4104_lib\eca_soleil_zmi4104c.cpp(5411,74): warning C4273: 'Enable32bitsOverflow': inconsistent dll linkage
C:\Users\guekam\source\repos\ECA_ZMI4104_Project\ECA_ZMI4104C_main\eca_soleil_zmi4104_lib\eca_soleil_zmi4104c.h(225,31): message : see previous definition of 'Enable32bitsOverflow'
C:\Users\guekam\source\repos\ECA_ZMI4104_Project\ECA_ZMI4104C_main\eca_soleil_zmi4104_lib\eca_soleil_zmi4104c.cpp(5425,75): warning C4273: 'Disable32bitsOverflow': inconsistent dll linkage
C:\Users\guekam\source\repos\ECA_ZMI4104_Project\ECA_ZMI4104C_main\eca_soleil_zmi4104_lib\eca_soleil_zmi4104c.h(224,31): message : see previous definition of 'Disable32bitsOverflow'
C:\Users\guekam\source\repos\ECA_ZMI4104_Project\ECA_ZMI4104C_main\eca_soleil_zmi4104_lib\eca_soleil_zmi4104c.cpp(5439,73): warning C4273: 'DisableAuxRegisters': inconsistent dll linkage
C:\Users\guekam\source\repos\ECA_ZMI4104_Project\ECA_ZMI4104C_main\eca_soleil_zmi4104_lib\eca_soleil_zmi4104c.h(211,31): message : see previous definition of 'DisableAuxRegisters'
C:\Users\guekam\source\repos\ECA_ZMI4104_Project\ECA_ZMI4104C_main\eca_soleil_zmi4104_lib\eca_soleil_zmi4104c.cpp(5453,71): warning C4273: 'SampleVMEPosition': inconsistent dll linkage
C:\Users\guekam\source\repos\ECA_ZMI4104_Project\ECA_ZMI4104C_main\eca_soleil_zmi4104_lib\eca_soleil_zmi4104c.h(230,31): message : see previous definition of 'SampleVMEPosition'
C:\Users\guekam\source\repos\ECA_ZMI4104_Project\ECA_ZMI4104C_main\eca_soleil_zmi4104_lib\eca_soleil_zmi4104c.cpp(5472,41): warning C4273: 'Sclk_On': inconsistent dll linkage
C:\Users\guekam\source\repos\ECA_ZMI4104_Project\ECA_ZMI4104C_main\eca_soleil_zmi4104_lib\eca_soleil_zmi4104c.h(213,31): message : see previous definition of 'Sclk_On'
C:\Users\guekam\source\repos\ECA_ZMI4104_Project\ECA_ZMI4104C_main\eca_soleil_zmi4104_lib\eca_soleil_zmi4104c.cpp(5477,45): warning C4273: 'VMESysReset': inconsistent dll linkage
C:\Users\guekam\source\repos\ECA_ZMI4104_Project\ECA_ZMI4104C_main\eca_soleil_zmi4104_lib\eca_soleil_zmi4104c.h(220,31): message : see previous definition of 'VMESysReset'
C:\Users\guekam\source\repos\ECA_ZMI4104_Project\ECA_ZMI4104C_main\eca_soleil_zmi4104_lib\eca_soleil_zmi4104c.cpp(5488,42): warning C4273: 'Sclk_Off': inconsistent dll linkage
C:\Users\guekam\source\repos\ECA_ZMI4104_Project\ECA_ZMI4104C_main\eca_soleil_zmi4104_lib\eca_soleil_zmi4104c.h(214,31): message : see previous definition of 'Sclk_Off'
C:\Users\guekam\source\repos\ECA_ZMI4104_Project\ECA_ZMI4104C_main\eca_soleil_zmi4104_lib\eca_soleil_zmi4104c.cpp(5508,79): warning C4273: 'SetSampTimerFreq': inconsistent dll linkage
C:\Users\guekam\source\repos\ECA_ZMI4104_Project\ECA_ZMI4104C_main\eca_soleil_zmi4104_lib\eca_soleil_zmi4104c.h(215,31): message : see previous definition of 'SetSampTimerFreq'
C:\Users\guekam\source\repos\ECA_ZMI4104_Project\ECA_ZMI4104C_main\eca_soleil_zmi4104_lib\eca_soleil_zmi4104c.cpp(5517,51): warning C4273: 'SetHoldSampEnable': inconsistent dll linkage
C:\Users\guekam\source\repos\ECA_ZMI4104_Project\ECA_ZMI4104C_main\eca_soleil_zmi4104_lib\eca_soleil_zmi4104c.h(216,31): message : see previous definition of 'SetHoldSampEnable'
C:\Users\guekam\source\repos\ECA_ZMI4104_Project\ECA_ZMI4104C_main\eca_soleil_zmi4104_lib\eca_soleil_zmi4104c.cpp(5530,53): warning C4273: 'ResetHoldSampEnable': inconsistent dll linkage
C:\Users\guekam\source\repos\ECA_ZMI4104_Project\ECA_ZMI4104C_main\eca_soleil_zmi4104_lib\eca_soleil_zmi4104c.h(217,31): message : see previous definition of 'ResetHoldSampEnable'
C:\Users\guekam\source\repos\ECA_ZMI4104_Project\ECA_ZMI4104C_main\eca_soleil_zmi4104_lib\eca_soleil_zmi4104c.cpp(5552,67): warning C4273: 'enableSampling': inconsistent dll linkage
C:\Users\guekam\source\repos\ECA_ZMI4104_Project\ECA_ZMI4104C_main\eca_soleil_zmi4104_lib\eca_soleil_zmi4104c.h(218,31): message : see previous definition of 'enableSampling'
C:\Users\guekam\source\repos\ECA_ZMI4104_Project\ECA_ZMI4104C_main\eca_soleil_zmi4104_lib\eca_soleil_zmi4104c.cpp(5579,52): warning C4273: 'DisableSampleTimer': inconsistent dll linkage
C:\Users\guekam\source\repos\ECA_ZMI4104_Project\ECA_ZMI4104C_main\eca_soleil_zmi4104_lib\eca_soleil_zmi4104c.h(219,31): message : see previous definition of 'DisableSampleTimer'
C:\Users\guekam\source\repos\ECA_ZMI4104_Project\ECA_ZMI4104C_main\eca_soleil_zmi4104_lib\eca_soleil_zmi4104c.cpp(5584,71): warning C4273: 'GetVMEExtSampFlag': inconsistent dll linkage
C:\Users\guekam\source\repos\ECA_ZMI4104_Project\ECA_ZMI4104C_main\eca_soleil_zmi4104_lib\eca_soleil_zmi4104c.h(223,31): message : see previous definition of 'GetVMEExtSampFlag'
C:\Users\guekam\source\repos\ECA_ZMI4104_Project\ECA_ZMI4104C_main\eca_soleil_zmi4104_lib\eca_soleil_zmi4104c.cpp(5601,82): warning C4305: 'return': truncation from 'int' to 'bool'
C:\Users\guekam\source\repos\ECA_ZMI4104_Project\ECA_ZMI4104C_main\eca_soleil_zmi4104_lib\eca_soleil_zmi4104c.cpp(5610,82): warning C4305: 'return': truncation from 'int' to 'bool'
C:\Users\guekam\source\repos\ECA_ZMI4104_Project\ECA_ZMI4104C_main\eca_soleil_zmi4104_lib\eca_soleil_zmi4104c.cpp(5617,25): warning C4273: 'EEPROMread': inconsistent dll linkage
C:\Users\guekam\source\repos\ECA_ZMI4104_Project\ECA_ZMI4104C_main\eca_soleil_zmi4104_lib\eca_soleil_zmi4104c.h(285,31): message : see previous definition of 'EEPROMread'
C:\Users\guekam\source\repos\ECA_ZMI4104_Project\ECA_ZMI4104C_main\eca_soleil_zmi4104_lib\eca_soleil_zmi4104c.cpp(5686,29): warning C4273: 'Read_Write': inconsistent dll linkage
C:\Users\guekam\source\repos\ECA_ZMI4104_Project\ECA_ZMI4104C_main\eca_soleil_zmi4104_lib\eca_soleil_zmi4104c.h(183,31): message : see previous definition of 'Read_Write'
C:\Users\guekam\source\repos\ECA_ZMI4104_Project\ECA_ZMI4104C_main\eca_soleil_zmi4104_lib\eca_soleil_zmi4104c.cpp(5784,32): warning C4273: 'FATAL': inconsistent dll linkage
C:\Users\guekam\source\repos\ECA_ZMI4104_Project\ECA_ZMI4104C_main\eca_soleil_zmi4104_lib\eca_soleil_zmi4104c.h(184,31): message : see previous definition of 'FATAL'
C:\Users\guekam\source\repos\ECA_ZMI4104_Project\ECA_ZMI4104C_main\eca_soleil_zmi4104_lib\eca_soleil_zmi4104c.cpp(5806,32): warning C4273: 'WARN': inconsistent dll linkage
C:\Users\guekam\source\repos\ECA_ZMI4104_Project\ECA_ZMI4104C_main\eca_soleil_zmi4104_lib\eca_soleil_zmi4104c.h(185,31): message : see previous definition of 'WARN'
C:\Users\guekam\source\repos\ECA_ZMI4104_Project\ECA_ZMI4104C_main\eca_soleil_zmi4104_lib\eca_soleil_zmi4104c.cpp(5828,32): warning C4273: 'INFO': inconsistent dll linkage
C:\Users\guekam\source\repos\ECA_ZMI4104_Project\ECA_ZMI4104C_main\eca_soleil_zmi4104_lib\eca_soleil_zmi4104c.h(186,31): message : see previous definition of 'INFO'
     Creating library C:\Users\guekam\source\repos\ECA_ZMI4104_Project\ECA_ZMI4104C_main\eca_soleil_zmi4104_lib\Release\eca_soleil_zmi4104_lib.lib and object C:\Users\guekam\source\repos\ECA_ZMI4104_Project\ECA_ZMI4104C_main\eca_soleil_zmi4104_lib\Release\eca_soleil_zmi4104_lib.exp
  Generating code
  1 of 135 functions ( 0.7%) were compiled, the rest were copied from previous compilation.
    0 functions were new in current compilation
    0 functions had inline decision re-evaluated but remain unchanged
  Finished generating code
  eca_soleil_zmi4104_lib.vcxproj -> C:\Users\guekam\source\repos\ECA_ZMI4104_Project\ECA_ZMI4104C_main\eca_soleil_zmi4104_lib\Release\eca_soleil_zmi4104_lib.dll
